#
# There is insufficient memory for the Java Runtime Environment to continue.
# Native memory allocation (malloc) failed to allocate 1138096 bytes. Error detail: Chunk::new
# Possible reasons:
#   The system is out of physical RAM or swap space
#   This process is running with CompressedOops enabled, and the Java Heap may be blocking the growth of the native heap
# Possible solutions:
#   Reduce memory load on the system
#   Increase physical memory or swap space
#   Check if swap backing store is full
#   Decrease Java heap size (-Xmx/-Xms)
#   Decrease number of Java threads
#   Decrease Java thread stack sizes (-Xss)
#   Set larger code cache with -XX:ReservedCodeCacheSize=
#   JVM is running with Unscaled Compressed Oops mode in which the Java heap is
#     placed in the first 4GB address space. The Java Heap base address is the
#     maximum limit for the native heap growth. Please use -XX:HeapBaseMinAddress
#     to set the Java Heap base and to place the Java Heap above 4GB virtual address.
# This output file may be truncated or incomplete.
#
#  Out of Memory Error (arena.cpp:168), pid=43024, tid=40180
#
# JRE version: OpenJDK Runtime Environment Temurin-21.0.11+10 (21.0.11+10) (build 21.0.11+10-LTS)
# Java VM: OpenJDK 64-Bit Server VM Temurin-21.0.11+10 (21.0.11+10-LTS, mixed mode, sharing, tiered, compressed oops, compressed class ptrs, parallel gc, windows-amd64)
# No core dump will be written. Minidumps are not enabled by default on client versions of Windows
#

---------------  S U M M A R Y ------------

Command Line: --add-modules=ALL-SYSTEM --add-opens=java.base/java.util=ALL-UNNAMED --add-opens=java.base/java.lang=ALL-UNNAMED --add-opens=java.base/sun.nio.fs=ALL-UNNAMED -Declipse.application=org.eclipse.jdt.ls.core.id1 -Dosgi.bundles.defaultStartLevel=4 -Declipse.product=org.eclipse.jdt.ls.core.product -Djava.import.generatesMetadataFilesAtProjectRoot=false -DDetectVMInstallationsJob.disabled=true -Dfile.encoding=utf8 -XX:+UseParallelGC -XX:GCTimeRatio=4 -XX:AdaptiveSizePolicyWeight=90 -Dsun.zip.disableMemoryMapping=true -Xmx2G -Xms100m -Xlog:disable -javaagent:c:\Users\chara\.vscode\extensions\redhat.java-1.55.0-win32-x64\lombok\lombok-1.18.39-4050.jar -XX:+HeapDumpOnOutOfMemoryError -XX:HeapDumpPath=c:\Users\chara\AppData\Roaming\Code\User\workspaceStorage\a199417ad5ca6d0e7220fd05dc3a5e19\redhat.java -Daether.dependencyCollector.impl=bf c:\Users\chara\.vscode\extensions\redhat.java-1.55.0-win32-x64\server\plugins\org.eclipse.equinox.launcher_1.7.200.v20260619-2039.jar -configuration c:\Users\chara\AppData\Roaming\Code\User\globalStorage\redhat.java\1.55.0\config_win -data c:\Users\chara\AppData\Roaming\Code\User\workspaceStorage\a199417ad5ca6d0e7220fd05dc3a5e19\redhat.java\jdt_ws --pipe=\\.\pipe\lsp-b9ca8fd54cb769c95580eee9fa4ea7d1-sock

Host: 13th Gen Intel(R) Core(TM) i5-1335U, 12 cores, 15G,  Windows 11 , 64 bit Build 26100 (10.0.26100.8521)
Time: Sat Jun 27 17:49:19 2026 India Standard Time elapsed time: 46.560078 seconds (0d 0h 0m 46s)

---------------  T H R E A D  ---------------

Current thread (0x000002387798a520):  JavaThread "C2 CompilerThread0" daemon [_thread_in_native, id=40180, stack(0x000000f5e3c00000,0x000000f5e3d00000) (1024K)]


Current CompileTask:
C2:46560 5209       4       org.eclipse.osgi.internal.loader.BundleLoader::addExportedProvidersFor (167 bytes)

Stack: [0x000000f5e3c00000,0x000000f5e3d00000]
Native frames: (J=compiled Java code, j=interpreted, Vv=VM code, C=native code)
V  [jvm.dll+0x6d7e19]
V  [jvm.dll+0x8b5096]
V  [jvm.dll+0x8b764e]
V  [jvm.dll+0x8b7d33]
V  [jvm.dll+0x284596]
V  [jvm.dll+0xc685d]
V  [jvm.dll+0xc6da1]
V  [jvm.dll+0x3bed31]
V  [jvm.dll+0x38b2b2]
V  [jvm.dll+0x38a6fa]
V  [jvm.dll+0x24c700]
V  [jvm.dll+0x24bce0]
V  [jvm.dll+0x1cb4ae]
V  [jvm.dll+0x25baad]
V  [jvm.dll+0x25a03a]
V  [jvm.dll+0x3f868e]
V  [jvm.dll+0x85fb0d]
V  [jvm.dll+0x6d664d]
C  [ucrtbase.dll+0x2cd30]
C  [KERNEL32.DLL+0x2e957]
C  [ntdll.dll+0x87c1c]


---------------  P R O C E S S  ---------------

Threads class SMR info:
_java_thread_list=0x000002387e5903b0, length=26, elements={
0x000002385fc753e0, 0x000002385fd0ffa0, 0x000002385fd10970, 0x000002385fd19cb0,
0x000002385fd1a340, 0x000002385fd19620, 0x000002385fd1a9d0, 0x000002387798a520,
0x00000238779aafe0, 0x000002385fd17550, 0x000002385fd17be0, 0x000002387d5b8f10,
0x000002387d5b8880, 0x000002387d5b6e40, 0x000002387d5ba2c0, 0x000002387d5b95a0,
0x000002387d5b9c30, 0x000002387d5ba950, 0x000002387d5b7b60, 0x000002387d5b74d0,
0x000002387d5bafe0, 0x000002387db64430, 0x000002387d5bb670, 0x000002387d5b81f0,
0x000002387d5bd740, 0x000002387d5bbd00
}

Java Threads: ( => current thread )
  0x000002385fc753e0 JavaThread "main"                              [_thread_in_vm, id=31472, stack(0x000000f5e3200000,0x000000f5e3300000) (1024K)]
  0x000002385fd0ffa0 JavaThread "Reference Handler"          daemon [_thread_blocked, id=43412, stack(0x000000f5e3600000,0x000000f5e3700000) (1024K)]
  0x000002385fd10970 JavaThread "Finalizer"                  daemon [_thread_blocked, id=43424, stack(0x000000f5e3700000,0x000000f5e3800000) (1024K)]
  0x000002385fd19cb0 JavaThread "Signal Dispatcher"          daemon [_thread_blocked, id=43428, stack(0x000000f5e3800000,0x000000f5e3900000) (1024K)]
  0x000002385fd1a340 JavaThread "Attach Listener"            daemon [_thread_blocked, id=39328, stack(0x000000f5e3900000,0x000000f5e3a00000) (1024K)]
  0x000002385fd19620 JavaThread "Service Thread"             daemon [_thread_blocked, id=11128, stack(0x000000f5e3a00000,0x000000f5e3b00000) (1024K)]
  0x000002385fd1a9d0 JavaThread "Monitor Deflation Thread"   daemon [_thread_blocked, id=39788, stack(0x000000f5e3b00000,0x000000f5e3c00000) (1024K)]
=>0x000002387798a520 JavaThread "C2 CompilerThread0"         daemon [_thread_in_native, id=40180, stack(0x000000f5e3c00000,0x000000f5e3d00000) (1024K)]
  0x00000238779aafe0 JavaThread "C1 CompilerThread0"         daemon [_thread_blocked, id=16380, stack(0x000000f5e3d00000,0x000000f5e3e00000) (1024K)]
  0x000002385fd17550 JavaThread "Common-Cleaner"             daemon [_thread_blocked, id=4444, stack(0x000000f5e3f00000,0x000000f5e4000000) (1024K)]
  0x000002385fd17be0 JavaThread "Notification Thread"        daemon [_thread_blocked, id=37036, stack(0x000000f5e4000000,0x000000f5e4100000) (1024K)]
  0x000002387d5b8f10 JavaThread "Active Thread: Equinox Container: f166c221-1e58-48c7-91f7-6eff9a206061"        [_thread_blocked, id=20120, stack(0x000000f5e4c00000,0x000000f5e4d00000) (1024K)]
  0x000002387d5b8880 JavaThread "Framework Event Dispatcher: Equinox Container: f166c221-1e58-48c7-91f7-6eff9a206061" daemon [_thread_blocked, id=42568, stack(0x000000f5e3e00000,0x000000f5e3f00000) (1024K)]
  0x000002387d5b6e40 JavaThread "Start Level: Equinox Container: f166c221-1e58-48c7-91f7-6eff9a206061" daemon [_thread_blocked, id=43624, stack(0x000000f5e4700000,0x000000f5e4800000) (1024K)]
  0x000002387d5ba2c0 JavaThread "Bundle File Closer"         daemon [_thread_blocked, id=43676, stack(0x000000f5e4a00000,0x000000f5e4b00000) (1024K)]
  0x000002387d5b95a0 JavaThread "Refresh Thread: Equinox Container: f166c221-1e58-48c7-91f7-6eff9a206061" daemon [_thread_blocked, id=43712, stack(0x000000f5e4b00000,0x000000f5e4c00000) (1024K)]
  0x000002387d5b9c30 JavaThread "SCR Component Actor"        daemon [_thread_blocked, id=22260, stack(0x000000f5e4d00000,0x000000f5e4e00000) (1024K)]
  0x000002387d5ba950 JavaThread "Worker-JM"                         [_thread_blocked, id=18616, stack(0x000000f5e4e00000,0x000000f5e4f00000) (1024K)]
  0x000002387d5b7b60 JavaThread "JNA Cleaner"                daemon [_thread_blocked, id=33768, stack(0x000000f5e4900000,0x000000f5e4a00000) (1024K)]
  0x000002387d5b74d0 JavaThread "Worker-0: Repository registry initialization"        [_thread_blocked, id=35712, stack(0x000000f5e4f00000,0x000000f5e5000000) (1024K)]
  0x000002387d5bafe0 JavaThread "Worker-1: Updating Maven Dependencies"        [_thread_in_vm, id=28764, stack(0x000000f5e5000000,0x000000f5e5100000) (1024K)]
  0x000002387db64430 JavaThread "C2 CompilerThread1"         daemon [_thread_blocked, id=39924, stack(0x000000f5e5100000,0x000000f5e5200000) (1024K)]
  0x000002387d5bb670 JavaThread "Worker-2: Loading available Gradle versions"        [_thread_blocked, id=34208, stack(0x000000f5e5200000,0x000000f5e5300000) (1024K)]
  0x000002387d5b81f0 JavaThread "Java indexing"              daemon [_thread_blocked, id=27876, stack(0x000000f5e5400000,0x000000f5e5500000) (1024K)]
  0x000002387d5bd740 JavaThread "Worker-3: Initialize After Load"        [_thread_in_vm, id=34292, stack(0x000000f5e5500000,0x000000f5e5600000) (1024K)]
  0x000002387d5bbd00 JavaThread "Worker-4"                          [_thread_blocked, id=38936, stack(0x000000f5e5800000,0x000000f5e5900000) (1024K)]
Total: 26

Other Threads:
  0x000002385fc04540 VMThread "VM Thread"                           [id=43436, stack(0x000000f5e3500000,0x000000f5e3600000) (1024K)]
  0x000002385fafca00 WatcherThread "VM Periodic Task Thread"        [id=34124, stack(0x000000f5e3400000,0x000000f5e3500000) (1024K)]
  0x000002385fc92eb0 WorkerThread "GC Thread#0"                     [id=41272, stack(0x000000f5e3300000,0x000000f5e3400000) (1024K)]
  0x000002387d1c8180 WorkerThread "GC Thread#1"                     [id=43956, stack(0x000000f5e4100000,0x000000f5e4200000) (1024K)]
  0x000002387d2fd2d0 WorkerThread "GC Thread#2"                     [id=43916, stack(0x000000f5e4200000,0x000000f5e4300000) (1024K)]
  0x000002387d2fd680 WorkerThread "GC Thread#3"                     [id=43976, stack(0x000000f5e4300000,0x000000f5e4400000) (1024K)]
  0x000002387d1c8530 WorkerThread "GC Thread#4"                     [id=43972, stack(0x000000f5e4400000,0x000000f5e4500000) (1024K)]
  0x000002387d1c88e0 WorkerThread "GC Thread#5"                     [id=43980, stack(0x000000f5e4500000,0x000000f5e4600000) (1024K)]
  0x000002387d1c8c90 WorkerThread "GC Thread#6"                     [id=43984, stack(0x000000f5e4600000,0x000000f5e4700000) (1024K)]
  0x0000023877be1480 WorkerThread "GC Thread#7"                     [id=43692, stack(0x000000f5e4800000,0x000000f5e4900000) (1024K)]
  0x000002387e62b710 WorkerThread "GC Thread#8"                     [id=41292, stack(0x000000f5e5a00000,0x000000f5e5b00000) (1024K)]
  0x000002387e2b23c0 WorkerThread "GC Thread#9"                     [id=38644, stack(0x000000f5e5b00000,0x000000f5e5c00000) (1024K)]
Total: 12

Threads with active compile tasks:
C2 CompilerThread0  46630 5209       4       org.eclipse.osgi.internal.loader.BundleLoader::addExportedProvidersFor (167 bytes)
Total: 1

VM state: not at safepoint (normal execution)

VM Mutex/Monitor currently owned by a thread: None

Heap address: 0x0000000080000000, size: 2048 MB, Compressed Oops mode: 32-bit

CDS archive(s) mapped at: [0x0000023800000000-0x0000023800ba0000-0x0000023800ba0000), size 12189696, SharedBaseAddress: 0x0000023800000000, ArchiveRelocationMode: 1.
Compressed class space mapped at: 0x0000023801000000-0x0000023841000000, reserved size: 1073741824
Narrow klass base: 0x0000023800000000, Narrow klass shift: 0, Narrow klass range: 0x100000000

GC Precious Log:
 CardTable entry size: 512
 CPUs: 12 total, 12 available
 Memory: 16067M
 Large Page Support: Disabled
 NUMA Support: Disabled
 Compressed Oops: Enabled (32-bit)
 Alignments: Space 512K, Generation 512K, Heap 2M
 Heap Min Capacity: 100M
 Heap Initial Capacity: 100M
 Heap Max Capacity: 2G
 Pre-touch: Disabled
 Parallel Workers: 10

Heap:
 PSYoungGen      total 23040K, used 13031K [0x00000000d5580000, 0x00000000d7000000, 0x0000000100000000)
  eden space 22016K, 54% used [0x00000000d5580000,0x00000000d613e1e0,0x00000000d6b00000)
  from space 1024K, 98% used [0x00000000d6f00000,0x00000000d6ffbab0,0x00000000d7000000)
  to   space 2560K, 0% used [0x00000000d6b00000,0x00000000d6b00000,0x00000000d6d80000)
 ParOldGen       total 68608K, used 16769K [0x0000000080000000, 0x0000000084300000, 0x00000000d5580000)
  object space 68608K, 24% used [0x0000000080000000,0x0000000081060570,0x0000000084300000)
 Metaspace       used 34318K, committed 35392K, reserved 1114112K
  class space    used 3510K, committed 3968K, reserved 1048576K

Card table byte_map: [0x000002385f610000,0x000002385fa20000] _byte_map_base: 0x000002385f210000

Marking Bits: (ParMarkBitMap*) 0x00007fff6e844460
 Begin Bits: [0x0000023872120000, 0x0000023874120000)
 End Bits:   [0x0000023874120000, 0x0000023876120000)

Polling page: 0x000002385daa0000

Metaspace:

Usage:
  Non-class:     30.09 MB used.
      Class:      3.43 MB used.
       Both:     33.51 MB used.

Virtual space:
  Non-class space:       64.00 MB reserved,      30.69 MB ( 48%) committed,  1 nodes.
      Class space:        1.00 GB reserved,       3.88 MB ( <1%) committed,  1 nodes.
             Both:        1.06 GB reserved,      34.56 MB (  3%) committed. 

Chunk freelists:
   Non-Class:  1.11 MB
       Class:  11.95 MB
        Both:  13.06 MB

MaxMetaspaceSize: unlimited
CompressedClassSpaceSize: 1.00 GB
Initial GC threshold: 21.00 MB
Current GC threshold: 35.00 MB
CDS: on
 - commit_granule_bytes: 65536.
 - commit_granule_words: 8192.
 - virtual_space_node_default_size: 8388608.
 - enlarge_chunks_in_place: 1.
 - use_allocation_guard: 0.


Internal statistics:

num_allocs_failed_limit: 3.
num_arena_births: 742.
num_arena_deaths: 14.
num_vsnodes_births: 2.
num_vsnodes_deaths: 0.
num_space_committed: 553.
num_space_uncommitted: 0.
num_chunks_returned_to_freelist: 17.
num_chunks_taken_from_freelist: 2175.
num_chunk_merges: 7.
num_chunk_splits: 1390.
num_chunks_enlarged: 850.
num_inconsistent_stats: 0.

CodeHeap 'non-profiled nmethods': size=120000Kb used=2817Kb max_used=2817Kb free=117182Kb
 bounds [0x000002386a940000, 0x000002386ac10000, 0x0000023871e70000]
CodeHeap 'profiled nmethods': size=120000Kb used=11279Kb max_used=11279Kb free=108720Kb
 bounds [0x0000023862e70000, 0x0000023863980000, 0x000002386a3a0000]
CodeHeap 'non-nmethods': size=5760Kb used=1350Kb max_used=1398Kb free=4410Kb
 bounds [0x000002386a3a0000, 0x000002386a610000, 0x000002386a940000]
CodeCache: size=245760Kb, used=15446Kb, max_used=15494Kb, free=230312Kb
 total_blobs=5860, nmethods=5218, adapters=548, full_count=0
Compilation: enabled, stopped_count=0, restarted_count=0

Compilation events (20 events):
Event: 45.380 Thread 0x00000238779aafe0 5221       3       sun.invoke.util.VerifyAccess::isModuleAccessible (97 bytes)
Event: 45.381 Thread 0x000002387db658a0 nmethod 5094 0x000002386abf1e10 code [0x000002386abf23a0, 0x000002386abf6008]
Event: 45.381 Thread 0x00000238779aafe0 nmethod 5221 0x000002386396e610 code [0x000002386396e8e0, 0x000002386396f550]
Event: 45.384 Thread 0x000002387db658a0 5217       4       org.eclipse.osgi.internal.framework.EquinoxBundle::getVersion (11 bytes)
Event: 45.388 Thread 0x000002387db658a0 nmethod 5217 0x000002386abf9590 code [0x000002386abf9760, 0x000002386abf9b20]
Event: 45.388 Thread 0x000002387db658a0 5207       4       java.util.ImmutableCollections$List12::get (35 bytes)
Event: 45.388 Thread 0x000002387db658a0 nmethod 5207 0x000002386abf9e10 code [0x000002386abf9fa0, 0x000002386abfa078]
Event: 45.388 Thread 0x000002387db658a0 5208       4       java.lang.invoke.BoundMethodHandle::<init> (32 bytes)
Event: 45.391 Thread 0x000002387db658a0 nmethod 5208 0x000002386abfa110 code [0x000002386abfa2c0, 0x000002386abfa480]
Event: 45.392 Thread 0x00000238779aafe0 5222       3       org.objectweb.asm.ClassReader::readUnsignedShort (26 bytes)
Event: 45.392 Thread 0x00000238779aafe0 nmethod 5222 0x000002386396fa10 code [0x000002386396fbc0, 0x000002386396fd30]
Event: 45.446 Thread 0x00000238779aafe0 5223       3       jdk.internal.org.objectweb.asm.SymbolTable::put (150 bytes)
Event: 45.447 Thread 0x00000238779aafe0 nmethod 5223 0x000002386396fe10 code [0x0000023863970000, 0x0000023863970710]
Event: 45.447 Thread 0x00000238779aafe0 5224       3       jdk.internal.org.objectweb.asm.Frame::putAbstractType (379 bytes)
Event: 45.449 Thread 0x00000238779aafe0 nmethod 5224 0x0000023863970a10 code [0x0000023863970e60, 0x00000238639725c8]
Event: 45.453 Thread 0x000002387db658a0 5225       4       java.util.concurrent.locks.ReentrantLock$Sync::isHeldExclusively (16 bytes)
Event: 45.453 Thread 0x000002387db658a0 nmethod 5225 0x000002386abfa690 code [0x000002386abfa820, 0x000002386abfa8c8]
Event: 45.510 Thread 0x00000238779aafe0 5226  s    3       java.io.ByteArrayOutputStream::toByteArray (12 bytes)
Event: 45.510 Thread 0x00000238779aafe0 nmethod 5226 0x0000023863973010 code [0x00000238639731c0, 0x00000238639733d0]
Event: 46.536 Thread 0x000002387db64430 nmethod 5216 0x000002386abfa990 code [0x000002386abfade0, 0x000002386abfe568]

GC Heap History (20 events):
Event: 40.601 GC heap before
{Heap before GC invocations=6 (full 0):
 PSYoungGen      total 29184K, used 29153K [0x00000000d5580000, 0x00000000d7a00000, 0x0000000100000000)
  eden space 25088K, 100% used [0x00000000d5580000,0x00000000d6e00000,0x00000000d6e00000)
  from space 4096K, 99% used [0x00000000d6e80000,0x00000000d72787f0,0x00000000d7280000)
  to   space 6144K, 0% used [0x00000000d7400000,0x00000000d7400000,0x00000000d7a00000)
 ParOldGen       total 68608K, used 8107K [0x0000000080000000, 0x0000000084300000, 0x00000000d5580000)
  object space 68608K, 11% used [0x0000000080000000,0x00000000807eadb8,0x0000000084300000)
 Metaspace       used 14040K, committed 14464K, reserved 1114112K
  class space    used 1427K, committed 1600K, reserved 1048576K
}
Event: 40.606 GC heap after
{Heap after GC invocations=6 (full 0):
 PSYoungGen      total 29696K, used 5041K [0x00000000d5580000, 0x00000000d7900000, 0x0000000100000000)
  eden space 24576K, 0% used [0x00000000d5580000,0x00000000d5580000,0x00000000d6d80000)
  from space 5120K, 98% used [0x00000000d7400000,0x00000000d78ec6e8,0x00000000d7900000)
  to   space 5632K, 0% used [0x00000000d6e00000,0x00000000d6e00000,0x00000000d7380000)
 ParOldGen       total 68608K, used 8179K [0x0000000080000000, 0x0000000084300000, 0x00000000d5580000)
  object space 68608K, 11% used [0x0000000080000000,0x00000000807fcdc8,0x0000000084300000)
 Metaspace       used 14040K, committed 14464K, reserved 1114112K
  class space    used 1427K, committed 1600K, reserved 1048576K
}
Event: 41.714 GC heap before
{Heap before GC invocations=7 (full 0):
 PSYoungGen      total 29696K, used 29617K [0x00000000d5580000, 0x00000000d7900000, 0x0000000100000000)
  eden space 24576K, 100% used [0x00000000d5580000,0x00000000d6d80000,0x00000000d6d80000)
  from space 5120K, 98% used [0x00000000d7400000,0x00000000d78ec6e8,0x00000000d7900000)
  to   space 5632K, 0% used [0x00000000d6e00000,0x00000000d6e00000,0x00000000d7380000)
 ParOldGen       total 68608K, used 8179K [0x0000000080000000, 0x0000000084300000, 0x00000000d5580000)
  object space 68608K, 11% used [0x0000000080000000,0x00000000807fcdc8,0x0000000084300000)
 Metaspace       used 17973K, committed 18560K, reserved 1114112K
  class space    used 1829K, committed 2048K, reserved 1048576K
}
Event: 41.720 GC heap after
{Heap after GC invocations=7 (full 0):
 PSYoungGen      total 29696K, used 5190K [0x00000000d5580000, 0x00000000d7800000, 0x0000000100000000)
  eden space 24064K, 0% used [0x00000000d5580000,0x00000000d5580000,0x00000000d6d00000)
  from space 5632K, 92% used [0x00000000d6e00000,0x00000000d7311b78,0x00000000d7380000)
  to   space 4608K, 0% used [0x00000000d7380000,0x00000000d7380000,0x00000000d7800000)
 ParOldGen       total 68608K, used 9223K [0x0000000080000000, 0x0000000084300000, 0x00000000d5580000)
  object space 68608K, 13% used [0x0000000080000000,0x0000000080901e50,0x0000000084300000)
 Metaspace       used 17973K, committed 18560K, reserved 1114112K
  class space    used 1829K, committed 2048K, reserved 1048576K
}
Event: 42.194 GC heap before
{Heap before GC invocations=8 (full 0):
 PSYoungGen      total 29696K, used 29254K [0x00000000d5580000, 0x00000000d7800000, 0x0000000100000000)
  eden space 24064K, 100% used [0x00000000d5580000,0x00000000d6d00000,0x00000000d6d00000)
  from space 5632K, 92% used [0x00000000d6e00000,0x00000000d7311b78,0x00000000d7380000)
  to   space 4608K, 0% used [0x00000000d7380000,0x00000000d7380000,0x00000000d7800000)
 ParOldGen       total 68608K, used 9223K [0x0000000080000000, 0x0000000084300000, 0x00000000d5580000)
  object space 68608K, 13% used [0x0000000080000000,0x0000000080901e50,0x0000000084300000)
 Metaspace       used 20186K, committed 21056K, reserved 1114112K
  class space    used 2075K, committed 2432K, reserved 1048576K
}
Event: 42.198 GC heap after
{Heap after GC invocations=8 (full 0):
 PSYoungGen      total 28160K, used 4581K [0x00000000d5580000, 0x00000000d7800000, 0x0000000100000000)
  eden space 23552K, 0% used [0x00000000d5580000,0x00000000d5580000,0x00000000d6c80000)
  from space 4608K, 99% used [0x00000000d7380000,0x00000000d77f9520,0x00000000d7800000)
  to   space 5632K, 0% used [0x00000000d6d00000,0x00000000d6d00000,0x00000000d7280000)
 ParOldGen       total 68608K, used 9801K [0x0000000080000000, 0x0000000084300000, 0x00000000d5580000)
  object space 68608K, 14% used [0x0000000080000000,0x0000000080992550,0x0000000084300000)
 Metaspace       used 20186K, committed 21056K, reserved 1114112K
  class space    used 2075K, committed 2432K, reserved 1048576K
}
Event: 42.376 GC heap before
{Heap before GC invocations=9 (full 0):
 PSYoungGen      total 28160K, used 9723K [0x00000000d5580000, 0x00000000d7800000, 0x0000000100000000)
  eden space 23552K, 21% used [0x00000000d5580000,0x00000000d5a85740,0x00000000d6c80000)
  from space 4608K, 99% used [0x00000000d7380000,0x00000000d77f9520,0x00000000d7800000)
  to   space 5632K, 0% used [0x00000000d6d00000,0x00000000d6d00000,0x00000000d7280000)
 ParOldGen       total 68608K, used 9801K [0x0000000080000000, 0x0000000084300000, 0x00000000d5580000)
  object space 68608K, 14% used [0x0000000080000000,0x0000000080992550,0x0000000084300000)
 Metaspace       used 20657K, committed 21504K, reserved 1114112K
  class space    used 2128K, committed 2496K, reserved 1048576K
}
Event: 42.381 GC heap after
{Heap after GC invocations=9 (full 0):
 PSYoungGen      total 27136K, used 3078K [0x00000000d5580000, 0x00000000d7480000, 0x0000000100000000)
  eden space 23552K, 0% used [0x00000000d5580000,0x00000000d5580000,0x00000000d6c80000)
  from space 3584K, 85% used [0x00000000d6d00000,0x00000000d7001b70,0x00000000d7080000)
  to   space 4096K, 0% used [0x00000000d7080000,0x00000000d7080000,0x00000000d7480000)
 ParOldGen       total 68608K, used 11697K [0x0000000080000000, 0x0000000084300000, 0x00000000d5580000)
  object space 68608K, 17% used [0x0000000080000000,0x0000000080b6c4e8,0x0000000084300000)
 Metaspace       used 20657K, committed 21504K, reserved 1114112K
  class space    used 2128K, committed 2496K, reserved 1048576K
}
Event: 42.381 GC heap before
{Heap before GC invocations=10 (full 1):
 PSYoungGen      total 27136K, used 3078K [0x00000000d5580000, 0x00000000d7480000, 0x0000000100000000)
  eden space 23552K, 0% used [0x00000000d5580000,0x00000000d5580000,0x00000000d6c80000)
  from space 3584K, 85% used [0x00000000d6d00000,0x00000000d7001b70,0x00000000d7080000)
  to   space 4096K, 0% used [0x00000000d7080000,0x00000000d7080000,0x00000000d7480000)
 ParOldGen       total 68608K, used 11697K [0x0000000080000000, 0x0000000084300000, 0x00000000d5580000)
  object space 68608K, 17% used [0x0000000080000000,0x0000000080b6c4e8,0x0000000084300000)
 Metaspace       used 20657K, committed 21504K, reserved 1114112K
  class space    used 2128K, committed 2496K, reserved 1048576K
}
Event: 42.427 GC heap after
{Heap after GC invocations=10 (full 1):
 PSYoungGen      total 27136K, used 0K [0x00000000d5580000, 0x00000000d7480000, 0x0000000100000000)
  eden space 23552K, 0% used [0x00000000d5580000,0x00000000d5580000,0x00000000d6c80000)
  from space 3584K, 0% used [0x00000000d6d00000,0x00000000d6d00000,0x00000000d7080000)
  to   space 4096K, 0% used [0x00000000d7080000,0x00000000d7080000,0x00000000d7480000)
 ParOldGen       total 68608K, used 12790K [0x0000000080000000, 0x0000000084300000, 0x00000000d5580000)
  object space 68608K, 18% used [0x0000000080000000,0x0000000080c7d890,0x0000000084300000)
 Metaspace       used 20645K, committed 21504K, reserved 1114112K
  class space    used 2125K, committed 2496K, reserved 1048576K
}
Event: 43.288 GC heap before
{Heap before GC invocations=11 (full 1):
 PSYoungGen      total 27136K, used 23552K [0x00000000d5580000, 0x00000000d7480000, 0x0000000100000000)
  eden space 23552K, 100% used [0x00000000d5580000,0x00000000d6c80000,0x00000000d6c80000)
  from space 3584K, 0% used [0x00000000d6d00000,0x00000000d6d00000,0x00000000d7080000)
  to   space 4096K, 0% used [0x00000000d7080000,0x00000000d7080000,0x00000000d7480000)
 ParOldGen       total 68608K, used 12790K [0x0000000080000000, 0x0000000084300000, 0x00000000d5580000)
  object space 68608K, 18% used [0x0000000080000000,0x0000000080c7d890,0x0000000084300000)
 Metaspace       used 22827K, committed 23744K, reserved 1114112K
  class space    used 2333K, committed 2688K, reserved 1048576K
}
Event: 43.290 GC heap after
{Heap after GC invocations=11 (full 1):
 PSYoungGen      total 26112K, used 2676K [0x00000000d5580000, 0x00000000d7380000, 0x0000000100000000)
  eden space 23040K, 0% used [0x00000000d5580000,0x00000000d5580000,0x00000000d6c00000)
  from space 3072K, 87% used [0x00000000d7080000,0x00000000d731d378,0x00000000d7380000)
  to   space 3072K, 0% used [0x00000000d6d80000,0x00000000d6d80000,0x00000000d7080000)
 ParOldGen       total 68608K, used 12798K [0x0000000080000000, 0x0000000084300000, 0x00000000d5580000)
  object space 68608K, 18% used [0x0000000080000000,0x0000000080c7f890,0x0000000084300000)
 Metaspace       used 22827K, committed 23744K, reserved 1114112K
  class space    used 2333K, committed 2688K, reserved 1048576K
}
Event: 43.812 GC heap before
{Heap before GC invocations=12 (full 1):
 PSYoungGen      total 26112K, used 25716K [0x00000000d5580000, 0x00000000d7380000, 0x0000000100000000)
  eden space 23040K, 100% used [0x00000000d5580000,0x00000000d6c00000,0x00000000d6c00000)
  from space 3072K, 87% used [0x00000000d7080000,0x00000000d731d378,0x00000000d7380000)
  to   space 3072K, 0% used [0x00000000d6d80000,0x00000000d6d80000,0x00000000d7080000)
 ParOldGen       total 68608K, used 12798K [0x0000000080000000, 0x0000000084300000, 0x00000000d5580000)
  object space 68608K, 18% used [0x0000000080000000,0x0000000080c7f890,0x0000000084300000)
 Metaspace       used 26129K, committed 27008K, reserved 1114112K
  class space    used 2577K, committed 2944K, reserved 1048576K
}
Event: 43.815 GC heap after
{Heap after GC invocations=12 (full 1):
 PSYoungGen      total 24576K, used 1951K [0x00000000d5580000, 0x00000000d7100000, 0x0000000100000000)
  eden space 22528K, 0% used [0x00000000d5580000,0x00000000d5580000,0x00000000d6b80000)
  from space 2048K, 95% used [0x00000000d6d80000,0x00000000d6f67d18,0x00000000d6f80000)
  to   space 1536K, 0% used [0x00000000d6f80000,0x00000000d6f80000,0x00000000d7100000)
 ParOldGen       total 68608K, used 13530K [0x0000000080000000, 0x0000000084300000, 0x00000000d5580000)
  object space 68608K, 19% used [0x0000000080000000,0x0000000080d36ab0,0x0000000084300000)
 Metaspace       used 26129K, committed 27008K, reserved 1114112K
  class space    used 2577K, committed 2944K, reserved 1048576K
}
Event: 44.105 GC heap before
{Heap before GC invocations=13 (full 1):
 PSYoungGen      total 24576K, used 24479K [0x00000000d5580000, 0x00000000d7100000, 0x0000000100000000)
  eden space 22528K, 100% used [0x00000000d5580000,0x00000000d6b80000,0x00000000d6b80000)
  from space 2048K, 95% used [0x00000000d6d80000,0x00000000d6f67d18,0x00000000d6f80000)
  to   space 1536K, 0% used [0x00000000d6f80000,0x00000000d6f80000,0x00000000d7100000)
 ParOldGen       total 68608K, used 13530K [0x0000000080000000, 0x0000000084300000, 0x00000000d5580000)
  object space 68608K, 19% used [0x0000000080000000,0x0000000080d36ab0,0x0000000084300000)
 Metaspace       used 27815K, committed 28672K, reserved 1114112K
  class space    used 2702K, committed 3072K, reserved 1048576K
}
Event: 44.107 GC heap after
{Heap after GC invocations=13 (full 1):
 PSYoungGen      total 23040K, used 903K [0x00000000d5580000, 0x00000000d7080000, 0x0000000100000000)
  eden space 22016K, 0% used [0x00000000d5580000,0x00000000d5580000,0x00000000d6b00000)
  from space 1024K, 88% used [0x00000000d6f80000,0x00000000d7061fd0,0x00000000d7080000)
  to   space 1536K, 0% used [0x00000000d6d80000,0x00000000d6d80000,0x00000000d6f00000)
 ParOldGen       total 68608K, used 15287K [0x0000000080000000, 0x0000000084300000, 0x00000000d5580000)
  object space 68608K, 22% used [0x0000000080000000,0x0000000080eedf10,0x0000000084300000)
 Metaspace       used 27815K, committed 28672K, reserved 1114112K
  class space    used 2702K, committed 3072K, reserved 1048576K
}
Event: 44.458 GC heap before
{Heap before GC invocations=14 (full 1):
 PSYoungGen      total 23040K, used 22919K [0x00000000d5580000, 0x00000000d7080000, 0x0000000100000000)
  eden space 22016K, 100% used [0x00000000d5580000,0x00000000d6b00000,0x00000000d6b00000)
  from space 1024K, 88% used [0x00000000d6f80000,0x00000000d7061fd0,0x00000000d7080000)
  to   space 1536K, 0% used [0x00000000d6d80000,0x00000000d6d80000,0x00000000d6f00000)
 ParOldGen       total 68608K, used 15287K [0x0000000080000000, 0x0000000084300000, 0x00000000d5580000)
  object space 68608K, 22% used [0x0000000080000000,0x0000000080eedf10,0x0000000084300000)
 Metaspace       used 30770K, committed 31744K, reserved 1114112K
  class space    used 3053K, committed 3456K, reserved 1048576K
}
Event: 44.461 GC heap after
{Heap after GC invocations=14 (full 1):
 PSYoungGen      total 23552K, used 1202K [0x00000000d5580000, 0x00000000d7000000, 0x0000000100000000)
  eden space 22016K, 0% used [0x00000000d5580000,0x00000000d5580000,0x00000000d6b00000)
  from space 1536K, 78% used [0x00000000d6d80000,0x00000000d6eac8a8,0x00000000d6f00000)
  to   space 1024K, 0% used [0x00000000d6f00000,0x00000000d6f00000,0x00000000d7000000)
 ParOldGen       total 68608K, used 15684K [0x0000000080000000, 0x0000000084300000, 0x00000000d5580000)
  object space 68608K, 22% used [0x0000000080000000,0x0000000080f51040,0x0000000084300000)
 Metaspace       used 30770K, committed 31744K, reserved 1114112K
  class space    used 3053K, committed 3456K, reserved 1048576K
}
Event: 45.002 GC heap before
{Heap before GC invocations=15 (full 1):
 PSYoungGen      total 23552K, used 23218K [0x00000000d5580000, 0x00000000d7000000, 0x0000000100000000)
  eden space 22016K, 100% used [0x00000000d5580000,0x00000000d6b00000,0x00000000d6b00000)
  from space 1536K, 78% used [0x00000000d6d80000,0x00000000d6eac8a8,0x00000000d6f00000)
  to   space 1024K, 0% used [0x00000000d6f00000,0x00000000d6f00000,0x00000000d7000000)
 ParOldGen       total 68608K, used 15684K [0x0000000080000000, 0x0000000084300000, 0x00000000d5580000)
  object space 68608K, 22% used [0x0000000080000000,0x0000000080f51040,0x0000000084300000)
 Metaspace       used 33224K, committed 34176K, reserved 1114112K
  class space    used 3374K, committed 3776K, reserved 1048576K
}
Event: 45.004 GC heap after
{Heap after GC invocations=15 (full 1):
 PSYoungGen      total 23040K, used 1006K [0x00000000d5580000, 0x00000000d7000000, 0x0000000100000000)
  eden space 22016K, 0% used [0x00000000d5580000,0x00000000d5580000,0x00000000d6b00000)
  from space 1024K, 98% used [0x00000000d6f00000,0x00000000d6ffbab0,0x00000000d7000000)
  to   space 2560K, 0% used [0x00000000d6b00000,0x00000000d6b00000,0x00000000d6d80000)
 ParOldGen       total 68608K, used 16769K [0x0000000080000000, 0x0000000084300000, 0x00000000d5580000)
  object space 68608K, 24% used [0x0000000080000000,0x0000000081060570,0x0000000084300000)
 Metaspace       used 33224K, committed 34176K, reserved 1114112K
  class space    used 3374K, committed 3776K, reserved 1048576K
}

Dll operation events (10 events):
Event: 0.244 Loaded shared library c:\Users\chara\.vscode\extensions\redhat.java-1.55.0-win32-x64\jre\21.0.11-win32-x86_64\bin\java.dll
Event: 0.445 Loaded shared library c:\Users\chara\.vscode\extensions\redhat.java-1.55.0-win32-x64\jre\21.0.11-win32-x86_64\bin\zip.dll
Event: 0.483 Loaded shared library C:\Users\chara\.vscode\extensions\redhat.java-1.55.0-win32-x64\jre\21.0.11-win32-x86_64\bin\instrument.dll
Event: 0.537 Loaded shared library C:\Users\chara\.vscode\extensions\redhat.java-1.55.0-win32-x64\jre\21.0.11-win32-x86_64\bin\net.dll
Event: 0.590 Loaded shared library C:\Users\chara\.vscode\extensions\redhat.java-1.55.0-win32-x64\jre\21.0.11-win32-x86_64\bin\nio.dll
Event: 0.594 Loaded shared library C:\Users\chara\.vscode\extensions\redhat.java-1.55.0-win32-x64\jre\21.0.11-win32-x86_64\bin\zip.dll
Event: 0.628 Loaded shared library C:\Users\chara\.vscode\extensions\redhat.java-1.55.0-win32-x64\jre\21.0.11-win32-x86_64\bin\jimage.dll
Event: 0.769 Loaded shared library c:\Users\chara\.vscode\extensions\redhat.java-1.55.0-win32-x64\jre\21.0.11-win32-x86_64\bin\verify.dll
Event: 23.126 Loaded shared library C:\Users\chara\AppData\Roaming\Code\User\globalStorage\redhat.java\1.55.0\config_win\org.eclipse.equinox.launcher\org.eclipse.equinox.launcher.win32.win32.x86_64_1.3.100.v20260613-0559\eclipse_11924.dll
Event: 41.603 Loaded shared library C:\Users\chara\AppData\Local\Temp\jna-94623691\jna1620136138646131137.dll

Deoptimization events (20 events):
Event: 45.291 Thread 0x000002387d5bd740 DEOPT PACKING pc=0x000002386ab370e4 sp=0x000000f5e55fddc0
Event: 45.291 Thread 0x000002385fc753e0 Uncommon trap: trap_request=0xffffff45 fr.pc=0x000002386ab370e4 relative=0x00000000000000c4
Event: 45.291 Thread 0x000002385fc753e0 Uncommon trap: reason=unstable_if action=reinterpret pc=0x000002386ab370e4 method=java.util.concurrent.locks.ReentrantReadWriteLock$Sync.tryReleaseShared(I)Z @ 9 c2
Event: 45.291 Thread 0x000002387d5bd740 DEOPT UNPACKING pc=0x000002386a3f3aa2 sp=0x000000f5e55fdd40 mode 2
Event: 45.291 Thread 0x000002385fc753e0 DEOPT PACKING pc=0x000002386ab370e4 sp=0x000000f5e32fa220
Event: 45.291 Thread 0x000002385fc753e0 DEOPT UNPACKING pc=0x000002386a3f3aa2 sp=0x000000f5e32fa1a0 mode 2
Event: 45.291 Thread 0x000002387d5bd740 Uncommon trap: trap_request=0xffffff45 fr.pc=0x000002386ab38c98 relative=0x0000000000000178
Event: 45.291 Thread 0x000002387d5bd740 Uncommon trap: reason=unstable_if action=reinterpret pc=0x000002386ab38c98 method=java.util.concurrent.locks.ReentrantReadWriteLock$Sync.tryAcquireShared(I)I @ 81 c2
Event: 45.291 Thread 0x000002387d5bd740 DEOPT PACKING pc=0x000002386ab38c98 sp=0x000000f5e55fdd60
Event: 45.291 Thread 0x000002387d5bd740 DEOPT UNPACKING pc=0x000002386a3f3aa2 sp=0x000000f5e55fdce8 mode 2
Event: 45.329 Thread 0x000002387d5bd740 Uncommon trap: trap_request=0xffffff45 fr.pc=0x000002386abb5cfc relative=0x0000000000005c3c
Event: 45.329 Thread 0x000002387d5bd740 Uncommon trap: reason=unstable_if action=reinterpret pc=0x000002386abb5cfc method=java.util.WeakHashMap.remove(Ljava/lang/Object;)Ljava/lang/Object; @ 92 c2
Event: 45.329 Thread 0x000002387d5bd740 DEOPT PACKING pc=0x000002386abb5cfc sp=0x000000f5e55fdff0
Event: 45.329 Thread 0x000002387d5bd740 DEOPT UNPACKING pc=0x000002386a3f3aa2 sp=0x000000f5e55fdcc0 mode 2
Event: 45.343 Thread 0x000002385fc753e0 DEOPT PACKING pc=0x00000238638d56b5 sp=0x000000f5e32f8470
Event: 45.343 Thread 0x000002385fc753e0 DEOPT UNPACKING pc=0x000002386a3f4242 sp=0x000000f5e32f7980 mode 0
Event: 45.503 Thread 0x000002387d5bd740 Uncommon trap: trap_request=0xfffffff4 fr.pc=0x000002386ab93074 relative=0x0000000000001274
Event: 45.503 Thread 0x000002387d5bd740 Uncommon trap: reason=null_check action=make_not_entrant pc=0x000002386ab93074 method=org.apache.aries.spifly.BaseActivator.getWeavingData(Lorg/osgi/framework/Bundle;)Ljava/util/Set; @ 10 c2
Event: 45.503 Thread 0x000002387d5bd740 DEOPT PACKING pc=0x000002386ab93074 sp=0x000000f5e55fda20
Event: 45.503 Thread 0x000002387d5bd740 DEOPT UNPACKING pc=0x000002386a3f3aa2 sp=0x000000f5e55fd7f8 mode 2

Classes loaded (20 events):
Event: 45.438 Loading class javax/net/ssl/HttpsURLConnection done
Event: 45.438 Loading class sun/net/www/protocol/https/HttpsURLConnectionImpl done
Event: 45.439 Loading class javax/net/ssl/HttpsURLConnection$DefaultHostnameVerifier
Event: 45.439 Loading class javax/net/ssl/HostnameVerifier
Event: 45.439 Loading class javax/net/ssl/HostnameVerifier done
Event: 45.439 Loading class javax/net/ssl/HttpsURLConnection$DefaultHostnameVerifier done
Event: 45.447 Loading class javax/net/ssl/SSLSocketFactory
Event: 45.448 Loading class javax/net/SocketFactory
Event: 45.452 Loading class javax/net/SocketFactory done
Event: 45.452 Loading class javax/net/ssl/SSLSocketFactory done
Event: 45.452 Loading class javax/net/ssl/SSLSocketFactory$DefaultFactoryHolder
Event: 45.452 Loading class javax/net/ssl/SSLSocketFactory$DefaultFactoryHolder done
Event: 45.453 Loading class javax/net/ssl/SSLContext
Event: 45.491 Loading class javax/net/ssl/SSLContext done
Event: 45.492 Loading class javax/net/ssl/SSLContextSpi
Event: 45.492 Loading class javax/net/ssl/SSLContextSpi done
Event: 45.492 Loading class sun/security/jca/ProviderConfig$3
Event: 45.492 Loading class sun/security/jca/ProviderConfig$3 done
Event: 45.493 Loading class sun/security/jca/ProviderConfig$ProviderLoader
Event: 45.493 Loading class sun/security/jca/ProviderConfig$ProviderLoader done

Classes unloaded (7 events):
Event: 42.389 Thread 0x000002385fc04540 Unloading class 0x00000238011b5000 'java/lang/invoke/LambdaForm$MH+0x00000238011b5000'
Event: 42.389 Thread 0x000002385fc04540 Unloading class 0x00000238011b4c00 'java/lang/invoke/LambdaForm$MH+0x00000238011b4c00'
Event: 42.389 Thread 0x000002385fc04540 Unloading class 0x00000238011b4800 'java/lang/invoke/LambdaForm$MH+0x00000238011b4800'
Event: 42.389 Thread 0x000002385fc04540 Unloading class 0x00000238011b4400 'java/lang/invoke/LambdaForm$MH+0x00000238011b4400'
Event: 42.389 Thread 0x000002385fc04540 Unloading class 0x00000238011b4000 'java/lang/invoke/LambdaForm$BMH+0x00000238011b4000'
Event: 42.389 Thread 0x000002385fc04540 Unloading class 0x00000238011b3c00 'java/lang/invoke/LambdaForm$DMH+0x00000238011b3c00'
Event: 42.389 Thread 0x000002385fc04540 Unloading class 0x00000238011b2800 'java/lang/invoke/LambdaForm$DMH+0x00000238011b2800'

Classes redefined (0 events):
No events

Internal exceptions (20 events):
Event: 44.085 Thread 0x000002387d5bafe0 Exception <a 'java/lang/NoSuchMethodError'{0x00000000d68d6060}: 'int java.lang.invoke.DirectMethodHandle$Holder.invokeStaticInit(java.lang.Object, double, double)'> (0x00000000d68d6060) 
thrown [s\src\hotspot\share\interpreter\linkResolver.cpp, line 773]
Event: 44.086 Thread 0x000002387d5bafe0 Exception <a 'java/lang/NoSuchMethodError'{0x00000000d68da840}: 'int java.lang.invoke.DirectMethodHandle$Holder.invokeStatic(java.lang.Object, long)'> (0x00000000d68da840) 
thrown [s\src\hotspot\share\interpreter\linkResolver.cpp, line 773]
Event: 44.089 Thread 0x000002387d5bafe0 Exception <a 'java/lang/NoSuchMethodError'{0x00000000d68ec0e0}: 'int java.lang.invoke.DirectMethodHandle$Holder.invokeSpecial(java.lang.Object, java.lang.Object, int, int)'> (0x00000000d68ec0e0) 
thrown [s\src\hotspot\share\interpreter\linkResolver.cpp, line 773]
Event: 44.091 Thread 0x000002387d5bafe0 Exception <a 'java/lang/NoSuchMethodError'{0x00000000d68fa118}: 'int java.lang.invoke.Invokers$Holder.linkToTargetMethod(java.lang.Object, java.lang.Object)'> (0x00000000d68fa118) 
thrown [s\src\hotspot\share\interpreter\linkResolver.cpp, line 773]
Event: 44.091 Thread 0x000002387d5bafe0 Implicit null exception at 0x000002386aa9733d to 0x000002386aa973b2
Event: 44.133 Thread 0x000002387d5b74d0 Exception <a 'java/lang/NoSuchMethodError'{0x00000000d583cf78}: 'int java.lang.invoke.DirectMethodHandle$Holder.invokeSpecial(java.lang.Object, java.lang.Object, java.lang.Object, java.lang.Object)'> (0x00000000d583cf78) 
thrown [s\src\hotspot\share\interpreter\linkResolver.cpp, line 773]
Event: 44.135 Thread 0x000002387d5b74d0 Exception <a 'java/lang/NoSuchMethodError'{0x00000000d5862868}: 'java.lang.Object java.lang.invoke.DirectMethodHandle$Holder.invokeStatic(java.lang.Object, int, java.lang.Object, java.lang.Object)'> (0x00000000d5862868) 
thrown [s\src\hotspot\share\interpreter\linkResolver.cpp, line 773]
Event: 44.136 Thread 0x000002387d5b74d0 Exception <a 'java/lang/NoSuchMethodError'{0x00000000d586e078}: 'java.lang.Object java.lang.invoke.DelegatingMethodHandle$Holder.delegate(java.lang.Object, int, java.lang.Object, java.lang.Object)'> (0x00000000d586e078) 
thrown [s\src\hotspot\share\interpreter\linkResolver.cpp, line 773]
Event: 44.139 Thread 0x000002387d5b74d0 Exception <a 'java/lang/NoSuchMethodError'{0x00000000d58a1fd0}: 'int java.lang.invoke.Invokers$Holder.linkToTargetMethod(java.lang.Object, java.lang.Object, java.lang.Object)'> (0x00000000d58a1fd0) 
thrown [s\src\hotspot\share\interpreter\linkResolver.cpp, line 773]
Event: 44.143 Thread 0x000002387d5bafe0 Exception <a 'java/lang/NoSuchMethodError'{0x00000000d58b4040}: 'java.lang.Object java.lang.invoke.DirectMethodHandle$Holder.invokeSpecialIFC(java.lang.Object, java.lang.Object, java.lang.Object, java.lang.Object)'> (0x00000000d58b4040) 
thrown [s\src\hotspot\share\interpreter\linkResolver.cpp, line 773]
Event: 44.287 Thread 0x000002387d5b6e40 Exception <a 'java/lang/ClassNotFoundException'{0x00000000d60fa918}: com/sun/org/apache/xerces/internal/impl/msg/spi/DOMMessagesProvider> (0x00000000d60fa918) 
thrown [s\src\hotspot\share\classfile\systemDictionary.cpp, line 313]
Event: 44.292 Thread 0x000002387d5b6e40 Exception <a 'java/lang/ClassNotFoundException'{0x00000000d61bb300}: com/sun/org/apache/xerces/internal/impl/msg/spi/XMLSerializerMessagesProvider> (0x00000000d61bb300) 
thrown [s\src\hotspot\share\classfile\systemDictionary.cpp, line 313]
Event: 44.294 Thread 0x000002387d5b6e40 Exception <a 'java/lang/ClassNotFoundException'{0x00000000d61c8620}: com/sun/org/apache/xerces/internal/impl/msg/spi/XMLMessagesProvider> (0x00000000d61c8620) 
thrown [s\src\hotspot\share\classfile\systemDictionary.cpp, line 313]
Event: 44.677 Thread 0x000002387d5b6e40 Exception <a 'java/lang/ClassNotFoundException'{0x00000000d5cd6ed8}: com/sun/org/apache/xml/internal/serializer/spi/XMLEntitiesProvider> (0x00000000d5cd6ed8) 
thrown [s\src\hotspot\share\classfile\systemDictionary.cpp, line 313]
Event: 44.761 Thread 0x000002387d5bafe0 Exception <a 'java/lang/NoClassDefFoundError'{0x00000000d61aeeb0}: javax/enterprise/inject/Typed> (0x00000000d61aeeb0) 
thrown [s\src\hotspot\share\classfile\systemDictionary.cpp, line 302]
Event: 44.855 Thread 0x000002387d5b6e40 Exception <a 'java/io/FileNotFoundException'{0x00000000d6519378}> (0x00000000d6519378) 
thrown [s\src\hotspot\share\prims\jni.cpp, line 520]
Event: 44.972 Thread 0x000002387d5b6e40 Exception <a 'java/lang/UnsatisfiedLinkError'{0x00000000d69293c8}: The specified procedure could not be found.
> (0x00000000d69293c8) 
thrown [s\src\hotspot\share\prims\jni.cpp, line 539]
Event: 44.991 Thread 0x000002387d5b6e40 Exception <a 'java/io/FileNotFoundException'{0x00000000d6941200}> (0x00000000d6941200) 
thrown [s\src\hotspot\share\prims\jni.cpp, line 520]
Event: 45.028 Thread 0x000002387d5b6e40 Exception <a 'java/io/FileNotFoundException'{0x00000000d564b810}> (0x00000000d564b810) 
thrown [s\src\hotspot\share\prims\jni.cpp, line 520]
Event: 45.060 Thread 0x000002387d5b6e40 Exception <a 'java/lang/UnsatisfiedLinkError'{0x00000000d567dde8}: The specified procedure could not be found.
> (0x00000000d567dde8) 
thrown [s\src\hotspot\share\prims\jni.cpp, line 539]

ZGC Phase Switch (0 events):
No events

VM Operations (20 events):
Event: 43.290 Executing safepoint VM operation: ParallelGCFailedAllocation (Allocation Failure) done
Event: 43.812 Executing safepoint VM operation: ParallelGCFailedAllocation (Allocation Failure)
Event: 43.815 Executing safepoint VM operation: ParallelGCFailedAllocation (Allocation Failure) done
Event: 44.099 Executing non-safepoint VM operation: HandshakeAllThreads (Deoptimize)
Event: 44.099 Executing non-safepoint VM operation: HandshakeAllThreads (Deoptimize) done
Event: 44.105 Executing safepoint VM operation: ParallelGCFailedAllocation (Allocation Failure)
Event: 44.107 Executing safepoint VM operation: ParallelGCFailedAllocation (Allocation Failure) done
Event: 44.389 Executing non-safepoint VM operation: HandshakeAllThreads (Deoptimize)
Event: 44.389 Executing non-safepoint VM operation: HandshakeAllThreads (Deoptimize) done
Event: 44.458 Executing safepoint VM operation: ParallelGCFailedAllocation (Allocation Failure)
Event: 44.461 Executing safepoint VM operation: ParallelGCFailedAllocation (Allocation Failure) done
Event: 44.675 Executing non-safepoint VM operation: HandshakeAllThreads (Deoptimize)
Event: 44.675 Executing non-safepoint VM operation: HandshakeAllThreads (Deoptimize) done
Event: 44.725 Executing non-safepoint VM operation: HandshakeAllThreads (Deoptimize)
Event: 44.725 Executing non-safepoint VM operation: HandshakeAllThreads (Deoptimize) done
Event: 44.745 Executing non-safepoint VM operation: HandshakeAllThreads (Deoptimize)
Event: 44.745 Executing non-safepoint VM operation: HandshakeAllThreads (Deoptimize) done
Event: 45.002 Executing safepoint VM operation: ParallelGCFailedAllocation (Allocation Failure)
Event: 45.004 Executing safepoint VM operation: ParallelGCFailedAllocation (Allocation Failure) done
Event: 46.020 Executing safepoint VM operation: Cleanup

Memory protections (0 events):
No events

Nmethod flushes (0 events):
No events

Events (20 events):
Event: 33.210 Thread 0x000002387d5bddd0 Thread exited: 0x000002387d5bddd0
Event: 38.123 Thread 0x000002387798a520 Thread added: 0x000002387db64b00
Event: 38.523 Thread 0x000002387db64b00 Thread exited: 0x000002387db64b00
Event: 39.729 Thread 0x00000238779aafe0 Thread added: 0x000002387db658a0
Event: 39.785 Thread 0x000002387d5b6e40 Thread added: 0x000002387d5b9c30
Event: 40.739 Thread 0x000002387d5b6e40 Thread added: 0x000002387d5ba950
Event: 40.934 Thread 0x000002387db658a0 Thread exited: 0x000002387db658a0
Event: 41.646 Thread 0x000002387d5b6e40 Thread added: 0x000002387d5b7b60
Event: 41.739 Thread 0x000002387d5b6e40 Thread added: 0x000002387d5b74d0
Event: 41.771 Thread 0x000002387d5b6e40 Thread added: 0x000002387d5bafe0
Event: 42.015 Thread 0x00000238779aafe0 Thread added: 0x000002387db63690
Event: 42.465 Thread 0x000002387db63690 Thread exited: 0x000002387db63690
Event: 43.275 Thread 0x00000238779aafe0 Thread added: 0x000002387db63690
Event: 43.424 Thread 0x000002387db63690 Thread exited: 0x000002387db63690
Event: 43.977 Thread 0x00000238779aafe0 Thread added: 0x000002387db64430
Event: 44.131 Thread 0x000002387d5b74d0 Thread added: 0x000002387d5bb670
Event: 44.133 Thread 0x00000238779aafe0 Thread added: 0x000002387db658a0
Event: 44.328 Thread 0x000002387d5b6e40 Thread added: 0x000002387d5b81f0
Event: 44.329 Thread 0x000002387d5bb670 Thread added: 0x000002387d5bd740
Event: 45.322 Thread 0x000002387d5bb670 Thread added: 0x000002387d5bbd00


Dynamic libraries:
0x00007ff700570000 - 0x00007ff70057e000 	c:\Users\chara\.vscode\extensions\redhat.java-1.55.0-win32-x64\jre\21.0.11-win32-x86_64\bin\java.exe
0x00007ff8041c0000 - 0x00007ff804426000 	C:\Windows\SYSTEM32\ntdll.dll
0x00007ff802760000 - 0x00007ff802829000 	C:\Windows\System32\KERNEL32.DLL
0x00007ff8017c0000 - 0x00007ff801bba000 	C:\Windows\System32\KERNELBASE.dll
0x00007ff801670000 - 0x00007ff8017bc000 	C:\Windows\System32\ucrtbase.dll
0x00007ffff7540000 - 0x00007ffff7558000 	c:\Users\chara\.vscode\extensions\redhat.java-1.55.0-win32-x64\jre\21.0.11-win32-x86_64\bin\jli.dll
0x00007ffff7560000 - 0x00007ffff757e000 	c:\Users\chara\.vscode\extensions\redhat.java-1.55.0-win32-x64\jre\21.0.11-win32-x86_64\bin\VCRUNTIME140.dll
0x00007ff802ff0000 - 0x00007ff8031b7000 	C:\Windows\System32\USER32.dll
0x00007ff801bc0000 - 0x00007ff801be7000 	C:\Windows\System32\win32u.dll
0x00007fffef7a0000 - 0x00007fffefa32000 	C:\Windows\WinSxS\amd64_microsoft.windows.common-controls_6595b64144ccf1df_6.0.26100.8521_none_3e08b75ce33403b3\COMCTL32.dll
0x00007ff803c00000 - 0x00007ff803ca9000 	C:\Windows\System32\msvcrt.dll
0x00007ff802670000 - 0x00007ff80269b000 	C:\Windows\System32\GDI32.dll
0x00007ff801e00000 - 0x00007ff801f2b000 	C:\Windows\System32\gdi32full.dll
0x00007ff801500000 - 0x00007ff8015a3000 	C:\Windows\System32\msvcp_win.dll
0x00007ff803f50000 - 0x00007ff803f82000 	C:\Windows\System32\IMM32.DLL
0x00007ffff81c0000 - 0x00007ffff81cc000 	c:\Users\chara\.vscode\extensions\redhat.java-1.55.0-win32-x64\jre\21.0.11-win32-x86_64\bin\vcruntime140_1.dll
0x00007fffd9400000 - 0x00007fffd948d000 	c:\Users\chara\.vscode\extensions\redhat.java-1.55.0-win32-x64\jre\21.0.11-win32-x86_64\bin\msvcp140.dll
0x00007fff6db80000 - 0x00007fff6e922000 	c:\Users\chara\.vscode\extensions\redhat.java-1.55.0-win32-x64\jre\21.0.11-win32-x86_64\bin\server\jvm.dll
0x00007ff8026a0000 - 0x00007ff802756000 	C:\Windows\System32\ADVAPI32.dll
0x00007ff801f30000 - 0x00007ff801fda000 	C:\Windows\System32\sechost.dll
0x00007ff803cb0000 - 0x00007ff803dc8000 	C:\Windows\System32\RPCRT4.dll
0x00007ff803390000 - 0x00007ff803410000 	C:\Windows\System32\WS2_32.dll
0x00007ffff0270000 - 0x00007ffff02a6000 	C:\Windows\SYSTEM32\WINMM.dll
0x00007ffffdca0000 - 0x00007ffffdcab000 	C:\Windows\SYSTEM32\VERSION.dll
0x00007ff8012d0000 - 0x00007ff80132e000 	C:\Windows\SYSTEM32\POWRPROF.dll
0x00007ff8012b0000 - 0x00007ff8012c4000 	C:\Windows\SYSTEM32\UMPDC.dll
0x00007ff800140000 - 0x00007ff80015b000 	C:\Windows\SYSTEM32\kernel.appcore.dll
0x00007ffff7d10000 - 0x00007ffff7d1a000 	c:\Users\chara\.vscode\extensions\redhat.java-1.55.0-win32-x64\jre\21.0.11-win32-x86_64\bin\jimage.dll
0x00007ffffebb0000 - 0x00007ffffedf2000 	C:\Windows\SYSTEM32\DBGHELP.DLL
0x00007ff801fe0000 - 0x00007ff802363000 	C:\Windows\System32\combase.dll
0x00007ff8031c0000 - 0x00007ff803299000 	C:\Windows\System32\OLEAUT32.dll
0x00007fffefa40000 - 0x00007fffefa7b000 	C:\Windows\SYSTEM32\dbgcore.DLL
0x00007ff801450000 - 0x00007ff8014f8000 	C:\Windows\System32\bcryptPrimitives.dll
0x00007ffff21b0000 - 0x00007ffff21bf000 	c:\Users\chara\.vscode\extensions\redhat.java-1.55.0-win32-x64\jre\21.0.11-win32-x86_64\bin\instrument.dll
0x00007fffdc040000 - 0x00007fffdc060000 	c:\Users\chara\.vscode\extensions\redhat.java-1.55.0-win32-x64\jre\21.0.11-win32-x86_64\bin\java.dll
0x00007ff803470000 - 0x00007ff803bf4000 	C:\Windows\System32\SHELL32.dll
0x00007ffffefd0000 - 0x00007fffff850000 	C:\Windows\SYSTEM32\windows.storage.dll
0x00007ff802470000 - 0x00007ff802566000 	C:\Windows\System32\SHCORE.dll
0x00007ff802f40000 - 0x00007ff802fa7000 	C:\Windows\System32\shlwapi.dll
0x00007ff801370000 - 0x00007ff801399000 	C:\Windows\SYSTEM32\profapi.dll
0x00007fffdbfd0000 - 0x00007fffdbfe8000 	c:\Users\chara\.vscode\extensions\redhat.java-1.55.0-win32-x64\jre\21.0.11-win32-x86_64\bin\zip.dll
0x00007ffff21a0000 - 0x00007ffff21b0000 	C:\Users\chara\.vscode\extensions\redhat.java-1.55.0-win32-x64\jre\21.0.11-win32-x86_64\bin\net.dll
0x00007ffffa7c0000 - 0x00007ffffa8e9000 	C:\Windows\SYSTEM32\WINHTTP.dll
0x00007ff800750000 - 0x00007ff8007bc000 	C:\Windows\system32\mswsock.dll
0x00007fffdbfb0000 - 0x00007fffdbfc6000 	C:\Users\chara\.vscode\extensions\redhat.java-1.55.0-win32-x64\jre\21.0.11-win32-x86_64\bin\nio.dll
0x00007ffff2170000 - 0x00007ffff2180000 	c:\Users\chara\.vscode\extensions\redhat.java-1.55.0-win32-x64\jre\21.0.11-win32-x86_64\bin\verify.dll
0x00007ffff74b0000 - 0x00007ffff74f5000 	C:\Users\chara\AppData\Roaming\Code\User\globalStorage\redhat.java\1.55.0\config_win\org.eclipse.equinox.launcher\org.eclipse.equinox.launcher.win32.win32.x86_64_1.3.100.v20260613-0559\eclipse_11924.dll
0x00007ff802d80000 - 0x00007ff802f18000 	C:\Windows\System32\ole32.dll
0x00007ff800a30000 - 0x00007ff800a4b000 	C:\Windows\SYSTEM32\CRYPTSP.dll
0x00007ff800160000 - 0x00007ff800199000 	C:\Windows\system32\rsaenh.dll
0x00007ff800800000 - 0x00007ff800833000 	C:\Windows\SYSTEM32\USERENV.dll
0x00007ff801340000 - 0x00007ff80136a000 	C:\Windows\SYSTEM32\bcrypt.dll
0x00007ff800a50000 - 0x00007ff800a5c000 	C:\Windows\SYSTEM32\CRYPTBASE.dll
0x00007fffffb90000 - 0x00007fffffbc3000 	C:\Windows\SYSTEM32\IPHLPAPI.DLL
0x00007ff803f30000 - 0x00007ff803f3a000 	C:\Windows\System32\NSI.dll
0x00007fffd3e70000 - 0x00007fffd3eb9000 	C:\Users\chara\AppData\Local\Temp\jna-94623691\jna1620136138646131137.dll
0x00007ff802fb0000 - 0x00007ff802fb8000 	C:\Windows\System32\PSAPI.DLL
0x00007ffffac40000 - 0x00007ffffac5d000 	C:\Windows\SYSTEM32\dhcpcsvc6.DLL
0x00007ffffa940000 - 0x00007ffffa965000 	C:\Windows\SYSTEM32\dhcpcsvc.DLL

JVMTI agents:
c:\Users\chara\.vscode\extensions\redhat.java-1.55.0-win32-x64\lombok\lombok-1.18.39-4050.jar path:c:\Users\chara\.vscode\extensions\redhat.java-1.55.0-win32-x64\jre\21.0.11-win32-x86_64\bin\instrument.dll, loaded, initialized, instrumentlib options:none

dbghelp: loaded successfully - version: 4.0.5 - missing functions: none
symbol engine: initialized successfully - sym options: 0x614 - pdb path: .;c:\Users\chara\.vscode\extensions\redhat.java-1.55.0-win32-x64\jre\21.0.11-win32-x86_64\bin;C:\Windows\SYSTEM32;C:\Windows\WinSxS\amd64_microsoft.windows.common-controls_6595b64144ccf1df_6.0.26100.8521_none_3e08b75ce33403b3;c:\Users\chara\.vscode\extensions\redhat.java-1.55.0-win32-x64\jre\21.0.11-win32-x86_64\bin\server;C:\Users\chara\AppData\Roaming\Code\User\globalStorage\redhat.java\1.55.0\config_win\org.eclipse.equinox.launcher\org.eclipse.equinox.launcher.win32.win32.x86_64_1.3.100.v20260613-0559;C:\Users\chara\AppData\Local\Temp\jna-94623691

VM Arguments:
jvm_args: --add-modules=ALL-SYSTEM --add-opens=java.base/java.util=ALL-UNNAMED --add-opens=java.base/java.lang=ALL-UNNAMED --add-opens=java.base/sun.nio.fs=ALL-UNNAMED -Declipse.application=org.eclipse.jdt.ls.core.id1 -Dosgi.bundles.defaultStartLevel=4 -Declipse.product=org.eclipse.jdt.ls.core.product -Djava.import.generatesMetadataFilesAtProjectRoot=false -DDetectVMInstallationsJob.disabled=true -Dfile.encoding=utf8 -XX:+UseParallelGC -XX:GCTimeRatio=4 -XX:AdaptiveSizePolicyWeight=90 -Dsun.zip.disableMemoryMapping=true -Xmx2G -Xms100m -Xlog:disable -javaagent:c:\Users\chara\.vscode\extensions\redhat.java-1.55.0-win32-x64\lombok\lombok-1.18.39-4050.jar -XX:+HeapDumpOnOutOfMemoryError -XX:HeapDumpPath=c:\Users\chara\AppData\Roaming\Code\User\workspaceStorage\a199417ad5ca6d0e7220fd05dc3a5e19\redhat.java -Daether.dependencyCollector.impl=bf 
java_command: c:\Users\chara\.vscode\extensions\redhat.java-1.55.0-win32-x64\server\plugins\org.eclipse.equinox.launcher_1.7.200.v20260619-2039.jar -configuration c:\Users\chara\AppData\Roaming\Code\User\globalStorage\redhat.java\1.55.0\config_win -data c:\Users\chara\AppData\Roaming\Code\User\workspaceStorage\a199417ad5ca6d0e7220fd05dc3a5e19\redhat.java\jdt_ws --pipe=\\.\pipe\lsp-b9ca8fd54cb769c95580eee9fa4ea7d1-sock
java_class_path (initial): c:\Users\chara\.vscode\extensions\redhat.java-1.55.0-win32-x64\server\plugins\org.eclipse.equinox.launcher_1.7.200.v20260619-2039.jar
Launcher Type: SUN_STANDARD

[Global flags]
    uintx AdaptiveSizePolicyWeight                 = 90                                        {product} {command line}
     intx CICompilerCount                          = 4                                         {product} {ergonomic}
    uintx GCTimeRatio                              = 4                                         {product} {command line}
     bool HeapDumpOnOutOfMemoryError               = true                                   {manageable} {command line}
    ccstr HeapDumpPath                             = c:\Users\chara\AppData\Roaming\Code\User\workspaceStorage\a199417ad5ca6d0e7220fd05dc3a5e19\redhat.java         {manageable} {command line}
   size_t InitialHeapSize                          = 104857600                                 {product} {command line}
   size_t MaxHeapSize                              = 2147483648                                {product} {command line}
   size_t MaxNewSize                               = 715653120                                 {product} {ergonomic}
   size_t MinHeapDeltaBytes                        = 524288                                    {product} {ergonomic}
   size_t MinHeapSize                              = 104857600                                 {product} {command line}
   size_t NewSize                                  = 34603008                                  {product} {ergonomic}
    uintx NonNMethodCodeHeapSize                   = 5839372                                {pd product} {ergonomic}
    uintx NonProfiledCodeHeapSize                  = 122909434                              {pd product} {ergonomic}
   size_t OldSize                                  = 70254592                                  {product} {ergonomic}
    uintx ProfiledCodeHeapSize                     = 122909434                              {pd product} {ergonomic}
    uintx ReservedCodeCacheSize                    = 251658240                              {pd product} {ergonomic}
     bool SegmentedCodeCache                       = true                                      {product} {ergonomic}
   size_t SoftMaxHeapSize                          = 2147483648                             {manageable} {ergonomic}
     bool UseCompressedOops                        = true                           {product lp64_product} {ergonomic}
     bool UseLargePagesIndividualAllocation        = false                                  {pd product} {ergonomic}
     bool UseParallelGC                            = true                                      {product} {command line}

Logging:
Log output configuration:
 #0: stdout all=off uptime,level,tags foldmultilines=false
 #1: stderr all=off uptime,level,tags foldmultilines=false

Release file:
JAVA_VERSION="21.0.11" 
MODULES="java.base java.compiler java.datatransfer java.xml java.prefs java.desktop java.instrument java.logging java.management java.security.sasl java.naming java.rmi java.management.rmi java.net.http java.scripting java.security.jgss java.transaction.xa java.sql java.sql.rowset java.xml.crypto java.se java.smartcardio jdk.accessibility jdk.internal.jvmstat jdk.attach jdk.charsets jdk.internal.opt jdk.zipfs jdk.compiler jdk.crypto.ec jdk.crypto.cryptoki jdk.crypto.mscapi jdk.dynalink jdk.internal.ed jdk.editpad jdk.hotspot.agent jdk.httpserver jdk.internal.le jdk.internal.vm.ci jdk.internal.vm.compiler jdk.internal.vm.compiler.management jdk.jartool jdk.javadoc jdk.jcmd jdk.management jdk.management.agent jdk.jconsole jdk.jdeps jdk.jdwp.agent jdk.jdi jdk.jfr jdk.jshell jdk.jsobject jdk.jstatd jdk.localedata jdk.management.jfr jdk.naming.dns jdk.naming.rmi jdk.net jdk.nio.mapmode jdk.random jdk.sctp jdk.security.auth jdk.security.jgss jdk.unsupported jdk.unsupported.desktop jdk.xml.dom" 

Environment Variables:
PATH=D:\Program Files\Eclipse Adoptium\jdk-25.0.2.10-hotspot\bin;C:\Python313\Scripts\;C:\Python313\;C:\Windows\system32;C:\Windows;C:\Windows\System32\Wbem;C:\Windows\System32\WindowsPowerShell\v1.0\;C:\Windows\System32\OpenSSH\;C:\Program Files\dotnet\;C:\Program Files\Microsoft SQL Server\150\Tools\Binn\;C:\Program Files\Microsoft SQL Server\Client SDK\ODBC\170\Tools\Binn\;C:\Program Files (x86)\Microsoft SQL Server\160\Tools\Binn\;C:\Program Files\Microsoft SQL Server\160\Tools\Binn\;C:\Program Files\Microsoft SQL Server\160\DTS\Binn\;C:\Program Files\Git\cmd;C:\Program Files\nodejs\;C:\ProgramData\chocolatey\bin;D:\Program Files\Eclipse Adoptium\jdk-25.0.2.10-hotspot\bin;C:\Users\chara\AppData\Local\Microsoft\WindowsApps;C:\Users\chara\.dotnet\tools;C:\Users\chara\AppData\Local\Programs\Microsoft VS Code\bin;C:\Program Files\MongoDB\Server\8.0\bin;D:\Wipro_Practice\MongoDB;C:\Users\chara\AppData\Roaming\npm;C:\Program Files\nodejs;C:\Users\chara\AppData\Local\GitHubDesktop\bin;
USERNAME=chara
OS=Windows_NT
PROCESSOR_IDENTIFIER=Intel64 Family 6 Model 186 Stepping 3, GenuineIntel
TMP=C:\Users\chara\AppData\Local\Temp
TEMP=C:\Users\chara\AppData\Local\Temp




Periodic native trim disabled

---------------  S Y S T E M  ---------------

OS:
 Windows 11 , 64 bit Build 26100 (10.0.26100.8521)
OS uptime: 3 days 3:27 hours
Hyper-V role detected

CPU: total 12 (initial active 12) (6 cores per cpu, 2 threads per core) family 6 model 186 stepping 3 microcode 0x411f, cx8, cmov, fxsr, ht, mmx, 3dnowpref, sse, sse2, sse3, ssse3, sse4.1, sse4.2, popcnt, lzcnt, tsc, tscinvbit, avx, avx2, aes, erms, clmul, bmi1, bmi2, adx, sha, fma, vzeroupper, clflush, clflushopt, clwb, hv, serialize, rdtscp, rdpid, fsrm, f16c, cet_ibt, cet_ss
Processor Information for processor 0
  Max Mhz: 1300, Current Mhz: 1300, Mhz Limit: 1300
Processor Information for processor 1
  Max Mhz: 1300, Current Mhz: 1300, Mhz Limit: 1300
Processor Information for processor 2
  Max Mhz: 1300, Current Mhz: 1300, Mhz Limit: 1300
Processor Information for processor 3
  Max Mhz: 1300, Current Mhz: 1300, Mhz Limit: 1300
Processor Information for processor 4
  Max Mhz: 1300, Current Mhz: 900, Mhz Limit: 897
Processor Information for processor 5
  Max Mhz: 1300, Current Mhz: 900, Mhz Limit: 897
Processor Information for processor 6
  Max Mhz: 1300, Current Mhz: 900, Mhz Limit: 897
Processor Information for processor 7
  Max Mhz: 1300, Current Mhz: 900, Mhz Limit: 897
Processor Information for processor 8
  Max Mhz: 1300, Current Mhz: 900, Mhz Limit: 897
Processor Information for processor 9
  Max Mhz: 1300, Current Mhz: 900, Mhz Limit: 897
Processor Information for processor 10
  Max Mhz: 1300, Current Mhz: 900, Mhz Limit: 897
Processor Information for processor 11
  Max Mhz: 1300, Current Mhz: 900, Mhz Limit: 897

Memory: 4k page, system-wide physical 16067M (2183M free)
TotalPageFile size 37229M (AvailPageFile size 9M)
current process WorkingSet (physical memory assigned to process): 201M, peak: 201M
current process commit charge ("private bytes"): 331M, peak: 332M

vm_info: OpenJDK 64-Bit Server VM (21.0.11+10-LTS) for windows-amd64 JRE (21.0.11+10-LTS), built on 2026-04-21T00:00:00Z by "admin" with MS VC++ 17.12 (VS2022)

END.
