#
# There is insufficient memory for the Java Runtime Environment to continue.
# Native memory allocation (malloc) failed to allocate 262160 bytes. Error detail: Chunk::new
# Possible reasons:
#   The system is out of physical RAM or swap space
#   This process is running with CompressedOops enabled, and the Java Heap may be blocking the growth of the native heap
# Possible solutions:
#   Reduce memory load on the system
#   Increase physical memory or swap space
#   Check if swap backing store is full
#   Decrease Java heap size (-Xmx/-Xms)
#   Decrease number of Java threads
#   Decrease Java thread stack sizes (-Xss)
#   Set larger code cache with -XX:ReservedCodeCacheSize=
#   JVM is running with Unscaled Compressed Oops mode in which the Java heap is
#     placed in the first 4GB address space. The Java Heap base address is the
#     maximum limit for the native heap growth. Please use -XX:HeapBaseMinAddress
#     to set the Java Heap base and to place the Java Heap above 4GB virtual address.
# This output file may be truncated or incomplete.
#
#  Out of Memory Error (arena.cpp:168), pid=43716, tid=42664
#
# JRE version: OpenJDK Runtime Environment Temurin-21.0.11+10 (21.0.11+10) (build 21.0.11+10-LTS)
# Java VM: OpenJDK 64-Bit Server VM Temurin-21.0.11+10 (21.0.11+10-LTS, mixed mode, sharing, tiered, compressed oops, compressed class ptrs, parallel gc, windows-amd64)
# No core dump will be written. Minidumps are not enabled by default on client versions of Windows
#

---------------  S U M M A R Y ------------

Command Line: --add-modules=ALL-SYSTEM --add-opens=java.base/java.util=ALL-UNNAMED --add-opens=java.base/java.lang=ALL-UNNAMED --add-opens=java.base/sun.nio.fs=ALL-UNNAMED -Declipse.application=org.eclipse.jdt.ls.core.id1 -Dosgi.bundles.defaultStartLevel=4 -Declipse.product=org.eclipse.jdt.ls.core.product -Djava.import.generatesMetadataFilesAtProjectRoot=false -DDetectVMInstallationsJob.disabled=true -Dfile.encoding=utf8 -XX:+UseParallelGC -XX:GCTimeRatio=4 -XX:AdaptiveSizePolicyWeight=90 -Dsun.zip.disableMemoryMapping=true -Xmx2G -Xms100m -Xlog:disable -javaagent:c:\Users\chara\.vscode\extensions\redhat.java-1.55.0-win32-x64\lombok\lombok-1.18.39-4050.jar c:\Users\chara\.vscode\extensions\redhat.java-1.55.0-win32-x64\server\plugins\org.eclipse.equinox.launcher_1.7.200.v20260619-2039.jar -configuration c:\Users\chara\AppData\Roaming\Code\User\globalStorage\redhat.java\1.55.0\config_ss_win -data c:\Users\chara\AppData\Roaming\Code\User\workspaceStorage\a199417ad5ca6d0e7220fd05dc3a5e19\redhat.java\ss_ws --pipe=\\.\pipe\lsp-8f6b23f75578acd7b60ebc7f3c9583f0-sock

Host: 13th Gen Intel(R) Core(TM) i5-1335U, 12 cores, 15G,  Windows 11 , 64 bit Build 26100 (10.0.26100.8521)
Time: Sat Jun 27 17:49:29 2026 India Standard Time elapsed time: 12.832604 seconds (0d 0h 0m 12s)

---------------  T H R E A D  ---------------

Current thread (0x00000222f99d6cc0):  JavaThread "C2 CompilerThread0" daemon [_thread_in_native, id=42664, stack(0x000000ad25200000,0x000000ad25300000) (1024K)]


Current CompileTask:
C2:12832 4688   !   4       org.eclipse.osgi.internal.loader.BundleLoader::findClass0 (490 bytes)

Stack: [0x000000ad25200000,0x000000ad25300000]
Native frames: (J=compiled Java code, j=interpreted, Vv=VM code, C=native code)
V  [jvm.dll+0x6d7e19]
V  [jvm.dll+0x8b5096]
V  [jvm.dll+0x8b764e]
V  [jvm.dll+0x8b7d33]
V  [jvm.dll+0x284596]
V  [jvm.dll+0xc685d]
V  [jvm.dll+0xc6da1]
V  [jvm.dll+0xc6985]
V  [jvm.dll+0x6b4108]
V  [jvm.dll+0x8e258]
V  [jvm.dll+0x666d0d]
V  [jvm.dll+0x664c1b]
V  [jvm.dll+0x24c57b]
V  [jvm.dll+0x24bce0]
V  [jvm.dll+0x1cb4ae]
V  [jvm.dll+0x25baad]
V  [jvm.dll+0x25a03a]
V  [jvm.dll+0x3f868e]
V  [jvm.dll+0x85fb0d]
V  [jvm.dll+0x6d664d]
C  [ucrtbase.dll+0x2cd30]
C  [KERNEL32.DLL+0x2e957]
C  [ntdll.dll+0x87c1c]


---------------  P R O C E S S  ---------------

Threads class SMR info:
_java_thread_list=0x0000022280addde0, length=43, elements={
0x00000222a00bbc60, 0x00000222f99a44b0, 0x00000222f99a52d0, 0x00000222f99a8e70,
0x00000222f99ca1c0, 0x00000222f99cd0f0, 0x00000222f99ce9a0, 0x00000222f99d6cc0,
0x00000222f99d9710, 0x00000222f9bca4a0, 0x00000222f9bc7d40, 0x00000222f9bc9780,
0x00000222f9bc9e10, 0x00000222f9bc8a60, 0x00000222f9bcab30, 0x00000222f9bc90f0,
0x00000222f9bc83d0, 0x00000222fe7820c0, 0x00000222fe783b00, 0x00000222fe781a30,
0x00000222fe7813a0, 0x00000222fe784820, 0x00000222fe784190, 0x00000222fe783470,
0x00000222fe784eb0, 0x00000222fe785540, 0x00000222fe785bd0, 0x00000222fe782750,
0x00000222fe786260, 0x00000222fe782de0, 0x00000222fe787ca0, 0x00000222fe788330,
0x00000222fe7868f0, 0x00000222fe786f80, 0x00000222fe787610, 0x00000222fe7889c0,
0x00000222ff4ed0b0, 0x00000222ff4ed740, 0x00000222ff4eeaf0, 0x00000222ff4ef180,
0x00000222ff4ebd00, 0x00000222ff4eddd0, 0x00000222ff4ec390
}

Java Threads: ( => current thread )
  0x00000222a00bbc60 JavaThread "main"                              [_thread_blocked, id=11536, stack(0x000000ad24800000,0x000000ad24900000) (1024K)]
  0x00000222f99a44b0 JavaThread "Reference Handler"          daemon [_thread_blocked, id=11544, stack(0x000000ad24c00000,0x000000ad24d00000) (1024K)]
  0x00000222f99a52d0 JavaThread "Finalizer"                  daemon [_thread_blocked, id=28316, stack(0x000000ad24d00000,0x000000ad24e00000) (1024K)]
  0x00000222f99a8e70 JavaThread "Signal Dispatcher"          daemon [_thread_blocked, id=19952, stack(0x000000ad24e00000,0x000000ad24f00000) (1024K)]
  0x00000222f99ca1c0 JavaThread "Attach Listener"            daemon [_thread_blocked, id=27788, stack(0x000000ad24f00000,0x000000ad25000000) (1024K)]
  0x00000222f99cd0f0 JavaThread "Service Thread"             daemon [_thread_blocked, id=21756, stack(0x000000ad25000000,0x000000ad25100000) (1024K)]
  0x00000222f99ce9a0 JavaThread "Monitor Deflation Thread"   daemon [_thread_blocked, id=41408, stack(0x000000ad25100000,0x000000ad25200000) (1024K)]
=>0x00000222f99d6cc0 JavaThread "C2 CompilerThread0"         daemon [_thread_in_native, id=42664, stack(0x000000ad25200000,0x000000ad25300000) (1024K)]
  0x00000222f99d9710 JavaThread "C1 CompilerThread0"         daemon [_thread_in_native, id=29840, stack(0x000000ad25300000,0x000000ad25400000) (1024K)]
  0x00000222f9bca4a0 JavaThread "Common-Cleaner"             daemon [_thread_blocked, id=42632, stack(0x000000ad25400000,0x000000ad25500000) (1024K)]
  0x00000222f9bc7d40 JavaThread "Notification Thread"        daemon [_thread_blocked, id=43896, stack(0x000000ad25600000,0x000000ad25700000) (1024K)]
  0x00000222f9bc9780 JavaThread "Active Thread: Equinox Container: 0f8f8f16-6088-458c-bc1b-ddbe825a80b6"        [_thread_blocked, id=39616, stack(0x000000ad25500000,0x000000ad25600000) (1024K)]
  0x00000222f9bc9e10 JavaThread "Framework Event Dispatcher: Equinox Container: 0f8f8f16-6088-458c-bc1b-ddbe825a80b6" daemon [_thread_blocked, id=22548, stack(0x000000ad25e00000,0x000000ad25f00000) (1024K)]
  0x00000222f9bc8a60 JavaThread "Start Level: Equinox Container: 0f8f8f16-6088-458c-bc1b-ddbe825a80b6" daemon [_thread_blocked, id=39000, stack(0x000000ad25f00000,0x000000ad26000000) (1024K)]
  0x00000222f9bcab30 JavaThread "SCR Component Actor"        daemon [_thread_blocked, id=43840, stack(0x000000ad26100000,0x000000ad26200000) (1024K)]
  0x00000222f9bc90f0 JavaThread "Worker-JM"                         [_thread_blocked, id=30456, stack(0x000000ad26300000,0x000000ad26400000) (1024K)]
  0x00000222f9bc83d0 JavaThread "JNA Cleaner"                daemon [_thread_blocked, id=772, stack(0x000000ad25700000,0x000000ad25800000) (1024K)]
  0x00000222fe7820c0 JavaThread "Worker-0: Building"                [_thread_in_vm, id=42980, stack(0x000000ad26200000,0x000000ad26300000) (1024K)]
  0x00000222fe783b00 JavaThread "Worker-1"                          [_thread_blocked, id=43936, stack(0x000000ad26600000,0x000000ad26700000) (1024K)]
  0x00000222fe781a30 JavaThread "Worker-2"                          [_thread_blocked, id=36620, stack(0x000000ad26900000,0x000000ad26a00000) (1024K)]
  0x00000222fe7813a0 JavaThread "Thread-1"                   daemon [_thread_in_native, id=8628, stack(0x000000ad26c00000,0x000000ad26d00000) (1024K)]
  0x00000222fe784820 JavaThread "Thread-2"                   daemon [_thread_in_native, id=18792, stack(0x000000ad26d00000,0x000000ad26e00000) (1024K)]
  0x00000222fe784190 JavaThread "Thread-3"                   daemon [_thread_in_native, id=30600, stack(0x000000ad26e00000,0x000000ad26f00000) (1024K)]
  0x00000222fe783470 JavaThread "Thread-4"                   daemon [_thread_in_native, id=43832, stack(0x000000ad26f00000,0x000000ad27000000) (1024K)]
  0x00000222fe784eb0 JavaThread "Thread-5"                   daemon [_thread_in_native, id=32140, stack(0x000000ad27000000,0x000000ad27100000) (1024K)]
  0x00000222fe785540 JavaThread "Thread-6"                   daemon [_thread_in_native, id=32508, stack(0x000000ad27100000,0x000000ad27200000) (1024K)]
  0x00000222fe785bd0 JavaThread "Thread-7"                   daemon [_thread_in_native, id=18004, stack(0x000000ad27200000,0x000000ad27300000) (1024K)]
  0x00000222fe782750 JavaThread "Thread-8"                   daemon [_thread_in_native, id=39260, stack(0x000000ad27300000,0x000000ad27400000) (1024K)]
  0x00000222fe786260 JavaThread "Thread-9"                   daemon [_thread_in_native, id=37468, stack(0x000000ad27400000,0x000000ad27500000) (1024K)]
  0x00000222fe782de0 JavaThread "Thread-10"                  daemon [_thread_in_native, id=43880, stack(0x000000ad27500000,0x000000ad27600000) (1024K)]
  0x00000222fe787ca0 JavaThread "Thread-11"                  daemon [_thread_in_native, id=23912, stack(0x000000ad27600000,0x000000ad27700000) (1024K)]
  0x00000222fe788330 JavaThread "Thread-12"                  daemon [_thread_in_native, id=41256, stack(0x000000ad27700000,0x000000ad27800000) (1024K)]
  0x00000222fe7868f0 JavaThread "Thread-13"                  daemon [_thread_in_native, id=21628, stack(0x000000ad27800000,0x000000ad27900000) (1024K)]
  0x00000222fe786f80 JavaThread "pool-2-thread-1"                   [_thread_blocked, id=32520, stack(0x000000ad27900000,0x000000ad27a00000) (1024K)]
  0x00000222fe787610 JavaThread "WorkspaceEventsHandler"            [_thread_blocked, id=12364, stack(0x000000ad27a00000,0x000000ad27b00000) (1024K)]
  0x00000222fe7889c0 JavaThread "pool-1-thread-1"                   [_thread_blocked, id=3420, stack(0x000000ad27b00000,0x000000ad27c00000) (1024K)]
  0x00000222ff4ed0b0 JavaThread "ForkJoinPool.commonPool-worker-1" daemon [_thread_in_native, id=38900, stack(0x000000ad27c00000,0x000000ad27d00000) (1024K)]
  0x00000222ff4ed740 JavaThread "ForkJoinPool.commonPool-worker-2" daemon [_thread_blocked, id=18268, stack(0x000000ad27d00000,0x000000ad27e00000) (1024K)]
  0x00000222ff4eeaf0 JavaThread "ForkJoinPool.commonPool-worker-3" daemon [_thread_blocked, id=42960, stack(0x000000ad27e00000,0x000000ad27f00000) (1024K)]
  0x00000222ff4ef180 JavaThread "ForkJoinPool.commonPool-worker-4" daemon [_thread_blocked, id=3316, stack(0x000000ad27f00000,0x000000ad28000000) (1024K)]
  0x00000222ff4ebd00 JavaThread "ForkJoinPool.commonPool-worker-5" daemon [_thread_blocked, id=42360, stack(0x000000ad28000000,0x000000ad28100000) (1024K)]
  0x00000222ff4eddd0 JavaThread "ForkJoinPool.commonPool-worker-6" daemon [_thread_blocked, id=36160, stack(0x000000ad28100000,0x000000ad28200000) (1024K)]
  0x00000222ff4ec390 JavaThread "Compiler Source File Reader" daemon [_thread_blocked, id=35268, stack(0x000000ad28200000,0x000000ad28300000) (1024K)]
Total: 43

Other Threads:
  0x00000222a017e9e0 VMThread "VM Thread"                           [id=4500, stack(0x000000ad24b00000,0x000000ad24c00000) (1024K)]
  0x000002229ff4ca00 WatcherThread "VM Periodic Task Thread"        [id=39600, stack(0x000000ad24a00000,0x000000ad24b00000) (1024K)]
  0x00000222a00d9300 WorkerThread "GC Thread#0"                     [id=6988, stack(0x000000ad24900000,0x000000ad24a00000) (1024K)]
  0x00000222f9d70d80 WorkerThread "GC Thread#1"                     [id=35300, stack(0x000000ad25800000,0x000000ad25900000) (1024K)]
  0x00000222f9d6fec0 WorkerThread "GC Thread#2"                     [id=27720, stack(0x000000ad25900000,0x000000ad25a00000) (1024K)]
  0x00000222f9d71130 WorkerThread "GC Thread#3"                     [id=16788, stack(0x000000ad25a00000,0x000000ad25b00000) (1024K)]
  0x00000222f9d709d0 WorkerThread "GC Thread#4"                     [id=27572, stack(0x000000ad25b00000,0x000000ad25c00000) (1024K)]
  0x00000222f9d6f760 WorkerThread "GC Thread#5"                     [id=10428, stack(0x000000ad25c00000,0x000000ad25d00000) (1024K)]
  0x00000222f9d6fb10 WorkerThread "GC Thread#6"                     [id=38268, stack(0x000000ad25d00000,0x000000ad25e00000) (1024K)]
  0x00000222fe911770 WorkerThread "GC Thread#7"                     [id=2308, stack(0x000000ad26000000,0x000000ad26100000) (1024K)]
  0x00000222fe911ed0 WorkerThread "GC Thread#8"                     [id=43092, stack(0x000000ad26400000,0x000000ad26500000) (1024K)]
  0x00000222fe911b20 WorkerThread "GC Thread#9"                     [id=43752, stack(0x000000ad26500000,0x000000ad26600000) (1024K)]
Total: 12

Threads with active compile tasks:
C2 CompilerThread0  12879 4688   !   4       org.eclipse.osgi.internal.loader.BundleLoader::findClass0 (490 bytes)
C1 CompilerThread0  12879 4779       3       org.eclipse.jdt.internal.compiler.parser.Parser::consumeRule (7843 bytes)
Total: 2

VM state: not at safepoint (normal execution)

VM Mutex/Monitor currently owned by a thread: None

Heap address: 0x0000000080000000, size: 2048 MB, Compressed Oops mode: 32-bit

CDS archive(s) mapped at: [0x00000222b7000000-0x00000222b7ba0000-0x00000222b7ba0000), size 12189696, SharedBaseAddress: 0x00000222b7000000, ArchiveRelocationMode: 1.
Compressed class space mapped at: 0x00000222b8000000-0x00000222f8000000, reserved size: 1073741824
Narrow klass base: 0x00000222b7000000, Narrow klass shift: 0, Narrow klass range: 0x100000000

GC Precious Log:
 CardTable entry size: 512
 CPUs: 12 total, 12 available
 Memory: 16067M
 Large Page Support: Disabled
 NUMA Support: Disabled
 Compressed Oops: Enabled (32-bit)
 Alignments: Space 512K, Generation 512K, Heap 2M
 Heap Min Capacity: 100M
 Heap Initial Capacity: 100M
 Heap Max Capacity: 2G
 Pre-touch: Disabled
 Parallel Workers: 10

Heap:
 PSYoungGen      total 23552K, used 17765K [0x00000000d5580000, 0x00000000d6e00000, 0x0000000100000000)
  eden space 22016K, 77% used [0x00000000d5580000,0x00000000d66116f8,0x00000000d6b00000)
  from space 1536K, 52% used [0x00000000d6b80000,0x00000000d6c48020,0x00000000d6d00000)
  to   space 1024K, 0% used [0x00000000d6d00000,0x00000000d6d00000,0x00000000d6e00000)
 ParOldGen       total 68608K, used 28631K [0x0000000080000000, 0x0000000084300000, 0x00000000d5580000)
  object space 68608K, 41% used [0x0000000080000000,0x0000000081bf5d58,0x0000000084300000)
 Metaspace       used 37844K, committed 38848K, reserved 1114112K
  class space    used 3881K, committed 4288K, reserved 1048576K

Card table byte_map: [0x000002229fa60000,0x000002229fe70000] _byte_map_base: 0x000002229f660000

Marking Bits: (ParMarkBitMap*) 0x00007fff6e844460
 Begin Bits: [0x00000222b2570000, 0x00000222b4570000)
 End Bits:   [0x00000222b4570000, 0x00000222b6570000)

Polling page: 0x000002229ded0000

Metaspace:

Usage:
  Non-class:     33.17 MB used.
      Class:      3.79 MB used.
       Both:     36.96 MB used.

Virtual space:
  Non-class space:       64.00 MB reserved,      33.75 MB ( 53%) committed,  1 nodes.
      Class space:        1.00 GB reserved,       4.19 MB ( <1%) committed,  1 nodes.
             Both:        1.06 GB reserved,      37.94 MB (  3%) committed. 

Chunk freelists:
   Non-Class:  14.04 MB
       Class:  11.78 MB
        Both:  25.82 MB

MaxMetaspaceSize: unlimited
CompressedClassSpaceSize: 1.00 GB
Initial GC threshold: 21.00 MB
Current GC threshold: 58.38 MB
CDS: on
 - commit_granule_bytes: 65536.
 - commit_granule_words: 8192.
 - virtual_space_node_default_size: 8388608.
 - enlarge_chunks_in_place: 1.
 - use_allocation_guard: 0.


Internal statistics:

num_allocs_failed_limit: 8.
num_arena_births: 982.
num_arena_deaths: 264.
num_vsnodes_births: 2.
num_vsnodes_deaths: 0.
num_space_committed: 607.
num_space_uncommitted: 0.
num_chunks_returned_to_freelist: 381.
num_chunks_taken_from_freelist: 2830.
num_chunk_merges: 157.
num_chunk_splits: 1635.
num_chunks_enlarged: 879.
num_inconsistent_stats: 0.

CodeHeap 'non-profiled nmethods': size=120000Kb used=2449Kb max_used=2449Kb free=117550Kb
 bounds [0x00000222aad90000, 0x00000222ab000000, 0x00000222b22c0000]
CodeHeap 'profiled nmethods': size=120000Kb used=8637Kb max_used=9057Kb free=111362Kb
 bounds [0x00000222a32c0000, 0x00000222a3ba0000, 0x00000222aa7f0000]
CodeHeap 'non-nmethods': size=5760Kb used=1375Kb max_used=1409Kb free=4384Kb
 bounds [0x00000222aa7f0000, 0x00000222aaa60000, 0x00000222aad90000]
CodeCache: size=245760Kb, used=12461Kb, max_used=12915Kb, free=233296Kb
 total_blobs=5079, nmethods=4399, adapters=585, full_count=0
Compilation: enabled, stopped_count=0, restarted_count=0

Compilation events (20 events):
Event: 9.710 Thread 0x00000222f99d9710 4761       3       java.net.URI::toLower (19 bytes)
Event: 9.711 Thread 0x00000222f99d9710 nmethod 4761 0x00000222a32e2410 code [0x00000222a32e25c0, 0x00000222a32e2740]
Event: 9.714 Thread 0x00000222f99d9710 4762       2       java.util.ArrayDeque::push (6 bytes)
Event: 9.714 Thread 0x00000222f99d9710 nmethod 4762 0x00000222a32f8010 code [0x00000222a32f81c0, 0x00000222a32f82e8]
Event: 9.715 Thread 0x00000222f99d9710 4763       3       java.io.File::getParent (65 bytes)
Event: 9.716 Thread 0x00000222f99d9710 nmethod 4763 0x00000222a3435a10 code [0x00000222a3435c60, 0x00000222a3436328]
Event: 10.742 Thread 0x00000222fe96f000 nmethod 4754 0x00000222aafeb890 code [0x00000222aafebdc0, 0x00000222aafef9a8]
Event: 10.743 Thread 0x00000222fe96f000 4758       4       org.eclipse.core.runtime.Path::segmentCount (6 bytes)
Event: 10.743 Thread 0x00000222fe96f000 nmethod 4758 0x00000222aae3aa10 code [0x00000222aae3aba0, 0x00000222aae3ac40]
Event: 10.751 Thread 0x00000222fe9718e0 nmethod 4755 0x00000222aaff2390 code [0x00000222aaff26e0, 0x00000222aaff4710]
Event: 10.787 Thread 0x00000222f99d9710 4764   !   3       java.util.regex.Pattern::closure (276 bytes)
Event: 10.788 Thread 0x00000222f99d9710 nmethod 4764 0x00000222a363dc10 code [0x00000222a363e000, 0x00000222a363f710]
Event: 10.788 Thread 0x00000222f99d9710 4765   !   3       java.lang.invoke.InnerClassLambdaMetafactory::buildCallSite (150 bytes)
Event: 10.790 Thread 0x00000222f99d9710 nmethod 4765 0x00000222a330c990 code [0x00000222a330cd20, 0x00000222a330e0e0]
Event: 10.791 Thread 0x00000222f99d9710 4766   !   3       sun.net.www.protocol.jar.JarFileFactory::getOrCreate (91 bytes)
Event: 10.792 Thread 0x00000222f99d9710 nmethod 4766 0x00000222a37a9410 code [0x00000222a37a9680, 0x00000222a37a9dd8]
Event: 10.792 Thread 0x00000222f99d9710 4767   !   3       sun.net.www.protocol.jar.JarFileFactory::cacheIfAbsent (90 bytes)
Event: 10.793 Thread 0x00000222f99d9710 nmethod 4767 0x00000222a33b0590 code [0x00000222a33b07c0, 0x00000222a33b0fa0]
Event: 10.793 Thread 0x00000222f99d9710 4768   !   3       sun.net.www.protocol.jar.JarFileFactory::getConnection (40 bytes)
Event: 10.793 Thread 0x00000222f99d9710 nmethod 4768 0x00000222a34a6090 code [0x00000222a34a62a0, 0x00000222a34a68b8]

GC Heap History (20 events):
Event: 8.340 GC heap before
{Heap before GC invocations=12 (full 1):
 PSYoungGen      total 26112K, used 25942K [0x00000000d5580000, 0x00000000d7480000, 0x0000000100000000)
  eden space 23040K, 100% used [0x00000000d5580000,0x00000000d6c00000,0x00000000d6c00000)
  from space 3072K, 94% used [0x00000000d7180000,0x00000000d7455b20,0x00000000d7480000)
  to   space 3584K, 0% used [0x00000000d6d80000,0x00000000d6d80000,0x00000000d7100000)
 ParOldGen       total 68608K, used 13138K [0x0000000080000000, 0x0000000084300000, 0x00000000d5580000)
  object space 68608K, 19% used [0x0000000080000000,0x0000000080cd4a70,0x0000000084300000)
 Metaspace       used 33666K, committed 34688K, reserved 1114112K
  class space    used 3458K, committed 3904K, reserved 1048576K
}
Event: 8.344 GC heap after
{Heap after GC invocations=12 (full 1):
 PSYoungGen      total 25088K, used 2176K [0x00000000d5580000, 0x00000000d7200000, 0x0000000100000000)
  eden space 22528K, 0% used [0x00000000d5580000,0x00000000d5580000,0x00000000d6b80000)
  from space 2560K, 85% used [0x00000000d6d80000,0x00000000d6fa0030,0x00000000d7000000)
  to   space 2048K, 0% used [0x00000000d7000000,0x00000000d7000000,0x00000000d7200000)
 ParOldGen       total 68608K, used 15787K [0x0000000080000000, 0x0000000084300000, 0x00000000d5580000)
  object space 68608K, 23% used [0x0000000080000000,0x0000000080f6ac18,0x0000000084300000)
 Metaspace       used 33666K, committed 34688K, reserved 1114112K
  class space    used 3458K, committed 3904K, reserved 1048576K
}
Event: 8.476 GC heap before
{Heap before GC invocations=13 (full 1):
 PSYoungGen      total 25088K, used 24704K [0x00000000d5580000, 0x00000000d7200000, 0x0000000100000000)
  eden space 22528K, 100% used [0x00000000d5580000,0x00000000d6b80000,0x00000000d6b80000)
  from space 2560K, 85% used [0x00000000d6d80000,0x00000000d6fa0030,0x00000000d7000000)
  to   space 2048K, 0% used [0x00000000d7000000,0x00000000d7000000,0x00000000d7200000)
 ParOldGen       total 68608K, used 15787K [0x0000000080000000, 0x0000000084300000, 0x00000000d5580000)
  object space 68608K, 23% used [0x0000000080000000,0x0000000080f6ac18,0x0000000084300000)
 Metaspace       used 34207K, committed 35328K, reserved 1114112K
  class space    used 3561K, committed 4032K, reserved 1048576K
}
Event: 8.480 GC heap after
{Heap after GC invocations=13 (full 1):
 PSYoungGen      total 24064K, used 2018K [0x00000000d5580000, 0x00000000d7500000, 0x0000000100000000)
  eden space 22016K, 0% used [0x00000000d5580000,0x00000000d5580000,0x00000000d6b00000)
  from space 2048K, 98% used [0x00000000d7000000,0x00000000d71f88a0,0x00000000d7200000)
  to   space 5120K, 0% used [0x00000000d6b00000,0x00000000d6b00000,0x00000000d7000000)
 ParOldGen       total 68608K, used 18362K [0x0000000080000000, 0x0000000084300000, 0x00000000d5580000)
  object space 68608K, 26% used [0x0000000080000000,0x00000000811ee948,0x0000000084300000)
 Metaspace       used 34207K, committed 35328K, reserved 1114112K
  class space    used 3561K, committed 4032K, reserved 1048576K
}
Event: 8.527 GC heap before
{Heap before GC invocations=14 (full 1):
 PSYoungGen      total 24064K, used 24034K [0x00000000d5580000, 0x00000000d7500000, 0x0000000100000000)
  eden space 22016K, 100% used [0x00000000d5580000,0x00000000d6b00000,0x00000000d6b00000)
  from space 2048K, 98% used [0x00000000d7000000,0x00000000d71f88a0,0x00000000d7200000)
  to   space 5120K, 0% used [0x00000000d6b00000,0x00000000d6b00000,0x00000000d7000000)
 ParOldGen       total 68608K, used 18362K [0x0000000080000000, 0x0000000084300000, 0x00000000d5580000)
  object space 68608K, 26% used [0x0000000080000000,0x00000000811ee948,0x0000000084300000)
 Metaspace       used 34227K, committed 35328K, reserved 1114112K
  class space    used 3561K, committed 4032K, reserved 1048576K
}
Event: 8.530 GC heap after
{Heap after GC invocations=14 (full 1):
 PSYoungGen      total 24576K, used 2048K [0x00000000d5580000, 0x00000000d7100000, 0x0000000100000000)
  eden space 22016K, 0% used [0x00000000d5580000,0x00000000d5580000,0x00000000d6b00000)
  from space 2560K, 80% used [0x00000000d6b00000,0x00000000d6d00010,0x00000000d6d80000)
  to   space 3072K, 0% used [0x00000000d6e00000,0x00000000d6e00000,0x00000000d7100000)
 ParOldGen       total 68608K, used 20396K [0x0000000080000000, 0x0000000084300000, 0x00000000d5580000)
  object space 68608K, 29% used [0x0000000080000000,0x00000000813eb1e8,0x0000000084300000)
 Metaspace       used 34227K, committed 35328K, reserved 1114112K
  class space    used 3561K, committed 4032K, reserved 1048576K
}
Event: 8.574 GC heap before
{Heap before GC invocations=15 (full 1):
 PSYoungGen      total 24576K, used 24064K [0x00000000d5580000, 0x00000000d7100000, 0x0000000100000000)
  eden space 22016K, 100% used [0x00000000d5580000,0x00000000d6b00000,0x00000000d6b00000)
  from space 2560K, 80% used [0x00000000d6b00000,0x00000000d6d00010,0x00000000d6d80000)
  to   space 3072K, 0% used [0x00000000d6e00000,0x00000000d6e00000,0x00000000d7100000)
 ParOldGen       total 68608K, used 20396K [0x0000000080000000, 0x0000000084300000, 0x00000000d5580000)
  object space 68608K, 29% used [0x0000000080000000,0x00000000813eb1e8,0x0000000084300000)
 Metaspace       used 34257K, committed 35328K, reserved 1114112K
  class space    used 3562K, committed 4032K, reserved 1048576K
}
Event: 8.577 GC heap after
{Heap after GC invocations=15 (full 1):
 PSYoungGen      total 24576K, used 2272K [0x00000000d5580000, 0x00000000d7080000, 0x0000000100000000)
  eden space 22016K, 0% used [0x00000000d5580000,0x00000000d5580000,0x00000000d6b00000)
  from space 2560K, 88% used [0x00000000d6e00000,0x00000000d7038000,0x00000000d7080000)
  to   space 2560K, 0% used [0x00000000d6b00000,0x00000000d6b00000,0x00000000d6d80000)
 ParOldGen       total 68608K, used 22348K [0x0000000080000000, 0x0000000084300000, 0x00000000d5580000)
  object space 68608K, 32% used [0x0000000080000000,0x00000000815d31f8,0x0000000084300000)
 Metaspace       used 34257K, committed 35328K, reserved 1114112K
  class space    used 3562K, committed 4032K, reserved 1048576K
}
Event: 8.629 GC heap before
{Heap before GC invocations=16 (full 1):
 PSYoungGen      total 24576K, used 24288K [0x00000000d5580000, 0x00000000d7080000, 0x0000000100000000)
  eden space 22016K, 100% used [0x00000000d5580000,0x00000000d6b00000,0x00000000d6b00000)
  from space 2560K, 88% used [0x00000000d6e00000,0x00000000d7038000,0x00000000d7080000)
  to   space 2560K, 0% used [0x00000000d6b00000,0x00000000d6b00000,0x00000000d6d80000)
 ParOldGen       total 68608K, used 22348K [0x0000000080000000, 0x0000000084300000, 0x00000000d5580000)
  object space 68608K, 32% used [0x0000000080000000,0x00000000815d31f8,0x0000000084300000)
 Metaspace       used 34296K, committed 35392K, reserved 1114112K
  class space    used 3562K, committed 4032K, reserved 1048576K
}
Event: 8.632 GC heap after
{Heap after GC invocations=16 (full 1):
 PSYoungGen      total 24576K, used 2468K [0x00000000d5580000, 0x00000000d7000000, 0x0000000100000000)
  eden space 22016K, 0% used [0x00000000d5580000,0x00000000d5580000,0x00000000d6b00000)
  from space 2560K, 96% used [0x00000000d6b00000,0x00000000d6d69000,0x00000000d6d80000)
  to   space 2560K, 0% used [0x00000000d6d80000,0x00000000d6d80000,0x00000000d7000000)
 ParOldGen       total 68608K, used 24410K [0x0000000080000000, 0x0000000084300000, 0x00000000d5580000)
  object space 68608K, 35% used [0x0000000080000000,0x00000000817d6bc0,0x0000000084300000)
 Metaspace       used 34296K, committed 35392K, reserved 1114112K
  class space    used 3562K, committed 4032K, reserved 1048576K
}
Event: 8.724 GC heap before
{Heap before GC invocations=17 (full 1):
 PSYoungGen      total 24576K, used 24484K [0x00000000d5580000, 0x00000000d7000000, 0x0000000100000000)
  eden space 22016K, 100% used [0x00000000d5580000,0x00000000d6b00000,0x00000000d6b00000)
  from space 2560K, 96% used [0x00000000d6b00000,0x00000000d6d69000,0x00000000d6d80000)
  to   space 2560K, 0% used [0x00000000d6d80000,0x00000000d6d80000,0x00000000d7000000)
 ParOldGen       total 68608K, used 24410K [0x0000000080000000, 0x0000000084300000, 0x00000000d5580000)
  object space 68608K, 35% used [0x0000000080000000,0x00000000817d6bc0,0x0000000084300000)
 Metaspace       used 34400K, committed 35520K, reserved 1114112K
  class space    used 3564K, committed 4032K, reserved 1048576K
}
Event: 8.728 GC heap after
{Heap after GC invocations=17 (full 1):
 PSYoungGen      total 24576K, used 2368K [0x00000000d5580000, 0x00000000d7000000, 0x0000000100000000)
  eden space 22016K, 0% used [0x00000000d5580000,0x00000000d5580000,0x00000000d6b00000)
  from space 2560K, 92% used [0x00000000d6d80000,0x00000000d6fd0010,0x00000000d7000000)
  to   space 2560K, 0% used [0x00000000d6b00000,0x00000000d6b00000,0x00000000d6d80000)
 ParOldGen       total 68608K, used 26739K [0x0000000080000000, 0x0000000084300000, 0x00000000d5580000)
  object space 68608K, 38% used [0x0000000080000000,0x0000000081a1ccc0,0x0000000084300000)
 Metaspace       used 34400K, committed 35520K, reserved 1114112K
  class space    used 3564K, committed 4032K, reserved 1048576K
}
Event: 8.797 GC heap before
{Heap before GC invocations=18 (full 1):
 PSYoungGen      total 24576K, used 24384K [0x00000000d5580000, 0x00000000d7000000, 0x0000000100000000)
  eden space 22016K, 100% used [0x00000000d5580000,0x00000000d6b00000,0x00000000d6b00000)
  from space 2560K, 92% used [0x00000000d6d80000,0x00000000d6fd0010,0x00000000d7000000)
  to   space 2560K, 0% used [0x00000000d6b00000,0x00000000d6b00000,0x00000000d6d80000)
 ParOldGen       total 68608K, used 26739K [0x0000000080000000, 0x0000000084300000, 0x00000000d5580000)
  object space 68608K, 38% used [0x0000000080000000,0x0000000081a1ccc0,0x0000000084300000)
 Metaspace       used 34502K, committed 35648K, reserved 1114112K
  class space    used 3565K, committed 4032K, reserved 1048576K
}
Event: 8.802 GC heap after
{Heap after GC invocations=18 (full 1):
 PSYoungGen      total 24576K, used 2104K [0x00000000d5580000, 0x00000000d7000000, 0x0000000100000000)
  eden space 22016K, 0% used [0x00000000d5580000,0x00000000d5580000,0x00000000d6b00000)
  from space 2560K, 82% used [0x00000000d6b00000,0x00000000d6d0e200,0x00000000d6d80000)
  to   space 2560K, 0% used [0x00000000d6d80000,0x00000000d6d80000,0x00000000d7000000)
 ParOldGen       total 68608K, used 29003K [0x0000000080000000, 0x0000000084300000, 0x00000000d5580000)
  object space 68608K, 42% used [0x0000000080000000,0x0000000081c52cd0,0x0000000084300000)
 Metaspace       used 34502K, committed 35648K, reserved 1114112K
  class space    used 3565K, committed 4032K, reserved 1048576K
}
Event: 8.879 GC heap before
{Heap before GC invocations=19 (full 1):
 PSYoungGen      total 24576K, used 11844K [0x00000000d5580000, 0x00000000d7000000, 0x0000000100000000)
  eden space 22016K, 44% used [0x00000000d5580000,0x00000000d5f030d0,0x00000000d6b00000)
  from space 2560K, 82% used [0x00000000d6b00000,0x00000000d6d0e200,0x00000000d6d80000)
  to   space 2560K, 0% used [0x00000000d6d80000,0x00000000d6d80000,0x00000000d7000000)
 ParOldGen       total 68608K, used 29003K [0x0000000080000000, 0x0000000084300000, 0x00000000d5580000)
  object space 68608K, 42% used [0x0000000080000000,0x0000000081c52cd0,0x0000000084300000)
 Metaspace       used 34773K, committed 35840K, reserved 1114112K
  class space    used 3595K, committed 4032K, reserved 1048576K
}
Event: 8.882 GC heap after
{Heap after GC invocations=19 (full 1):
 PSYoungGen      total 23040K, used 739K [0x00000000d5580000, 0x00000000d6e80000, 0x0000000100000000)
  eden space 22016K, 0% used [0x00000000d5580000,0x00000000d5580000,0x00000000d6b00000)
  from space 1024K, 72% used [0x00000000d6d80000,0x00000000d6e38d90,0x00000000d6e80000)
  to   space 1536K, 0% used [0x00000000d6b80000,0x00000000d6b80000,0x00000000d6d00000)
 ParOldGen       total 68608K, used 30955K [0x0000000080000000, 0x0000000084300000, 0x00000000d5580000)
  object space 68608K, 45% used [0x0000000080000000,0x0000000081e3aed0,0x0000000084300000)
 Metaspace       used 34773K, committed 35840K, reserved 1114112K
  class space    used 3595K, committed 4032K, reserved 1048576K
}
Event: 8.882 GC heap before
{Heap before GC invocations=20 (full 2):
 PSYoungGen      total 23040K, used 739K [0x00000000d5580000, 0x00000000d6e80000, 0x0000000100000000)
  eden space 22016K, 0% used [0x00000000d5580000,0x00000000d5580000,0x00000000d6b00000)
  from space 1024K, 72% used [0x00000000d6d80000,0x00000000d6e38d90,0x00000000d6e80000)
  to   space 1536K, 0% used [0x00000000d6b80000,0x00000000d6b80000,0x00000000d6d00000)
 ParOldGen       total 68608K, used 30955K [0x0000000080000000, 0x0000000084300000, 0x00000000d5580000)
  object space 68608K, 45% used [0x0000000080000000,0x0000000081e3aed0,0x0000000084300000)
 Metaspace       used 34773K, committed 35840K, reserved 1114112K
  class space    used 3595K, committed 4032K, reserved 1048576K
}
Event: 8.933 GC heap after
{Heap after GC invocations=20 (full 2):
 PSYoungGen      total 23040K, used 0K [0x00000000d5580000, 0x00000000d6e80000, 0x0000000100000000)
  eden space 22016K, 0% used [0x00000000d5580000,0x00000000d5580000,0x00000000d6b00000)
  from space 1024K, 0% used [0x00000000d6d80000,0x00000000d6d80000,0x00000000d6e80000)
  to   space 1536K, 0% used [0x00000000d6b80000,0x00000000d6b80000,0x00000000d6d00000)
 ParOldGen       total 68608K, used 28623K [0x0000000080000000, 0x0000000084300000, 0x00000000d5580000)
  object space 68608K, 41% used [0x0000000080000000,0x0000000081bf3d58,0x0000000084300000)
 Metaspace       used 34554K, committed 35840K, reserved 1114112K
  class space    used 3532K, committed 4032K, reserved 1048576K
}
Event: 9.404 GC heap before
{Heap before GC invocations=21 (full 2):
 PSYoungGen      total 23040K, used 22016K [0x00000000d5580000, 0x00000000d6e80000, 0x0000000100000000)
  eden space 22016K, 100% used [0x00000000d5580000,0x00000000d6b00000,0x00000000d6b00000)
  from space 1024K, 0% used [0x00000000d6d80000,0x00000000d6d80000,0x00000000d6e80000)
  to   space 1536K, 0% used [0x00000000d6b80000,0x00000000d6b80000,0x00000000d6d00000)
 ParOldGen       total 68608K, used 28623K [0x0000000080000000, 0x0000000084300000, 0x00000000d5580000)
  object space 68608K, 41% used [0x0000000080000000,0x0000000081bf3d58,0x0000000084300000)
 Metaspace       used 36380K, committed 37376K, reserved 1114112K
  class space    used 3761K, committed 4160K, reserved 1048576K
}
Event: 9.407 GC heap after
{Heap after GC invocations=21 (full 2):
 PSYoungGen      total 23552K, used 800K [0x00000000d5580000, 0x00000000d6e00000, 0x0000000100000000)
  eden space 22016K, 0% used [0x00000000d5580000,0x00000000d5580000,0x00000000d6b00000)
  from space 1536K, 52% used [0x00000000d6b80000,0x00000000d6c48020,0x00000000d6d00000)
  to   space 1024K, 0% used [0x00000000d6d00000,0x00000000d6d00000,0x00000000d6e00000)
 ParOldGen       total 68608K, used 28631K [0x0000000080000000, 0x0000000084300000, 0x00000000d5580000)
  object space 68608K, 41% used [0x0000000080000000,0x0000000081bf5d58,0x0000000084300000)
 Metaspace       used 36380K, committed 37376K, reserved 1114112K
  class space    used 3761K, committed 4160K, reserved 1048576K
}

Dll operation events (10 events):
Event: 0.018 Loaded shared library c:\Users\chara\.vscode\extensions\redhat.java-1.55.0-win32-x64\jre\21.0.11-win32-x86_64\bin\java.dll
Event: 0.121 Loaded shared library c:\Users\chara\.vscode\extensions\redhat.java-1.55.0-win32-x64\jre\21.0.11-win32-x86_64\bin\zip.dll
Event: 0.157 Loaded shared library C:\Users\chara\.vscode\extensions\redhat.java-1.55.0-win32-x64\jre\21.0.11-win32-x86_64\bin\instrument.dll
Event: 0.166 Loaded shared library C:\Users\chara\.vscode\extensions\redhat.java-1.55.0-win32-x64\jre\21.0.11-win32-x86_64\bin\net.dll
Event: 0.170 Loaded shared library C:\Users\chara\.vscode\extensions\redhat.java-1.55.0-win32-x64\jre\21.0.11-win32-x86_64\bin\nio.dll
Event: 0.176 Loaded shared library C:\Users\chara\.vscode\extensions\redhat.java-1.55.0-win32-x64\jre\21.0.11-win32-x86_64\bin\zip.dll
Event: 0.204 Loaded shared library C:\Users\chara\.vscode\extensions\redhat.java-1.55.0-win32-x64\jre\21.0.11-win32-x86_64\bin\jimage.dll
Event: 0.307 Loaded shared library c:\Users\chara\.vscode\extensions\redhat.java-1.55.0-win32-x64\jre\21.0.11-win32-x86_64\bin\verify.dll
Event: 4.235 Loaded shared library C:\Users\chara\AppData\Roaming\Code\User\globalStorage\redhat.java\1.55.0\config_ss_win\org.eclipse.equinox.launcher\org.eclipse.equinox.launcher.win32.win32.x86_64_1.3.100.v20260613-0559\eclipse_11924.dll
Event: 5.584 Loaded shared library C:\Users\chara\AppData\Local\Temp\jna-94623691\jna16747029481983043206.dll

Deoptimization events (20 events):
Event: 9.154 Thread 0x00000222ff4ed740 DEOPT PACKING pc=0x00000222a335e078 sp=0x000000ad27df91f0
Event: 9.154 Thread 0x00000222ff4ed740 DEOPT UNPACKING pc=0x00000222aa844242 sp=0x000000ad27df86d8 mode 0
Event: 9.197 Thread 0x00000222ff4ed740 DEOPT PACKING pc=0x00000222a335e078 sp=0x000000ad27df91f0
Event: 9.197 Thread 0x00000222ff4ed740 DEOPT UNPACKING pc=0x00000222aa844242 sp=0x000000ad27df86d8 mode 0
Event: 9.203 Thread 0x00000222ff4ed740 DEOPT PACKING pc=0x00000222a3371ab9 sp=0x000000ad27df8f60
Event: 9.203 Thread 0x00000222ff4ed740 DEOPT UNPACKING pc=0x00000222aa844242 sp=0x000000ad27df8460 mode 0
Event: 9.234 Thread 0x00000222ff4ed740 DEOPT PACKING pc=0x00000222a382450d sp=0x000000ad27dfb790
Event: 9.234 Thread 0x00000222ff4ed740 DEOPT UNPACKING pc=0x00000222aa844242 sp=0x000000ad27dfac40 mode 0
Event: 9.248 Thread 0x00000222ff4ed740 DEOPT PACKING pc=0x00000222a382450d sp=0x000000ad27dfc0a0
Event: 9.248 Thread 0x00000222ff4ed740 DEOPT UNPACKING pc=0x00000222aa844242 sp=0x000000ad27dfb550 mode 0
Event: 9.260 Thread 0x00000222ff4ed740 DEOPT PACKING pc=0x00000222a382450d sp=0x000000ad27dfbb90
Event: 9.260 Thread 0x00000222ff4ed740 DEOPT UNPACKING pc=0x00000222aa844242 sp=0x000000ad27dfb040 mode 0
Event: 9.276 Thread 0x00000222ff4ed740 DEOPT PACKING pc=0x00000222a382450d sp=0x000000ad27dfc970
Event: 9.276 Thread 0x00000222ff4ed740 DEOPT UNPACKING pc=0x00000222aa844242 sp=0x000000ad27dfbe20 mode 0
Event: 9.389 Thread 0x00000222ff4ed740 DEOPT PACKING pc=0x00000222a3371ab9 sp=0x000000ad27dfc5a0
Event: 9.389 Thread 0x00000222ff4ed740 DEOPT UNPACKING pc=0x00000222aa844242 sp=0x000000ad27dfbaa0 mode 0
Event: 9.524 Thread 0x00000222ff4ed740 DEOPT PACKING pc=0x00000222a3371ab9 sp=0x000000ad27dfc150
Event: 9.524 Thread 0x00000222ff4ed740 DEOPT UNPACKING pc=0x00000222aa844242 sp=0x000000ad27dfb650 mode 0
Event: 9.535 Thread 0x00000222ff4ed740 DEOPT PACKING pc=0x00000222a34fac7b sp=0x000000ad27dfc130
Event: 9.536 Thread 0x00000222ff4ed740 DEOPT UNPACKING pc=0x00000222aa844242 sp=0x000000ad27dfb668 mode 0

Classes loaded (20 events):
Event: 8.240 Loading class java/lang/runtime/ObjectMethods$1
Event: 8.240 Loading class java/lang/runtime/ObjectMethods$1 done
Event: 8.273 Loading class java/util/WeakHashMap$KeyIterator
Event: 8.274 Loading class java/util/WeakHashMap$KeyIterator done
Event: 8.422 Loading class java/lang/invoke/MethodHandleImpl$CountingWrapper
Event: 8.422 Loading class java/lang/invoke/MethodHandleImpl$CountingWrapper done
Event: 8.437 Loading class java/util/AbstractList$ListItr
Event: 8.437 Loading class java/util/AbstractList$ListItr done
Event: 8.454 Loading class java/nio/channels/Channels$ReadableByteChannelImpl
Event: 8.454 Loading class java/nio/channels/Channels$ReadableByteChannelImpl done
Event: 8.456 Loading class java/nio/channels/NonWritableChannelException
Event: 8.456 Loading class java/nio/channels/NonWritableChannelException done
Event: 8.552 Loading class java/lang/invoke/MethodHandleImpl$CountingWrapper$1
Event: 8.552 Loading class java/lang/invoke/MethodHandleImpl$CountingWrapper$1 done
Event: 8.983 Loading class java/util/zip/CheckedInputStream
Event: 8.983 Loading class java/util/zip/CheckedInputStream done
Event: 9.286 Loading class java/util/Vector$1
Event: 9.287 Loading class java/util/Vector$1 done
Event: 9.695 Loading class java/util/regex/Pattern$Caret
Event: 9.695 Loading class java/util/regex/Pattern$Caret done

Classes unloaded (20 events):
Event: 8.894 Thread 0x00000222a017e9e0 Unloading class 0x00000222b83c1c00 'java/lang/invoke/LambdaForm$MH+0x00000222b83c1c00'
Event: 8.894 Thread 0x00000222a017e9e0 Unloading class 0x00000222b83c1400 'java/lang/invoke/LambdaForm$MH+0x00000222b83c1400'
Event: 8.894 Thread 0x00000222a017e9e0 Unloading class 0x00000222b83c1000 'java/lang/invoke/LambdaForm$MH+0x00000222b83c1000'
Event: 8.894 Thread 0x00000222a017e9e0 Unloading class 0x00000222b83c0c00 'java/lang/invoke/LambdaForm$MH+0x00000222b83c0c00'
Event: 8.894 Thread 0x00000222a017e9e0 Unloading class 0x00000222b83c0400 'java/lang/invoke/LambdaForm$MH+0x00000222b83c0400'
Event: 8.894 Thread 0x00000222a017e9e0 Unloading class 0x00000222b83c0800 'java/lang/invoke/LambdaForm$MH+0x00000222b83c0800'
Event: 8.894 Thread 0x00000222a017e9e0 Unloading class 0x00000222b83bfc00 'java/lang/invoke/LambdaForm$MH+0x00000222b83bfc00'
Event: 8.894 Thread 0x00000222a017e9e0 Unloading class 0x00000222b83bf800 'java/lang/invoke/LambdaForm$MH+0x00000222b83bf800'
Event: 8.894 Thread 0x00000222a017e9e0 Unloading class 0x00000222b83bf400 'java/lang/invoke/LambdaForm$MH+0x00000222b83bf400'
Event: 8.894 Thread 0x00000222a017e9e0 Unloading class 0x00000222b83bf000 'java/lang/invoke/LambdaForm$MH+0x00000222b83bf000'
Event: 8.894 Thread 0x00000222a017e9e0 Unloading class 0x00000222b83bec00 'java/lang/invoke/LambdaForm$MH+0x00000222b83bec00'
Event: 8.894 Thread 0x00000222a017e9e0 Unloading class 0x00000222b83be800 'java/lang/invoke/LambdaForm$MH+0x00000222b83be800'
Event: 8.894 Thread 0x00000222a017e9e0 Unloading class 0x00000222b83be400 'java/lang/invoke/LambdaForm$MH+0x00000222b83be400'
Event: 8.894 Thread 0x00000222a017e9e0 Unloading class 0x00000222b83be000 'java/lang/invoke/LambdaForm$MH+0x00000222b83be000'
Event: 8.894 Thread 0x00000222a017e9e0 Unloading class 0x00000222b83bd800 'java/lang/invoke/LambdaForm$MH+0x00000222b83bd800'
Event: 8.894 Thread 0x00000222a017e9e0 Unloading class 0x00000222b83bd400 'java/lang/invoke/LambdaForm$DMH+0x00000222b83bd400'
Event: 8.894 Thread 0x00000222a017e9e0 Unloading class 0x00000222b83bd000 'java/lang/invoke/LambdaForm$DMH+0x00000222b83bd000'
Event: 8.894 Thread 0x00000222a017e9e0 Unloading class 0x00000222b83bcc00 'java/lang/invoke/LambdaForm$DMH+0x00000222b83bcc00'
Event: 8.894 Thread 0x00000222a017e9e0 Unloading class 0x00000222b83bc400 'java/lang/invoke/LambdaForm$DMH+0x00000222b83bc400'
Event: 8.894 Thread 0x00000222a017e9e0 Unloading class 0x00000222b83bc800 'java/lang/invoke/LambdaForm$DMH+0x00000222b83bc800'

Classes redefined (0 events):
No events

Internal exceptions (20 events):
Event: 8.420 Thread 0x00000222ff4ef180 Exception <a 'java/lang/NoSuchMethodError'{0x00000000d66cdf30}: 'java.lang.Object java.lang.invoke.DirectMethodHandle$Holder.invokeStatic(java.lang.Object, int, java.lang.Object, java.lang.Object)'> (0x00000000d66cdf30) 
thrown [s\src\hotspot\share\interpreter\linkResolver.cpp, line 773]
Event: 8.420 Thread 0x00000222fe7889c0 Exception <a 'java/lang/NoSuchMethodError'{0x00000000d6632f28}: 'java.lang.Object java.lang.invoke.DirectMethodHandle$Holder.invokeStatic(java.lang.Object, int, java.lang.Object, java.lang.Object)'> (0x00000000d6632f28) 
thrown [s\src\hotspot\share\interpreter\linkResolver.cpp, line 773]
Event: 8.421 Thread 0x00000222ff4eddd0 Exception <a 'java/lang/NoSuchMethodError'{0x00000000d66d3c18}: 'java.lang.Object java.lang.invoke.DelegatingMethodHandle$Holder.delegate(java.lang.Object, int, java.lang.Object, java.lang.Object)'> (0x00000000d66d3c18) 
thrown [s\src\hotspot\share\interpreter\linkResolver.cpp, line 773]
Event: 8.421 Thread 0x00000222ff4eeaf0 Exception <a 'java/lang/NoSuchMethodError'{0x00000000d66d7738}: 'java.lang.Object java.lang.invoke.DelegatingMethodHandle$Holder.delegate(java.lang.Object, int, java.lang.Object, java.lang.Object)'> (0x00000000d66d7738) 
thrown [s\src\hotspot\share\interpreter\linkResolver.cpp, line 773]
Event: 8.421 Thread 0x00000222fe7889c0 Exception <a 'java/lang/NoSuchMethodError'{0x00000000d6636520}: 'java.lang.Object java.lang.invoke.DelegatingMethodHandle$Holder.delegate(java.lang.Object, int, java.lang.Object, java.lang.Object)'> (0x00000000d6636520) 
thrown [s\src\hotspot\share\interpreter\linkResolver.cpp, line 773]
Event: 8.421 Thread 0x00000222ff4ed740 Exception <a 'java/lang/NoSuchMethodError'{0x00000000d66b6620}: 'java.lang.Object java.lang.invoke.DelegatingMethodHandle$Holder.delegate(java.lang.Object, int, java.lang.Object, java.lang.Object)'> (0x00000000d66b6620) 
thrown [s\src\hotspot\share\interpreter\linkResolver.cpp, line 773]
Event: 8.421 Thread 0x00000222ff4ebd00 Exception <a 'java/lang/NoSuchMethodError'{0x00000000d66dc408}: 'java.lang.Object java.lang.invoke.DelegatingMethodHandle$Holder.delegate(java.lang.Object, int, java.lang.Object, java.lang.Object)'> (0x00000000d66dc408) 
thrown [s\src\hotspot\share\interpreter\linkResolver.cpp, line 773]
Event: 8.421 Thread 0x00000222ff4ef180 Exception <a 'java/lang/NoSuchMethodError'{0x00000000d66dffb8}: 'java.lang.Object java.lang.invoke.DelegatingMethodHandle$Holder.delegate(java.lang.Object, int, java.lang.Object, java.lang.Object)'> (0x00000000d66dffb8) 
thrown [s\src\hotspot\share\interpreter\linkResolver.cpp, line 773]
Event: 8.423 Thread 0x00000222ff4ed740 Implicit null exception at 0x00000222aaf5b876 to 0x00000222aaf5bbac
Event: 8.425 Thread 0x00000222ff4ef180 Exception <a 'java/lang/NoSuchMethodError'{0x00000000d674eac8}: 'int java.lang.invoke.Invokers$Holder.linkToTargetMethod(java.lang.Object, java.lang.Object, java.lang.Object)'> (0x00000000d674eac8) 
thrown [s\src\hotspot\share\interpreter\linkResolver.cpp, line 773]
Event: 8.426 Thread 0x00000222ff4ebd00 Exception <a 'java/lang/NoSuchMethodError'{0x00000000d6756520}: 'int java.lang.invoke.Invokers$Holder.linkToTargetMethod(java.lang.Object, java.lang.Object, java.lang.Object)'> (0x00000000d6756520) 
thrown [s\src\hotspot\share\interpreter\linkResolver.cpp, line 773]
Event: 8.426 Thread 0x00000222ff4eeaf0 Exception <a 'java/lang/NoSuchMethodError'{0x00000000d67515c8}: 'int java.lang.invoke.Invokers$Holder.linkToTargetMethod(java.lang.Object, java.lang.Object, java.lang.Object)'> (0x00000000d67515c8) 
thrown [s\src\hotspot\share\interpreter\linkResolver.cpp, line 773]
Event: 8.426 Thread 0x00000222ff4eddd0 Exception <a 'java/lang/NoSuchMethodError'{0x00000000d676def0}: 'int java.lang.invoke.Invokers$Holder.linkToTargetMethod(java.lang.Object, java.lang.Object, java.lang.Object)'> (0x00000000d676def0) 
thrown [s\src\hotspot\share\interpreter\linkResolver.cpp, line 773]
Event: 8.871 Thread 0x00000222fe7820c0 Exception <a 'java/io/FileNotFoundException'{0x00000000d5e4a388}> (0x00000000d5e4a388) 
thrown [s\src\hotspot\share\prims\jni.cpp, line 520]
Event: 8.872 Thread 0x00000222fe7820c0 Exception <a 'java/io/FileNotFoundException'{0x00000000d5e4b888}> (0x00000000d5e4b888) 
thrown [s\src\hotspot\share\prims\jni.cpp, line 520]
Event: 8.872 Thread 0x00000222fe7820c0 Exception <a 'java/io/FileNotFoundException'{0x00000000d5e4caf8}> (0x00000000d5e4caf8) 
thrown [s\src\hotspot\share\prims\jni.cpp, line 520]
Event: 9.010 Thread 0x00000222ff4ed0b0 Exception <a 'java/lang/LinkageError'{0x00000000d58e89b0}: loader lombok.launch.ShadowClassLoader @7c200a35 attempted duplicate class definition for lombok.launch.PatchFixesHider$Transform. (lombok.launch.PatchFixesHider$Transform is in unnamed module of loader lombok.launch.ShadowClassLoader @7c200a35, parent loader org.eclipse.osgi.internal.loader.EquinoxClassLoader @5e63a688)> (0x00000000d58e89b0) 
thrown [s\src\hotspot\share\classfile\systemDictionary.cpp, line 1673]
Event: 9.012 Thread 0x00000222fe7889c0 Exception <a 'java/lang/LinkageError'{0x00000000d5ab9660}: loader lombok.launch.ShadowClassLoader @7c200a35 attempted duplicate class definition for lombok.launch.PatchFixesHider$Transform. (lombok.launch.PatchFixesHider$Transform is in unnamed module of loader lombok.launch.ShadowClassLoader @7c200a35, parent loader org.eclipse.osgi.internal.loader.EquinoxClassLoader @5e63a688)> (0x00000000d5ab9660) 
thrown [s\src\hotspot\share\classfile\systemDictionary.cpp, line 1673]
Event: 9.012 Thread 0x00000222ff4ef180 Exception <a 'java/lang/LinkageError'{0x00000000d58bb7a8}: loader lombok.launch.ShadowClassLoader @7c200a35 attempted duplicate class definition for lombok.launch.PatchFixesHider$Transform. (lombok.launch.PatchFixesHider$Transform is in unnamed module of loader lombok.launch.ShadowClassLoader @7c200a35, parent loader org.eclipse.osgi.internal.loader.EquinoxClassLoader @5e63a688)> (0x00000000d58bb7a8) 
thrown [s\src\hotspot\share\classfile\systemDictionary.cpp, line 1673]
Event: 9.012 Thread 0x00000222ff4eeaf0 Exception <a 'java/lang/LinkageError'{0x00000000d5a5b258}: loader lombok.launch.ShadowClassLoader @7c200a35 attempted duplicate class definition for lombok.launch.PatchFixesHider$Transform. (lombok.launch.PatchFixesHider$Transform is in unnamed module of loader lombok.launch.ShadowClassLoader @7c200a35, parent loader org.eclipse.osgi.internal.loader.EquinoxClassLoader @5e63a688)> (0x00000000d5a5b258) 
thrown [s\src\hotspot\share\classfile\systemDictionary.cpp, line 1673]

ZGC Phase Switch (0 events):
No events

VM Operations (20 events):
Event: 8.574 Executing safepoint VM operation: ParallelGCFailedAllocation (Allocation Failure)
Event: 8.577 Executing safepoint VM operation: ParallelGCFailedAllocation (Allocation Failure) done
Event: 8.628 Executing safepoint VM operation: ParallelGCFailedAllocation (Allocation Failure)
Event: 8.632 Executing safepoint VM operation: ParallelGCFailedAllocation (Allocation Failure) done
Event: 8.724 Executing safepoint VM operation: ParallelGCFailedAllocation (Allocation Failure)
Event: 8.728 Executing safepoint VM operation: ParallelGCFailedAllocation (Allocation Failure) done
Event: 8.797 Executing safepoint VM operation: ParallelGCFailedAllocation (Allocation Failure)
Event: 8.802 Executing safepoint VM operation: ParallelGCFailedAllocation (Allocation Failure) done
Event: 8.840 Executing non-safepoint VM operation: HandshakeAllThreads (Deoptimize)
Event: 8.840 Executing non-safepoint VM operation: HandshakeAllThreads (Deoptimize) done
Event: 8.878 Executing safepoint VM operation: CollectForMetadataAllocation (Metadata GC Threshold)
Event: 8.933 Executing safepoint VM operation: CollectForMetadataAllocation (Metadata GC Threshold) done
Event: 8.933 Executing safepoint VM operation: CollectForMetadataAllocation (Metadata GC Threshold)
Event: 8.933 Executing safepoint VM operation: CollectForMetadataAllocation (Metadata GC Threshold) done
Event: 8.942 Executing non-safepoint VM operation: HandshakeAllThreads (Deoptimize)
Event: 8.943 Executing non-safepoint VM operation: HandshakeAllThreads (Deoptimize) done
Event: 9.404 Executing safepoint VM operation: ParallelGCFailedAllocation (Allocation Failure)
Event: 9.407 Executing safepoint VM operation: ParallelGCFailedAllocation (Allocation Failure) done
Event: 11.422 Executing safepoint VM operation: Cleanup
Event: 11.422 Executing safepoint VM operation: Cleanup done

Memory protections (0 events):
No events

Nmethod flushes (20 events):
Event: 8.903 Thread 0x00000222a017e9e0 flushing  nmethod 0x00000222a3605290
Event: 8.903 Thread 0x00000222a017e9e0 flushing  nmethod 0x00000222a3622890
Event: 8.903 Thread 0x00000222a017e9e0 flushing  nmethod 0x00000222a3626290
Event: 8.903 Thread 0x00000222a017e9e0 flushing  nmethod 0x00000222a3626590
Event: 8.903 Thread 0x00000222a017e9e0 flushing  nmethod 0x00000222a362bf90
Event: 8.903 Thread 0x00000222a017e9e0 flushing  nmethod 0x00000222a363dc10
Event: 8.903 Thread 0x00000222a017e9e0 flushing  nmethod 0x00000222a3696990
Event: 8.903 Thread 0x00000222a017e9e0 flushing  nmethod 0x00000222a36e6290
Event: 8.903 Thread 0x00000222a017e9e0 flushing  nmethod 0x00000222a36e8c90
Event: 8.903 Thread 0x00000222a017e9e0 flushing  nmethod 0x00000222a370a890
Event: 8.903 Thread 0x00000222a017e9e0 flushing  nmethod 0x00000222a370b290
Event: 8.903 Thread 0x00000222a017e9e0 flushing  nmethod 0x00000222a3710590
Event: 8.903 Thread 0x00000222a017e9e0 flushing  nmethod 0x00000222a3745a90
Event: 8.903 Thread 0x00000222a017e9e0 flushing  nmethod 0x00000222a3753990
Event: 8.903 Thread 0x00000222a017e9e0 flushing  nmethod 0x00000222a378ee90
Event: 8.903 Thread 0x00000222a017e9e0 flushing  nmethod 0x00000222a378f710
Event: 8.903 Thread 0x00000222a017e9e0 flushing  nmethod 0x00000222a378fb10
Event: 8.903 Thread 0x00000222a017e9e0 flushing  nmethod 0x00000222a3790490
Event: 8.903 Thread 0x00000222a017e9e0 flushing  nmethod 0x00000222a3790a90
Event: 8.903 Thread 0x00000222a017e9e0 flushing  nmethod 0x00000222a37a9410

Events (20 events):
Event: 7.021 Thread 0x00000222a00bbc60 Thread added: 0x00000222fe783470
Event: 7.021 Thread 0x00000222a00bbc60 Thread added: 0x00000222fe784eb0
Event: 7.022 Thread 0x00000222a00bbc60 Thread added: 0x00000222fe785540
Event: 7.022 Thread 0x00000222a00bbc60 Thread added: 0x00000222fe785bd0
Event: 7.022 Thread 0x00000222a00bbc60 Thread added: 0x00000222fe782750
Event: 7.023 Thread 0x00000222a00bbc60 Thread added: 0x00000222fe786260
Event: 7.023 Thread 0x00000222a00bbc60 Thread added: 0x00000222fe782de0
Event: 7.023 Thread 0x00000222a00bbc60 Thread added: 0x00000222fe787ca0
Event: 7.023 Thread 0x00000222a00bbc60 Thread added: 0x00000222fe788330
Event: 7.023 Thread 0x00000222a00bbc60 Thread added: 0x00000222fe7868f0
Event: 7.068 Thread 0x00000222a00bbc60 Thread added: 0x00000222fe786f80
Event: 7.372 Thread 0x00000222a00bbc60 Thread added: 0x00000222fe787610
Event: 7.372 Thread 0x00000222a00bbc60 Thread added: 0x00000222fe7889c0
Event: 7.791 Thread 0x00000222fe7889c0 Thread added: 0x00000222ff4ed0b0
Event: 7.798 Thread 0x00000222ff4ed0b0 Thread added: 0x00000222ff4ed740
Event: 7.800 Thread 0x00000222ff4ed740 Thread added: 0x00000222ff4eeaf0
Event: 7.802 Thread 0x00000222ff4eeaf0 Thread added: 0x00000222ff4ef180
Event: 7.802 Thread 0x00000222ff4ef180 Thread added: 0x00000222ff4ebd00
Event: 7.808 Thread 0x00000222fe7889c0 Thread added: 0x00000222ff4eddd0
Event: 9.089 Thread 0x00000222fe7820c0 Thread added: 0x00000222ff4ec390


Dynamic libraries:
0x00007ff700570000 - 0x00007ff70057e000 	c:\Users\chara\.vscode\extensions\redhat.java-1.55.0-win32-x64\jre\21.0.11-win32-x86_64\bin\java.exe
0x00007ff8041c0000 - 0x00007ff804426000 	C:\Windows\SYSTEM32\ntdll.dll
0x00007ff802760000 - 0x00007ff802829000 	C:\Windows\System32\KERNEL32.DLL
0x00007ff8017c0000 - 0x00007ff801bba000 	C:\Windows\System32\KERNELBASE.dll
0x00007ff801670000 - 0x00007ff8017bc000 	C:\Windows\System32\ucrtbase.dll
0x00007ffff7560000 - 0x00007ffff757e000 	c:\Users\chara\.vscode\extensions\redhat.java-1.55.0-win32-x64\jre\21.0.11-win32-x86_64\bin\VCRUNTIME140.dll
0x00007ffff7540000 - 0x00007ffff7558000 	c:\Users\chara\.vscode\extensions\redhat.java-1.55.0-win32-x64\jre\21.0.11-win32-x86_64\bin\jli.dll
0x00007ff802ff0000 - 0x00007ff8031b7000 	C:\Windows\System32\USER32.dll
0x00007fffef7a0000 - 0x00007fffefa32000 	C:\Windows\WinSxS\amd64_microsoft.windows.common-controls_6595b64144ccf1df_6.0.26100.8521_none_3e08b75ce33403b3\COMCTL32.dll
0x00007ff801bc0000 - 0x00007ff801be7000 	C:\Windows\System32\win32u.dll
0x00007ff803c00000 - 0x00007ff803ca9000 	C:\Windows\System32\msvcrt.dll
0x00007ff802670000 - 0x00007ff80269b000 	C:\Windows\System32\GDI32.dll
0x00007ff801e00000 - 0x00007ff801f2b000 	C:\Windows\System32\gdi32full.dll
0x00007ff801500000 - 0x00007ff8015a3000 	C:\Windows\System32\msvcp_win.dll
0x00007ff803f50000 - 0x00007ff803f82000 	C:\Windows\System32\IMM32.DLL
0x00007ffff81c0000 - 0x00007ffff81cc000 	c:\Users\chara\.vscode\extensions\redhat.java-1.55.0-win32-x64\jre\21.0.11-win32-x86_64\bin\vcruntime140_1.dll
0x00007fffd9400000 - 0x00007fffd948d000 	c:\Users\chara\.vscode\extensions\redhat.java-1.55.0-win32-x64\jre\21.0.11-win32-x86_64\bin\msvcp140.dll
0x00007fff6db80000 - 0x00007fff6e922000 	c:\Users\chara\.vscode\extensions\redhat.java-1.55.0-win32-x64\jre\21.0.11-win32-x86_64\bin\server\jvm.dll
0x00007ff8026a0000 - 0x00007ff802756000 	C:\Windows\System32\ADVAPI32.dll
0x00007ff801f30000 - 0x00007ff801fda000 	C:\Windows\System32\sechost.dll
0x00007ff803cb0000 - 0x00007ff803dc8000 	C:\Windows\System32\RPCRT4.dll
0x00007ff803390000 - 0x00007ff803410000 	C:\Windows\System32\WS2_32.dll
0x00007ff8012d0000 - 0x00007ff80132e000 	C:\Windows\SYSTEM32\POWRPROF.dll
0x00007ffff0270000 - 0x00007ffff02a6000 	C:\Windows\SYSTEM32\WINMM.dll
0x00007ffffdca0000 - 0x00007ffffdcab000 	C:\Windows\SYSTEM32\VERSION.dll
0x00007ff8012b0000 - 0x00007ff8012c4000 	C:\Windows\SYSTEM32\UMPDC.dll
0x00007ff800140000 - 0x00007ff80015b000 	C:\Windows\SYSTEM32\kernel.appcore.dll
0x00007ffff7d10000 - 0x00007ffff7d1a000 	c:\Users\chara\.vscode\extensions\redhat.java-1.55.0-win32-x64\jre\21.0.11-win32-x86_64\bin\jimage.dll
0x00007ffffebb0000 - 0x00007ffffedf2000 	C:\Windows\SYSTEM32\DBGHELP.DLL
0x00007ff801fe0000 - 0x00007ff802363000 	C:\Windows\System32\combase.dll
0x00007ff8031c0000 - 0x00007ff803299000 	C:\Windows\System32\OLEAUT32.dll
0x00007fffefa40000 - 0x00007fffefa7b000 	C:\Windows\SYSTEM32\dbgcore.DLL
0x00007ff801450000 - 0x00007ff8014f8000 	C:\Windows\System32\bcryptPrimitives.dll
0x00007ffff21b0000 - 0x00007ffff21bf000 	c:\Users\chara\.vscode\extensions\redhat.java-1.55.0-win32-x64\jre\21.0.11-win32-x86_64\bin\instrument.dll
0x00007fffdc040000 - 0x00007fffdc060000 	c:\Users\chara\.vscode\extensions\redhat.java-1.55.0-win32-x64\jre\21.0.11-win32-x86_64\bin\java.dll
0x00007ff803470000 - 0x00007ff803bf4000 	C:\Windows\System32\SHELL32.dll
0x00007ffffefd0000 - 0x00007fffff850000 	C:\Windows\SYSTEM32\windows.storage.dll
0x00007ff802470000 - 0x00007ff802566000 	C:\Windows\System32\SHCORE.dll
0x00007ff802f40000 - 0x00007ff802fa7000 	C:\Windows\System32\shlwapi.dll
0x00007ff801370000 - 0x00007ff801399000 	C:\Windows\SYSTEM32\profapi.dll
0x00007fffdbfd0000 - 0x00007fffdbfe8000 	c:\Users\chara\.vscode\extensions\redhat.java-1.55.0-win32-x64\jre\21.0.11-win32-x86_64\bin\zip.dll
0x00007ffff21a0000 - 0x00007ffff21b0000 	C:\Users\chara\.vscode\extensions\redhat.java-1.55.0-win32-x64\jre\21.0.11-win32-x86_64\bin\net.dll
0x00007ffffa7c0000 - 0x00007ffffa8e9000 	C:\Windows\SYSTEM32\WINHTTP.dll
0x00007ff800750000 - 0x00007ff8007bc000 	C:\Windows\system32\mswsock.dll
0x00007fffdbfb0000 - 0x00007fffdbfc6000 	C:\Users\chara\.vscode\extensions\redhat.java-1.55.0-win32-x64\jre\21.0.11-win32-x86_64\bin\nio.dll
0x00007ffff2170000 - 0x00007ffff2180000 	c:\Users\chara\.vscode\extensions\redhat.java-1.55.0-win32-x64\jre\21.0.11-win32-x86_64\bin\verify.dll
0x00007fffcf970000 - 0x00007fffcf9b5000 	C:\Users\chara\AppData\Roaming\Code\User\globalStorage\redhat.java\1.55.0\config_ss_win\org.eclipse.equinox.launcher\org.eclipse.equinox.launcher.win32.win32.x86_64_1.3.100.v20260613-0559\eclipse_11924.dll
0x00007ff802d80000 - 0x00007ff802f18000 	C:\Windows\System32\ole32.dll
0x00007ff800a30000 - 0x00007ff800a4b000 	C:\Windows\SYSTEM32\CRYPTSP.dll
0x00007ff800160000 - 0x00007ff800199000 	C:\Windows\system32\rsaenh.dll
0x00007ff800800000 - 0x00007ff800833000 	C:\Windows\SYSTEM32\USERENV.dll
0x00007ff801340000 - 0x00007ff80136a000 	C:\Windows\SYSTEM32\bcrypt.dll
0x00007ff800a50000 - 0x00007ff800a5c000 	C:\Windows\SYSTEM32\CRYPTBASE.dll
0x00007fffffb90000 - 0x00007fffffbc3000 	C:\Windows\SYSTEM32\IPHLPAPI.DLL
0x00007ff803f30000 - 0x00007ff803f3a000 	C:\Windows\System32\NSI.dll
0x00007fffd3e70000 - 0x00007fffd3eb9000 	C:\Users\chara\AppData\Local\Temp\jna-94623691\jna16747029481983043206.dll
0x00007ff802fb0000 - 0x00007ff802fb8000 	C:\Windows\System32\PSAPI.DLL
0x00007ffffac40000 - 0x00007ffffac5d000 	C:\Windows\SYSTEM32\dhcpcsvc6.DLL
0x00007ffffa940000 - 0x00007ffffa965000 	C:\Windows\SYSTEM32\dhcpcsvc.DLL

JVMTI agents:
c:\Users\chara\.vscode\extensions\redhat.java-1.55.0-win32-x64\lombok\lombok-1.18.39-4050.jar path:c:\Users\chara\.vscode\extensions\redhat.java-1.55.0-win32-x64\jre\21.0.11-win32-x86_64\bin\instrument.dll, loaded, initialized, instrumentlib options:none

dbghelp: loaded successfully - version: 4.0.5 - missing functions: none
symbol engine: initialized successfully - sym options: 0x614 - pdb path: .;c:\Users\chara\.vscode\extensions\redhat.java-1.55.0-win32-x64\jre\21.0.11-win32-x86_64\bin;C:\Windows\SYSTEM32;C:\Windows\WinSxS\amd64_microsoft.windows.common-controls_6595b64144ccf1df_6.0.26100.8521_none_3e08b75ce33403b3;c:\Users\chara\.vscode\extensions\redhat.java-1.55.0-win32-x64\jre\21.0.11-win32-x86_64\bin\server;C:\Users\chara\AppData\Roaming\Code\User\globalStorage\redhat.java\1.55.0\config_ss_win\org.eclipse.equinox.launcher\org.eclipse.equinox.launcher.win32.win32.x86_64_1.3.100.v20260613-0559;C:\Users\chara\AppData\Local\Temp\jna-94623691

VM Arguments:
jvm_args: --add-modules=ALL-SYSTEM --add-opens=java.base/java.util=ALL-UNNAMED --add-opens=java.base/java.lang=ALL-UNNAMED --add-opens=java.base/sun.nio.fs=ALL-UNNAMED -Declipse.application=org.eclipse.jdt.ls.core.id1 -Dosgi.bundles.defaultStartLevel=4 -Declipse.product=org.eclipse.jdt.ls.core.product -Djava.import.generatesMetadataFilesAtProjectRoot=false -DDetectVMInstallationsJob.disabled=true -Dfile.encoding=utf8 -XX:+UseParallelGC -XX:GCTimeRatio=4 -XX:AdaptiveSizePolicyWeight=90 -Dsun.zip.disableMemoryMapping=true -Xmx2G -Xms100m -Xlog:disable -javaagent:c:\Users\chara\.vscode\extensions\redhat.java-1.55.0-win32-x64\lombok\lombok-1.18.39-4050.jar 
java_command: c:\Users\chara\.vscode\extensions\redhat.java-1.55.0-win32-x64\server\plugins\org.eclipse.equinox.launcher_1.7.200.v20260619-2039.jar -configuration c:\Users\chara\AppData\Roaming\Code\User\globalStorage\redhat.java\1.55.0\config_ss_win -data c:\Users\chara\AppData\Roaming\Code\User\workspaceStorage\a199417ad5ca6d0e7220fd05dc3a5e19\redhat.java\ss_ws --pipe=\\.\pipe\lsp-8f6b23f75578acd7b60ebc7f3c9583f0-sock
java_class_path (initial): c:\Users\chara\.vscode\extensions\redhat.java-1.55.0-win32-x64\server\plugins\org.eclipse.equinox.launcher_1.7.200.v20260619-2039.jar
Launcher Type: SUN_STANDARD

[Global flags]
    uintx AdaptiveSizePolicyWeight                 = 90                                        {product} {command line}
     intx CICompilerCount                          = 4                                         {product} {ergonomic}
    uintx GCTimeRatio                              = 4                                         {product} {command line}
   size_t InitialHeapSize                          = 104857600                                 {product} {command line}
   size_t MaxHeapSize                              = 2147483648                                {product} {command line}
   size_t MaxNewSize                               = 715653120                                 {product} {ergonomic}
   size_t MinHeapDeltaBytes                        = 524288                                    {product} {ergonomic}
   size_t MinHeapSize                              = 104857600                                 {product} {command line}
   size_t NewSize                                  = 34603008                                  {product} {ergonomic}
    uintx NonNMethodCodeHeapSize                   = 5839372                                {pd product} {ergonomic}
    uintx NonProfiledCodeHeapSize                  = 122909434                              {pd product} {ergonomic}
   size_t OldSize                                  = 70254592                                  {product} {ergonomic}
    uintx ProfiledCodeHeapSize                     = 122909434                              {pd product} {ergonomic}
    uintx ReservedCodeCacheSize                    = 251658240                              {pd product} {ergonomic}
     bool SegmentedCodeCache                       = true                                      {product} {ergonomic}
   size_t SoftMaxHeapSize                          = 2147483648                             {manageable} {ergonomic}
     bool UseCompressedOops                        = true                           {product lp64_product} {ergonomic}
     bool UseLargePagesIndividualAllocation        = false                                  {pd product} {ergonomic}
     bool UseParallelGC                            = true                                      {product} {command line}

Logging:
Log output configuration:
 #0: stdout all=off uptime,level,tags foldmultilines=false
 #1: stderr all=off uptime,level,tags foldmultilines=false

Release file:
JAVA_VERSION="21.0.11" 
MODULES="java.base java.compiler java.datatransfer java.xml java.prefs java.desktop java.instrument java.logging java.management java.security.sasl java.naming java.rmi java.management.rmi java.net.http java.scripting java.security.jgss java.transaction.xa java.sql java.sql.rowset java.xml.crypto java.se java.smartcardio jdk.accessibility jdk.internal.jvmstat jdk.attach jdk.charsets jdk.internal.opt jdk.zipfs jdk.compiler jdk.crypto.ec jdk.crypto.cryptoki jdk.crypto.mscapi jdk.dynalink jdk.internal.ed jdk.editpad jdk.hotspot.agent jdk.httpserver jdk.internal.le jdk.internal.vm.ci jdk.internal.vm.compiler jdk.internal.vm.compiler.management jdk.jartool jdk.javadoc jdk.jcmd jdk.management jdk.management.agent jdk.jconsole jdk.jdeps jdk.jdwp.agent jdk.jdi jdk.jfr jdk.jshell jdk.jsobject jdk.jstatd jdk.localedata jdk.management.jfr jdk.naming.dns jdk.naming.rmi jdk.net jdk.nio.mapmode jdk.random jdk.sctp jdk.security.auth jdk.security.jgss jdk.unsupported jdk.unsupported.desktop jdk.xml.dom" 

Environment Variables:
PATH=D:\Program Files\Eclipse Adoptium\jdk-25.0.2.10-hotspot\bin;C:\Python313\Scripts\;C:\Python313\;C:\Windows\system32;C:\Windows;C:\Windows\System32\Wbem;C:\Windows\System32\WindowsPowerShell\v1.0\;C:\Windows\System32\OpenSSH\;C:\Program Files\dotnet\;C:\Program Files\Microsoft SQL Server\150\Tools\Binn\;C:\Program Files\Microsoft SQL Server\Client SDK\ODBC\170\Tools\Binn\;C:\Program Files (x86)\Microsoft SQL Server\160\Tools\Binn\;C:\Program Files\Microsoft SQL Server\160\Tools\Binn\;C:\Program Files\Microsoft SQL Server\160\DTS\Binn\;C:\Program Files\Git\cmd;C:\Program Files\nodejs\;C:\ProgramData\chocolatey\bin;D:\Program Files\Eclipse Adoptium\jdk-25.0.2.10-hotspot\bin;C:\Users\chara\AppData\Local\Microsoft\WindowsApps;C:\Users\chara\.dotnet\tools;C:\Users\chara\AppData\Local\Programs\Microsoft VS Code\bin;C:\Program Files\MongoDB\Server\8.0\bin;D:\Wipro_Practice\MongoDB;C:\Users\chara\AppData\Roaming\npm;C:\Program Files\nodejs;C:\Users\chara\AppData\Local\GitHubDesktop\bin;
USERNAME=chara
OS=Windows_NT
PROCESSOR_IDENTIFIER=Intel64 Family 6 Model 186 Stepping 3, GenuineIntel
TMP=C:\Users\chara\AppData\Local\Temp
TEMP=C:\Users\chara\AppData\Local\Temp




Periodic native trim disabled

---------------  S Y S T E M  ---------------

OS:
 Windows 11 , 64 bit Build 26100 (10.0.26100.8521)
OS uptime: 3 days 3:28 hours
Hyper-V role detected

CPU: total 12 (initial active 12) (6 cores per cpu, 2 threads per core) family 6 model 186 stepping 3 microcode 0x411f, cx8, cmov, fxsr, ht, mmx, 3dnowpref, sse, sse2, sse3, ssse3, sse4.1, sse4.2, popcnt, lzcnt, tsc, tscinvbit, avx, avx2, aes, erms, clmul, bmi1, bmi2, adx, sha, fma, vzeroupper, clflush, clflushopt, clwb, hv, serialize, rdtscp, rdpid, fsrm, f16c, cet_ibt, cet_ss
Processor Information for processor 0
  Max Mhz: 1300, Current Mhz: 1300, Mhz Limit: 1300
Processor Information for processor 1
  Max Mhz: 1300, Current Mhz: 1300, Mhz Limit: 1300
Processor Information for processor 2
  Max Mhz: 1300, Current Mhz: 1300, Mhz Limit: 1300
Processor Information for processor 3
  Max Mhz: 1300, Current Mhz: 1300, Mhz Limit: 1300
Processor Information for processor 4
  Max Mhz: 1300, Current Mhz: 900, Mhz Limit: 897
Processor Information for processor 5
  Max Mhz: 1300, Current Mhz: 900, Mhz Limit: 897
Processor Information for processor 6
  Max Mhz: 1300, Current Mhz: 900, Mhz Limit: 897
Processor Information for processor 7
  Max Mhz: 1300, Current Mhz: 900, Mhz Limit: 897
Processor Information for processor 8
  Max Mhz: 1300, Current Mhz: 900, Mhz Limit: 897
Processor Information for processor 9
  Max Mhz: 1300, Current Mhz: 900, Mhz Limit: 897
Processor Information for processor 10
  Max Mhz: 1300, Current Mhz: 900, Mhz Limit: 897
Processor Information for processor 11
  Max Mhz: 1300, Current Mhz: 900, Mhz Limit: 897

Memory: 4k page, system-wide physical 16067M (1834M free)
TotalPageFile size 37229M (AvailPageFile size 1M)
current process WorkingSet (physical memory assigned to process): 200M, peak: 204M
current process commit charge ("private bytes"): 313M, peak: 317M

vm_info: OpenJDK 64-Bit Server VM (21.0.11+10-LTS) for windows-amd64 JRE (21.0.11+10-LTS), built on 2026-04-21T00:00:00Z by "admin" with MS VC++ 17.12 (VS2022)

END.
