#
# There is insufficient memory for the Java Runtime Environment to continue.
# Native memory allocation (malloc) failed to allocate 1596656 bytes. Error detail: Chunk::new
# Possible reasons:
#   The system is out of physical RAM or swap space
#   This process is running with CompressedOops enabled, and the Java Heap may be blocking the growth of the native heap
# Possible solutions:
#   Reduce memory load on the system
#   Increase physical memory or swap space
#   Check if swap backing store is full
#   Decrease Java heap size (-Xmx/-Xms)
#   Decrease number of Java threads
#   Decrease Java thread stack sizes (-Xss)
#   Set larger code cache with -XX:ReservedCodeCacheSize=
#   JVM is running with Unscaled Compressed Oops mode in which the Java heap is
#     placed in the first 4GB address space. The Java Heap base address is the
#     maximum limit for the native heap growth. Please use -XX:HeapBaseMinAddress
#     to set the Java Heap base and to place the Java Heap above 4GB virtual address.
# This output file may be truncated or incomplete.
#
#  Out of Memory Error (arena.cpp:168), pid=25288, tid=17416
#
# JRE version: OpenJDK Runtime Environment Temurin-21.0.11+10 (21.0.11+10) (build 21.0.11+10-LTS)
# Java VM: OpenJDK 64-Bit Server VM Temurin-21.0.11+10 (21.0.11+10-LTS, mixed mode, sharing, tiered, compressed oops, compressed class ptrs, parallel gc, windows-amd64)
# No core dump will be written. Minidumps are not enabled by default on client versions of Windows
#

---------------  S U M M A R Y ------------

Command Line: --add-modules=ALL-SYSTEM --add-opens=java.base/java.util=ALL-UNNAMED --add-opens=java.base/java.lang=ALL-UNNAMED --add-opens=java.base/sun.nio.fs=ALL-UNNAMED -Declipse.application=org.eclipse.jdt.ls.core.id1 -Dosgi.bundles.defaultStartLevel=4 -Declipse.product=org.eclipse.jdt.ls.core.product -Djava.import.generatesMetadataFilesAtProjectRoot=false -DDetectVMInstallationsJob.disabled=true -Dfile.encoding=utf8 -XX:+UseParallelGC -XX:GCTimeRatio=4 -XX:AdaptiveSizePolicyWeight=90 -Dsun.zip.disableMemoryMapping=true -Xmx2G -Xms100m -Xlog:disable -javaagent:c:\Users\chara\.vscode\extensions\redhat.java-1.55.0-win32-x64\lombok\lombok-1.18.39-4050.jar -XX:+HeapDumpOnOutOfMemoryError -XX:HeapDumpPath=c:\Users\chara\AppData\Roaming\Code\User\workspaceStorage\a199417ad5ca6d0e7220fd05dc3a5e19\redhat.java -Daether.dependencyCollector.impl=bf c:\Users\chara\.vscode\extensions\redhat.java-1.55.0-win32-x64\server\plugins\org.eclipse.equinox.launcher_1.7.200.v20260619-2039.jar -configuration c:\Users\chara\AppData\Roaming\Code\User\globalStorage\redhat.java\1.55.0\config_win -data c:\Users\chara\AppData\Roaming\Code\User\workspaceStorage\a199417ad5ca6d0e7220fd05dc3a5e19\redhat.java\jdt_ws --pipe=\\.\pipe\lsp-1939e19641fd86c803a9a14ae6585d6a-sock

Host: 13th Gen Intel(R) Core(TM) i5-1335U, 12 cores, 15G,  Windows 11 , 64 bit Build 26100 (10.0.26100.8521)
Time: Sat Jun 27 17:49:30 2026 India Standard Time elapsed time: 12.809994 seconds (0d 0h 0m 12s)

---------------  T H R E A D  ---------------

Current thread (0x000001e5e418f850):  JavaThread "C2 CompilerThread2" daemon [_thread_in_native, id=17416, stack(0x0000001890e00000,0x0000001890f00000) (1024K)]


Current CompileTask:
C2:12810 4130   !   4       org.eclipse.osgi.internal.loader.classpath.ClasspathManager::findClassImpl (328 bytes)

Stack: [0x0000001890e00000,0x0000001890f00000]
Native frames: (J=compiled Java code, j=interpreted, Vv=VM code, C=native code)
V  [jvm.dll+0x6d7e19]
V  [jvm.dll+0x8b5096]
V  [jvm.dll+0x8b764e]
V  [jvm.dll+0x8b7d33]
V  [jvm.dll+0x284596]
V  [jvm.dll+0xc685d]
V  [jvm.dll+0xc6da1]
V  [jvm.dll+0x3bed31]
V  [jvm.dll+0x38b2b2]
V  [jvm.dll+0x38a6fa]
V  [jvm.dll+0x24c700]
V  [jvm.dll+0x24bce0]
V  [jvm.dll+0x1cb4ae]
V  [jvm.dll+0x25baad]
V  [jvm.dll+0x25a03a]
V  [jvm.dll+0x3f868e]
V  [jvm.dll+0x85fb0d]
V  [jvm.dll+0x6d664d]
C  [ucrtbase.dll+0x2cd30]
C  [KERNEL32.DLL+0x2e957]
C  [ntdll.dll+0x87c1c]


---------------  P R O C E S S  ---------------

Threads class SMR info:
_java_thread_list=0x000001e5e469ff40, length=28, elements={
0x000001e58a31ff90, 0x000001e58a3c5390, 0x000001e58a3c5f90, 0x000001e58a3c81d0,
0x000001e58a3cad40, 0x000001e58a3cb7a0, 0x000001e58a3cc200, 0x000001e58a3cefa0,
0x000001e5e317eb10, 0x000001e5e3365aa0, 0x000001e5e34fd1e0, 0x000001e5e422e250,
0x000001e5e46a8d30, 0x000001e5e921f500, 0x000001e5e922e9e0, 0x000001e5e9638e20,
0x000001e5e9a02f70, 0x000001e5e994a600, 0x000001e5e91bef30, 0x000001e5e91bf5c0,
0x000001e5e91be8a0, 0x000001e5e416f9d0, 0x000001e5e91bce60, 0x000001e5e91bfc50,
0x000001e5e418f850, 0x000001e5e91bc7d0, 0x000001e5e91bd4f0, 0x000001e5e91bdb80
}

Java Threads: ( => current thread )
  0x000001e58a31ff90 JavaThread "main"                              [_thread_in_native, id=38748, stack(0x000000188ea00000,0x000000188eb00000) (1024K)]
  0x000001e58a3c5390 JavaThread "Reference Handler"          daemon [_thread_blocked, id=21480, stack(0x000000188ee00000,0x000000188ef00000) (1024K)]
  0x000001e58a3c5f90 JavaThread "Finalizer"                  daemon [_thread_blocked, id=39016, stack(0x000000188ef00000,0x000000188f000000) (1024K)]
  0x000001e58a3c81d0 JavaThread "Signal Dispatcher"          daemon [_thread_blocked, id=40496, stack(0x000000188f000000,0x000000188f100000) (1024K)]
  0x000001e58a3cad40 JavaThread "Attach Listener"            daemon [_thread_blocked, id=37944, stack(0x000000188f100000,0x000000188f200000) (1024K)]
  0x000001e58a3cb7a0 JavaThread "Service Thread"             daemon [_thread_blocked, id=41384, stack(0x000000188f200000,0x000000188f300000) (1024K)]
  0x000001e58a3cc200 JavaThread "Monitor Deflation Thread"   daemon [_thread_blocked, id=24920, stack(0x000000188f300000,0x000000188f400000) (1024K)]
  0x000001e58a3cefa0 JavaThread "C2 CompilerThread0"         daemon [_thread_in_native, id=34688, stack(0x000000188f400000,0x000000188f500000) (1024K)]
  0x000001e5e317eb10 JavaThread "C1 CompilerThread0"         daemon [_thread_blocked, id=42412, stack(0x000000188f500000,0x000000188f600000) (1024K)]
  0x000001e5e3365aa0 JavaThread "Common-Cleaner"             daemon [_thread_blocked, id=15536, stack(0x000000188f600000,0x000000188f700000) (1024K)]
  0x000001e5e34fd1e0 JavaThread "Notification Thread"        daemon [_thread_blocked, id=43696, stack(0x000000188f800000,0x000000188f900000) (1024K)]
  0x000001e5e422e250 JavaThread "Active Thread: Equinox Container: 9c39795c-4bdb-42bb-8f3e-6234e35823f4"        [_thread_blocked, id=43580, stack(0x0000001890000000,0x0000001890100000) (1024K)]
  0x000001e5e46a8d30 JavaThread "Refresh Thread: Equinox Container: 9c39795c-4bdb-42bb-8f3e-6234e35823f4" daemon [_thread_blocked, id=26092, stack(0x0000001890100000,0x0000001890200000) (1024K)]
  0x000001e5e921f500 JavaThread "Framework Event Dispatcher: Equinox Container: 9c39795c-4bdb-42bb-8f3e-6234e35823f4" daemon [_thread_blocked, id=43992, stack(0x0000001890300000,0x0000001890400000) (1024K)]
  0x000001e5e922e9e0 JavaThread "Start Level: Equinox Container: 9c39795c-4bdb-42bb-8f3e-6234e35823f4" daemon [_thread_blocked, id=32872, stack(0x0000001890400000,0x0000001890500000) (1024K)]
  0x000001e5e9638e20 JavaThread "Bundle File Closer"         daemon [_thread_blocked, id=17824, stack(0x0000001890700000,0x0000001890800000) (1024K)]
  0x000001e5e9a02f70 JavaThread "SCR Component Actor"        daemon [_thread_blocked, id=28628, stack(0x0000001890800000,0x0000001890900000) (1024K)]
  0x000001e5e994a600 JavaThread "Worker-JM"                         [_thread_blocked, id=19020, stack(0x0000001890900000,0x0000001890a00000) (1024K)]
  0x000001e5e91bef30 JavaThread "JNA Cleaner"                daemon [_thread_blocked, id=29168, stack(0x000000188f700000,0x000000188f800000) (1024K)]
  0x000001e5e91bf5c0 JavaThread "Worker-0: Repository registry initialization"        [_thread_in_native, id=41444, stack(0x000000188f900000,0x000000188fa00000) (1024K)]
  0x000001e5e91be8a0 JavaThread "Worker-1: Updating Maven Dependencies"        [_thread_blocked, id=34228, stack(0x0000001890a00000,0x0000001890b00000) (1024K)]
  0x000001e5e416f9d0 JavaThread "C2 CompilerThread1"         daemon [_thread_in_native, id=31124, stack(0x0000001890b00000,0x0000001890c00000) (1024K)]
  0x000001e5e91bce60 JavaThread "Java indexing"              daemon [_thread_blocked, id=31492, stack(0x0000001890c00000,0x0000001890d00000) (1024K)]
  0x000001e5e91bfc50 JavaThread "Worker-2: Loading available Gradle versions"        [_thread_in_Java, id=36668, stack(0x0000001890d00000,0x0000001890e00000) (1024K)]
=>0x000001e5e418f850 JavaThread "C2 CompilerThread2"         daemon [_thread_in_native, id=17416, stack(0x0000001890e00000,0x0000001890f00000) (1024K)]
  0x000001e5e91bc7d0 JavaThread "Worker-3: Initialize After Load"        [_thread_in_native, id=22484, stack(0x0000001890f00000,0x0000001891000000) (1024K)]
  0x000001e5e91bd4f0 JavaThread "Worker-4"                          [_thread_blocked, id=33712, stack(0x0000001891200000,0x0000001891300000) (1024K)]
  0x000001e5e91bdb80 JavaThread "Worker-5"                          [_thread_blocked, id=41804, stack(0x0000001891300000,0x0000001891400000) (1024K)]
Total: 28

Other Threads:
  0x000001e58a3c08b0 VMThread "VM Thread"                           [id=39244, stack(0x000000188ed00000,0x000000188ee00000) (1024K)]
  0x000001e58a1aca00 WatcherThread "VM Periodic Task Thread"        [id=40996, stack(0x000000188ec00000,0x000000188ed00000) (1024K)]
  0x000001e58a33d700 WorkerThread "GC Thread#0"                     [id=35708, stack(0x000000188eb00000,0x000000188ec00000) (1024K)]
  0x000001e5e46b12a0 WorkerThread "GC Thread#1"                     [id=41480, stack(0x000000188fa00000,0x000000188fb00000) (1024K)]
  0x000001e5e454ee10 WorkerThread "GC Thread#2"                     [id=39124, stack(0x000000188fb00000,0x000000188fc00000) (1024K)]
  0x000001e5e454f1c0 WorkerThread "GC Thread#3"                     [id=43376, stack(0x000000188fc00000,0x000000188fd00000) (1024K)]
  0x000001e5e9000080 WorkerThread "GC Thread#4"                     [id=42220, stack(0x000000188fd00000,0x000000188fe00000) (1024K)]
  0x000001e5e9000430 WorkerThread "GC Thread#5"                     [id=43356, stack(0x000000188fe00000,0x000000188ff00000) (1024K)]
  0x000001e5e90007e0 WorkerThread "GC Thread#6"                     [id=41236, stack(0x000000188ff00000,0x0000001890000000) (1024K)]
  0x000001e5e43a7ea0 WorkerThread "GC Thread#7"                     [id=30964, stack(0x0000001890200000,0x0000001890300000) (1024K)]
  0x000001e5e900baa0 WorkerThread "GC Thread#8"                     [id=25272, stack(0x0000001890500000,0x0000001890600000) (1024K)]
  0x000001e5e924b0a0 WorkerThread "GC Thread#9"                     [id=24764, stack(0x0000001890600000,0x0000001890700000) (1024K)]
Total: 12

Threads with active compile tasks:
C2 CompilerThread0  12897 4248       4       org.eclipse.osgi.internal.serviceregistry.ServiceRegistry::notifyHooksPrivileged (57 bytes)
C2 CompilerThread1  12897 4273       4       org.eclipse.osgi.internal.loader.BundleLoader::addExportedProvidersFor (167 bytes)
C2 CompilerThread2  12897 4130   !   4       org.eclipse.osgi.internal.loader.classpath.ClasspathManager::findClassImpl (328 bytes)
Total: 3

VM state: not at safepoint (normal execution)

VM Mutex/Monitor currently owned by a thread: None

Heap address: 0x0000000080000000, size: 2048 MB, Compressed Oops mode: 32-bit

CDS archive(s) mapped at: [0x000001e5a1000000-0x000001e5a1ba0000-0x000001e5a1ba0000), size 12189696, SharedBaseAddress: 0x000001e5a1000000, ArchiveRelocationMode: 1.
Compressed class space mapped at: 0x000001e5a2000000-0x000001e5e2000000, reserved size: 1073741824
Narrow klass base: 0x000001e5a1000000, Narrow klass shift: 0, Narrow klass range: 0x100000000

GC Precious Log:
 CardTable entry size: 512
 CPUs: 12 total, 12 available
 Memory: 16067M
 Large Page Support: Disabled
 NUMA Support: Disabled
 Compressed Oops: Enabled (32-bit)
 Alignments: Space 512K, Generation 512K, Heap 2M
 Heap Min Capacity: 100M
 Heap Initial Capacity: 100M
 Heap Max Capacity: 2G
 Pre-touch: Disabled
 Parallel Workers: 10

Heap:
 PSYoungGen      total 24576K, used 14912K [0x00000000d5580000, 0x00000000d7200000, 0x0000000100000000)
  eden space 22528K, 59% used [0x00000000d5580000,0x00000000d627bf80,0x00000000d6b80000)
  from space 2048K, 78% used [0x00000000d6f80000,0x00000000d71143b8,0x00000000d7180000)
  to   space 512K, 0% used [0x00000000d7180000,0x00000000d7180000,0x00000000d7200000)
 ParOldGen       total 68608K, used 17343K [0x0000000080000000, 0x0000000084300000, 0x00000000d5580000)
  object space 68608K, 25% used [0x0000000080000000,0x00000000810efc40,0x0000000084300000)
 Metaspace       used 33488K, committed 34560K, reserved 1114112K
  class space    used 3439K, committed 3904K, reserved 1048576K

Card table byte_map: [0x000001e589cc0000,0x000001e58a0d0000] _byte_map_base: 0x000001e5898c0000

Marking Bits: (ParMarkBitMap*) 0x00007fff6e844460
 Begin Bits: [0x000001e59c7d0000, 0x000001e59e7d0000)
 End Bits:   [0x000001e59e7d0000, 0x000001e5a07d0000)

Polling page: 0x000001e588150000

Metaspace:

Usage:
  Non-class:     29.35 MB used.
      Class:      3.36 MB used.
       Both:     32.70 MB used.

Virtual space:
  Non-class space:       64.00 MB reserved,      29.94 MB ( 47%) committed,  1 nodes.
      Class space:        1.00 GB reserved,       3.81 MB ( <1%) committed,  1 nodes.
             Both:        1.06 GB reserved,      33.75 MB (  3%) committed. 

Chunk freelists:
   Non-Class:  2.03 MB
       Class:  12.03 MB
        Both:  14.05 MB

MaxMetaspaceSize: unlimited
CompressedClassSpaceSize: 1.00 GB
Initial GC threshold: 21.00 MB
Current GC threshold: 35.00 MB
CDS: on
 - commit_granule_bytes: 65536.
 - commit_granule_words: 8192.
 - virtual_space_node_default_size: 8388608.
 - enlarge_chunks_in_place: 1.
 - use_allocation_guard: 0.


Internal statistics:

num_allocs_failed_limit: 3.
num_arena_births: 772.
num_arena_deaths: 14.
num_vsnodes_births: 2.
num_vsnodes_deaths: 0.
num_space_committed: 540.
num_space_uncommitted: 0.
num_chunks_returned_to_freelist: 17.
num_chunks_taken_from_freelist: 2174.
num_chunk_merges: 7.
num_chunk_splits: 1377.
num_chunks_enlarged: 840.
num_inconsistent_stats: 0.

CodeHeap 'non-profiled nmethods': size=120000Kb used=2039Kb max_used=2039Kb free=117961Kb
 bounds [0x000001e594ff0000, 0x000001e595260000, 0x000001e59c520000]
CodeHeap 'profiled nmethods': size=120000Kb used=9051Kb max_used=9051Kb free=110948Kb
 bounds [0x000001e58d520000, 0x000001e58de00000, 0x000001e594a50000]
CodeHeap 'non-nmethods': size=5760Kb used=1354Kb max_used=1382Kb free=4405Kb
 bounds [0x000001e594a50000, 0x000001e594cc0000, 0x000001e594ff0000]
CodeCache: size=245760Kb, used=12444Kb, max_used=12472Kb, free=233314Kb
 total_blobs=4963, nmethods=4313, adapters=556, full_count=0
Compilation: enabled, stopped_count=0, restarted_count=0

Compilation events (20 events):
Event: 9.712 Thread 0x000001e5e317eb10 4309       3       org.eclipse.core.runtime.Path::lastSegment (22 bytes)
Event: 9.712 Thread 0x000001e5e317eb10 nmethod 4309 0x000001e58ddef490 code [0x000001e58ddef640, 0x000001e58ddef800]
Event: 9.712 Thread 0x000001e5e317eb10 4306       3       java.lang.invoke.MethodHandle::asFixedArity (23 bytes)
Event: 9.713 Thread 0x000001e5e317eb10 nmethod 4306 0x000001e58ddef910 code [0x000001e58ddefaa0, 0x000001e58ddefbc0]
Event: 9.713 Thread 0x000001e5e317eb10 4311       3       java.security.Provider$UString::<init> (21 bytes)
Event: 9.714 Thread 0x000001e5e317eb10 nmethod 4311 0x000001e58ddefc90 code [0x000001e58ddefe80, 0x000001e58ddf0230]
Event: 9.714 Thread 0x000001e5e317eb10 4312       3       java.security.Provider$Service::<init> (200 bytes)
Event: 9.716 Thread 0x000001e5e317eb10 nmethod 4312 0x000001e58ddf0390 code [0x000001e58ddf06e0, 0x000001e58ddf1df8]
Event: 9.717 Thread 0x000001e5e317eb10 4313       3       java.util.Collections$EmptyMap::entrySet (4 bytes)
Event: 9.718 Thread 0x000001e5e317eb10 nmethod 4313 0x000001e58ddf2510 code [0x000001e58ddf26c0, 0x000001e58ddf2830]
Event: 9.719 Thread 0x000001e5e317eb10 4310       1       sun.security.util.KnownOIDs::aliases (5 bytes)
Event: 9.719 Thread 0x000001e5e317eb10 nmethod 4310 0x000001e5951ed010 code [0x000001e5951ed1a0, 0x000001e5951ed268]
Event: 9.724 Thread 0x000001e5e317eb10 4314       3       sun.nio.fs.WindowsFileAttributes::fromFileAttributeData (104 bytes)
Event: 9.725 Thread 0x000001e5e317eb10 nmethod 4314 0x000001e58ddf2910 code [0x000001e58ddf2b00, 0x000001e58ddf2fa8]
Event: 9.739 Thread 0x000001e5e317eb10 4315       3       org.osgi.util.tracker.ServiceTracker::getService (33 bytes)
Event: 9.740 Thread 0x000001e5e317eb10 nmethod 4315 0x000001e58ddf3210 code [0x000001e58ddf3400, 0x000001e58ddf3a98]
Event: 9.745 Thread 0x000001e5e317eb10 4316       1       java.lang.ThreadLocal::initialValue (2 bytes)
Event: 9.745 Thread 0x000001e5e317eb10 nmethod 4316 0x000001e5951ed310 code [0x000001e5951ed4a0, 0x000001e5951ed570]
Event: 9.756 Thread 0x000001e5e317eb10 4317       3       java.lang.Character::toUpperCase (9 bytes)
Event: 9.757 Thread 0x000001e5e317eb10 nmethod 4317 0x000001e58ddf3d10 code [0x000001e58ddf3ec0, 0x000001e58ddf40b8]

GC Heap History (20 events):
Event: 4.846 GC heap before
{Heap before GC invocations=3 (full 0):
 PSYoungGen      total 29696K, used 29686K [0x00000000d5580000, 0x00000000d7680000, 0x0000000100000000)
  eden space 25600K, 99% used [0x00000000d5580000,0x00000000d6e7fff0,0x00000000d6e80000)
  from space 4096K, 99% used [0x00000000d7280000,0x00000000d767d810,0x00000000d7680000)
  to   space 4096K, 0% used [0x00000000d6e80000,0x00000000d6e80000,0x00000000d7280000)
 ParOldGen       total 68608K, used 1644K [0x0000000080000000, 0x0000000084300000, 0x00000000d5580000)
  object space 68608K, 2% used [0x0000000080000000,0x000000008019b1a8,0x0000000084300000)
 Metaspace       used 9438K, committed 9728K, reserved 1114112K
  class space    used 1012K, committed 1152K, reserved 1048576K
}
Event: 4.853 GC heap after
{Heap after GC invocations=3 (full 0):
 PSYoungGen      total 29696K, used 4077K [0x00000000d5580000, 0x00000000d7680000, 0x0000000100000000)
  eden space 25600K, 0% used [0x00000000d5580000,0x00000000d5580000,0x00000000d6e80000)
  from space 4096K, 99% used [0x00000000d6e80000,0x00000000d727b488,0x00000000d7280000)
  to   space 4096K, 0% used [0x00000000d7280000,0x00000000d7280000,0x00000000d7680000)
 ParOldGen       total 68608K, used 4987K [0x0000000080000000, 0x0000000084300000, 0x00000000d5580000)
  object space 68608K, 7% used [0x0000000080000000,0x00000000804dee88,0x0000000084300000)
 Metaspace       used 9438K, committed 9728K, reserved 1114112K
  class space    used 1012K, committed 1152K, reserved 1048576K
}
Event: 5.475 GC heap before
{Heap before GC invocations=4 (full 0):
 PSYoungGen      total 29696K, used 29677K [0x00000000d5580000, 0x00000000d7680000, 0x0000000100000000)
  eden space 25600K, 100% used [0x00000000d5580000,0x00000000d6e80000,0x00000000d6e80000)
  from space 4096K, 99% used [0x00000000d6e80000,0x00000000d727b488,0x00000000d7280000)
  to   space 4096K, 0% used [0x00000000d7280000,0x00000000d7280000,0x00000000d7680000)
 ParOldGen       total 68608K, used 4987K [0x0000000080000000, 0x0000000084300000, 0x00000000d5580000)
  object space 68608K, 7% used [0x0000000080000000,0x00000000804dee88,0x0000000084300000)
 Metaspace       used 12337K, committed 12736K, reserved 1114112K
  class space    used 1301K, committed 1472K, reserved 1048576K
}
Event: 5.481 GC heap after
{Heap after GC invocations=4 (full 0):
 PSYoungGen      total 29696K, used 4067K [0x00000000d5580000, 0x00000000d7680000, 0x0000000100000000)
  eden space 25600K, 0% used [0x00000000d5580000,0x00000000d5580000,0x00000000d6e80000)
  from space 4096K, 99% used [0x00000000d7280000,0x00000000d7678fe0,0x00000000d7680000)
  to   space 4096K, 0% used [0x00000000d6e80000,0x00000000d6e80000,0x00000000d7280000)
 ParOldGen       total 68608K, used 7831K [0x0000000080000000, 0x0000000084300000, 0x00000000d5580000)
  object space 68608K, 11% used [0x0000000080000000,0x00000000807a5c20,0x0000000084300000)
 Metaspace       used 12337K, committed 12736K, reserved 1114112K
  class space    used 1301K, committed 1472K, reserved 1048576K
}
Event: 6.158 GC heap before
{Heap before GC invocations=5 (full 0):
 PSYoungGen      total 29696K, used 29667K [0x00000000d5580000, 0x00000000d7680000, 0x0000000100000000)
  eden space 25600K, 100% used [0x00000000d5580000,0x00000000d6e80000,0x00000000d6e80000)
  from space 4096K, 99% used [0x00000000d7280000,0x00000000d7678fe0,0x00000000d7680000)
  to   space 4096K, 0% used [0x00000000d6e80000,0x00000000d6e80000,0x00000000d7280000)
 ParOldGen       total 68608K, used 7831K [0x0000000080000000, 0x0000000084300000, 0x00000000d5580000)
  object space 68608K, 11% used [0x0000000080000000,0x00000000807a5c20,0x0000000084300000)
 Metaspace       used 16329K, committed 17024K, reserved 1114112K
  class space    used 1684K, committed 1984K, reserved 1048576K
}
Event: 6.162 GC heap after
{Heap after GC invocations=5 (full 0):
 PSYoungGen      total 29184K, used 4094K [0x00000000d5580000, 0x00000000d7a00000, 0x0000000100000000)
  eden space 25088K, 0% used [0x00000000d5580000,0x00000000d5580000,0x00000000d6e00000)
  from space 4096K, 99% used [0x00000000d6e80000,0x00000000d727fa00,0x00000000d7280000)
  to   space 6144K, 0% used [0x00000000d7400000,0x00000000d7400000,0x00000000d7a00000)
 ParOldGen       total 68608K, used 9019K [0x0000000080000000, 0x0000000084300000, 0x00000000d5580000)
  object space 68608K, 13% used [0x0000000080000000,0x00000000808cee80,0x0000000084300000)
 Metaspace       used 16329K, committed 17024K, reserved 1114112K
  class space    used 1684K, committed 1984K, reserved 1048576K
}
Event: 6.842 GC heap before
{Heap before GC invocations=6 (full 0):
 PSYoungGen      total 29184K, used 29182K [0x00000000d5580000, 0x00000000d7a00000, 0x0000000100000000)
  eden space 25088K, 100% used [0x00000000d5580000,0x00000000d6e00000,0x00000000d6e00000)
  from space 4096K, 99% used [0x00000000d6e80000,0x00000000d727fa00,0x00000000d7280000)
  to   space 6144K, 0% used [0x00000000d7400000,0x00000000d7400000,0x00000000d7a00000)
 ParOldGen       total 68608K, used 9019K [0x0000000080000000, 0x0000000084300000, 0x00000000d5580000)
  object space 68608K, 13% used [0x0000000080000000,0x00000000808cee80,0x0000000084300000)
 Metaspace       used 19095K, committed 19904K, reserved 1114112K
  class space    used 2015K, committed 2304K, reserved 1048576K
}
Event: 6.846 GC heap after
{Heap after GC invocations=6 (full 0):
 PSYoungGen      total 30208K, used 5285K [0x00000000d5580000, 0x00000000d7980000, 0x0000000100000000)
  eden space 24576K, 0% used [0x00000000d5580000,0x00000000d5580000,0x00000000d6d80000)
  from space 5632K, 93% used [0x00000000d7400000,0x00000000d7929438,0x00000000d7980000)
  to   space 5632K, 0% used [0x00000000d6e80000,0x00000000d6e80000,0x00000000d7400000)
 ParOldGen       total 68608K, used 9027K [0x0000000080000000, 0x0000000084300000, 0x00000000d5580000)
  object space 68608K, 13% used [0x0000000080000000,0x00000000808d0e80,0x0000000084300000)
 Metaspace       used 19095K, committed 19904K, reserved 1114112K
  class space    used 2015K, committed 2304K, reserved 1048576K
}
Event: 7.130 GC heap before
{Heap before GC invocations=7 (full 0):
 PSYoungGen      total 30208K, used 20657K [0x00000000d5580000, 0x00000000d7980000, 0x0000000100000000)
  eden space 24576K, 62% used [0x00000000d5580000,0x00000000d64833b8,0x00000000d6d80000)
  from space 5632K, 93% used [0x00000000d7400000,0x00000000d7929438,0x00000000d7980000)
  to   space 5632K, 0% used [0x00000000d6e80000,0x00000000d6e80000,0x00000000d7400000)
 ParOldGen       total 68608K, used 9027K [0x0000000080000000, 0x0000000084300000, 0x00000000d5580000)
  object space 68608K, 13% used [0x0000000080000000,0x00000000808d0e80,0x0000000084300000)
 Metaspace       used 20676K, committed 21504K, reserved 1114112K
  class space    used 2198K, committed 2560K, reserved 1048576K
}
Event: 7.134 GC heap after
{Heap after GC invocations=7 (full 0):
 PSYoungGen      total 29184K, used 4470K [0x00000000d5580000, 0x00000000d7780000, 0x0000000100000000)
  eden space 24576K, 0% used [0x00000000d5580000,0x00000000d5580000,0x00000000d6d80000)
  from space 4608K, 97% used [0x00000000d6e80000,0x00000000d72ddb38,0x00000000d7300000)
  to   space 4608K, 0% used [0x00000000d7300000,0x00000000d7300000,0x00000000d7780000)
 ParOldGen       total 68608K, used 10254K [0x0000000080000000, 0x0000000084300000, 0x00000000d5580000)
  object space 68608K, 14% used [0x0000000080000000,0x0000000080a03920,0x0000000084300000)
 Metaspace       used 20676K, committed 21504K, reserved 1114112K
  class space    used 2198K, committed 2560K, reserved 1048576K
}
Event: 7.134 GC heap before
{Heap before GC invocations=8 (full 1):
 PSYoungGen      total 29184K, used 4470K [0x00000000d5580000, 0x00000000d7780000, 0x0000000100000000)
  eden space 24576K, 0% used [0x00000000d5580000,0x00000000d5580000,0x00000000d6d80000)
  from space 4608K, 97% used [0x00000000d6e80000,0x00000000d72ddb38,0x00000000d7300000)
  to   space 4608K, 0% used [0x00000000d7300000,0x00000000d7300000,0x00000000d7780000)
 ParOldGen       total 68608K, used 10254K [0x0000000080000000, 0x0000000084300000, 0x00000000d5580000)
  object space 68608K, 14% used [0x0000000080000000,0x0000000080a03920,0x0000000084300000)
 Metaspace       used 20676K, committed 21504K, reserved 1114112K
  class space    used 2198K, committed 2560K, reserved 1048576K
}
Event: 7.172 GC heap after
{Heap after GC invocations=8 (full 1):
 PSYoungGen      total 29184K, used 0K [0x00000000d5580000, 0x00000000d7780000, 0x0000000100000000)
  eden space 24576K, 0% used [0x00000000d5580000,0x00000000d5580000,0x00000000d6d80000)
  from space 4608K, 0% used [0x00000000d6e80000,0x00000000d6e80000,0x00000000d7300000)
  to   space 4608K, 0% used [0x00000000d7300000,0x00000000d7300000,0x00000000d7780000)
 ParOldGen       total 68608K, used 14110K [0x0000000080000000, 0x0000000084300000, 0x00000000d5580000)
  object space 68608K, 20% used [0x0000000080000000,0x0000000080dc7970,0x0000000084300000)
 Metaspace       used 20663K, committed 21504K, reserved 1114112K
  class space    used 2194K, committed 2560K, reserved 1048576K
}
Event: 7.464 GC heap before
{Heap before GC invocations=9 (full 1):
 PSYoungGen      total 29184K, used 24465K [0x00000000d5580000, 0x00000000d7780000, 0x0000000100000000)
  eden space 24576K, 99% used [0x00000000d5580000,0x00000000d6d64430,0x00000000d6d80000)
  from space 4608K, 0% used [0x00000000d6e80000,0x00000000d6e80000,0x00000000d7300000)
  to   space 4608K, 0% used [0x00000000d7300000,0x00000000d7300000,0x00000000d7780000)
 ParOldGen       total 68608K, used 14110K [0x0000000080000000, 0x0000000084300000, 0x00000000d5580000)
  object space 68608K, 20% used [0x0000000080000000,0x0000000080dc7970,0x0000000084300000)
 Metaspace       used 23105K, committed 23936K, reserved 1114112K
  class space    used 2363K, committed 2752K, reserved 1048576K
}
Event: 7.466 GC heap after
{Heap after GC invocations=9 (full 1):
 PSYoungGen      total 25088K, used 594K [0x00000000d5580000, 0x00000000d7400000, 0x0000000100000000)
  eden space 24064K, 0% used [0x00000000d5580000,0x00000000d5580000,0x00000000d6d00000)
  from space 1024K, 58% used [0x00000000d7300000,0x00000000d7394ad0,0x00000000d7400000)
  to   space 2560K, 0% used [0x00000000d6f00000,0x00000000d6f00000,0x00000000d7180000)
 ParOldGen       total 68608K, used 14110K [0x0000000080000000, 0x0000000084300000, 0x00000000d5580000)
  object space 68608K, 20% used [0x0000000080000000,0x0000000080dc7970,0x0000000084300000)
 Metaspace       used 23105K, committed 23936K, reserved 1114112K
  class space    used 2363K, committed 2752K, reserved 1048576K
}
Event: 7.833 GC heap before
{Heap before GC invocations=10 (full 1):
 PSYoungGen      total 25088K, used 24658K [0x00000000d5580000, 0x00000000d7400000, 0x0000000100000000)
  eden space 24064K, 100% used [0x00000000d5580000,0x00000000d6d00000,0x00000000d6d00000)
  from space 1024K, 58% used [0x00000000d7300000,0x00000000d7394ad0,0x00000000d7400000)
  to   space 2560K, 0% used [0x00000000d6f00000,0x00000000d6f00000,0x00000000d7180000)
 ParOldGen       total 68608K, used 14110K [0x0000000080000000, 0x0000000084300000, 0x00000000d5580000)
  object space 68608K, 20% used [0x0000000080000000,0x0000000080dc7970,0x0000000084300000)
 Metaspace       used 26548K, committed 27392K, reserved 1114112K
  class space    used 2619K, committed 3008K, reserved 1048576K
}
Event: 7.834 GC heap after
{Heap after GC invocations=10 (full 1):
 PSYoungGen      total 26112K, used 2248K [0x00000000d5580000, 0x00000000d7380000, 0x0000000100000000)
  eden space 23552K, 0% used [0x00000000d5580000,0x00000000d5580000,0x00000000d6c80000)
  from space 2560K, 87% used [0x00000000d6f00000,0x00000000d71322b0,0x00000000d7180000)
  to   space 2048K, 0% used [0x00000000d7180000,0x00000000d7180000,0x00000000d7380000)
 ParOldGen       total 68608K, used 14110K [0x0000000080000000, 0x0000000084300000, 0x00000000d5580000)
  object space 68608K, 20% used [0x0000000080000000,0x0000000080dc7970,0x0000000084300000)
 Metaspace       used 26548K, committed 27392K, reserved 1114112K
  class space    used 2619K, committed 3008K, reserved 1048576K
}
Event: 8.137 GC heap before
{Heap before GC invocations=11 (full 1):
 PSYoungGen      total 26112K, used 25800K [0x00000000d5580000, 0x00000000d7380000, 0x0000000100000000)
  eden space 23552K, 100% used [0x00000000d5580000,0x00000000d6c80000,0x00000000d6c80000)
  from space 2560K, 87% used [0x00000000d6f00000,0x00000000d71322b0,0x00000000d7180000)
  to   space 2048K, 0% used [0x00000000d7180000,0x00000000d7180000,0x00000000d7380000)
 ParOldGen       total 68608K, used 14110K [0x0000000080000000, 0x0000000084300000, 0x00000000d5580000)
  object space 68608K, 20% used [0x0000000080000000,0x0000000080dc7970,0x0000000084300000)
 Metaspace       used 28284K, committed 29184K, reserved 1114112K
  class space    used 2795K, committed 3200K, reserved 1048576K
}
Event: 8.140 GC heap after
{Heap after GC invocations=11 (full 1):
 PSYoungGen      total 25088K, used 1665K [0x00000000d5580000, 0x00000000d7380000, 0x0000000100000000)
  eden space 23040K, 0% used [0x00000000d5580000,0x00000000d5580000,0x00000000d6c00000)
  from space 2048K, 81% used [0x00000000d7180000,0x00000000d73205b8,0x00000000d7380000)
  to   space 2048K, 0% used [0x00000000d6f80000,0x00000000d6f80000,0x00000000d7180000)
 ParOldGen       total 68608K, used 15848K [0x0000000080000000, 0x0000000084300000, 0x00000000d5580000)
  object space 68608K, 23% used [0x0000000080000000,0x0000000080f7a390,0x0000000084300000)
 Metaspace       used 28284K, committed 29184K, reserved 1114112K
  class space    used 2795K, committed 3200K, reserved 1048576K
}
Event: 8.516 GC heap before
{Heap before GC invocations=12 (full 1):
 PSYoungGen      total 25088K, used 24705K [0x00000000d5580000, 0x00000000d7380000, 0x0000000100000000)
  eden space 23040K, 100% used [0x00000000d5580000,0x00000000d6c00000,0x00000000d6c00000)
  from space 2048K, 81% used [0x00000000d7180000,0x00000000d73205b8,0x00000000d7380000)
  to   space 2048K, 0% used [0x00000000d6f80000,0x00000000d6f80000,0x00000000d7180000)
 ParOldGen       total 68608K, used 15848K [0x0000000080000000, 0x0000000084300000, 0x00000000d5580000)
  object space 68608K, 23% used [0x0000000080000000,0x0000000080f7a390,0x0000000084300000)
 Metaspace       used 31689K, committed 32640K, reserved 1114112K
  class space    used 3214K, committed 3648K, reserved 1048576K
}
Event: 8.519 GC heap after
{Heap after GC invocations=12 (full 1):
 PSYoungGen      total 24576K, used 1616K [0x00000000d5580000, 0x00000000d7200000, 0x0000000100000000)
  eden space 22528K, 0% used [0x00000000d5580000,0x00000000d5580000,0x00000000d6b80000)
  from space 2048K, 78% used [0x00000000d6f80000,0x00000000d71143b8,0x00000000d7180000)
  to   space 512K, 0% used [0x00000000d7180000,0x00000000d7180000,0x00000000d7200000)
 ParOldGen       total 68608K, used 17343K [0x0000000080000000, 0x0000000084300000, 0x00000000d5580000)
  object space 68608K, 25% used [0x0000000080000000,0x00000000810efc40,0x0000000084300000)
 Metaspace       used 31689K, committed 32640K, reserved 1114112K
  class space    used 3214K, committed 3648K, reserved 1048576K
}

Dll operation events (10 events):
Event: 0.021 Loaded shared library c:\Users\chara\.vscode\extensions\redhat.java-1.55.0-win32-x64\jre\21.0.11-win32-x86_64\bin\java.dll
Event: 0.168 Loaded shared library c:\Users\chara\.vscode\extensions\redhat.java-1.55.0-win32-x64\jre\21.0.11-win32-x86_64\bin\zip.dll
Event: 0.207 Loaded shared library C:\Users\chara\.vscode\extensions\redhat.java-1.55.0-win32-x64\jre\21.0.11-win32-x86_64\bin\instrument.dll
Event: 0.218 Loaded shared library C:\Users\chara\.vscode\extensions\redhat.java-1.55.0-win32-x64\jre\21.0.11-win32-x86_64\bin\net.dll
Event: 0.222 Loaded shared library C:\Users\chara\.vscode\extensions\redhat.java-1.55.0-win32-x64\jre\21.0.11-win32-x86_64\bin\nio.dll
Event: 0.226 Loaded shared library C:\Users\chara\.vscode\extensions\redhat.java-1.55.0-win32-x64\jre\21.0.11-win32-x86_64\bin\zip.dll
Event: 0.264 Loaded shared library C:\Users\chara\.vscode\extensions\redhat.java-1.55.0-win32-x64\jre\21.0.11-win32-x86_64\bin\jimage.dll
Event: 0.445 Loaded shared library c:\Users\chara\.vscode\extensions\redhat.java-1.55.0-win32-x64\jre\21.0.11-win32-x86_64\bin\verify.dll
Event: 4.351 Loaded shared library C:\Users\chara\AppData\Roaming\Code\User\globalStorage\redhat.java\1.55.0\config_win\org.eclipse.equinox.launcher\org.eclipse.equinox.launcher.win32.win32.x86_64_1.3.100.v20260613-0559\eclipse_11924.dll
Event: 6.306 Loaded shared library C:\Users\chara\AppData\Local\Temp\jna-94623691\jna15586634849206298268.dll

Deoptimization events (20 events):
Event: 8.447 Thread 0x000001e5e922e9e0 DEOPT PACKING pc=0x000001e595054344 sp=0x00000018904fba80
Event: 8.447 Thread 0x000001e5e922e9e0 DEOPT UNPACKING pc=0x000001e594aa3aa2 sp=0x00000018904fb9e0 mode 2
Event: 8.462 Thread 0x000001e5e922e9e0 Uncommon trap: trap_request=0xffffff45 fr.pc=0x000001e59510cce8 relative=0x0000000000000388
Event: 8.462 Thread 0x000001e5e922e9e0 Uncommon trap: reason=unstable_if action=reinterpret pc=0x000001e59510cce8 method=java.lang.Integer.parseInt(Ljava/lang/String;I)I @ 119 c2
Event: 8.462 Thread 0x000001e5e922e9e0 DEOPT PACKING pc=0x000001e59510cce8 sp=0x00000018904fc8f0
Event: 8.462 Thread 0x000001e5e922e9e0 DEOPT UNPACKING pc=0x000001e594aa3aa2 sp=0x00000018904fc858 mode 2
Event: 8.490 Thread 0x000001e5e922e9e0 Uncommon trap: trap_request=0xffffff45 fr.pc=0x000001e595176ba8 relative=0x0000000000000ba8
Event: 8.490 Thread 0x000001e5e922e9e0 Uncommon trap: reason=unstable_if action=reinterpret pc=0x000001e595176ba8 method=java.util.concurrent.ConcurrentHashMap.transfer([Ljava/util/concurrent/ConcurrentHashMap$Node;[Ljava/util/concurrent/ConcurrentHashMap$Node;)V @ 26 c2
Event: 8.490 Thread 0x000001e5e922e9e0 DEOPT PACKING pc=0x000001e595176ba8 sp=0x00000018904fba30
Event: 8.490 Thread 0x000001e5e922e9e0 DEOPT UNPACKING pc=0x000001e594aa3aa2 sp=0x00000018904fb990 mode 2
Event: 9.679 Thread 0x000001e58a31ff90 Uncommon trap: trap_request=0xffffff45 fr.pc=0x000001e5951c7a2c relative=0x00000000000015ac
Event: 9.679 Thread 0x000001e58a31ff90 Uncommon trap: reason=unstable_if action=reinterpret pc=0x000001e5951c7a2c method=java.util.Properties.loadConvert([CIILjava/lang/StringBuilder;)Ljava/lang/String; @ 477 c2
Event: 9.680 Thread 0x000001e58a31ff90 DEOPT PACKING pc=0x000001e5951c7a2c sp=0x000000188eaf97b0
Event: 9.680 Thread 0x000001e58a31ff90 DEOPT UNPACKING pc=0x000001e594aa3aa2 sp=0x000000188eaf97a0 mode 2
Event: 9.690 Thread 0x000001e5e91bfc50 Uncommon trap: trap_request=0xffffff45 fr.pc=0x000001e5951e6730 relative=0x0000000000000610
Event: 9.690 Thread 0x000001e5e91bfc50 Uncommon trap: reason=unstable_if action=reinterpret pc=0x000001e5951e6730 method=java.util.HashMap.putVal(ILjava/lang/Object;Ljava/lang/Object;ZZ)Ljava/lang/Object; @ 236 c2
Event: 9.690 Thread 0x000001e5e91bfc50 DEOPT PACKING pc=0x000001e5951e6730 sp=0x0000001890dfc4f0
Event: 9.690 Thread 0x000001e5e91bfc50 DEOPT UNPACKING pc=0x000001e594aa3aa2 sp=0x0000001890dfc468 mode 2
Event: 9.714 Thread 0x000001e5e91bfc50 DEOPT PACKING pc=0x000001e58ddcb856 sp=0x0000001890dfbe40
Event: 9.714 Thread 0x000001e5e91bfc50 DEOPT UNPACKING pc=0x000001e594aa4242 sp=0x0000001890dfb350 mode 0

Classes loaded (20 events):
Event: 9.715 Loading class javax/crypto/JceSecurity
Event: 9.716 Loading class javax/crypto/JceSecurity done
Event: 9.716 Loading class javax/crypto/JceSecurity$1
Event: 9.717 Loading class javax/crypto/JceSecurity$1 done
Event: 9.724 Loading class sun/nio/fs/WindowsException
Event: 9.724 Loading class sun/nio/fs/WindowsException done
Event: 9.725 Loading class sun/nio/fs/Globs
Event: 9.726 Loading class sun/nio/fs/Globs done
Event: 9.726 Loading class java/util/regex/Pattern$SliceU
Event: 9.726 Loading class java/util/regex/Pattern$SliceU done
Event: 9.727 Loading class sun/nio/fs/WindowsFileSystem$2
Event: 9.728 Loading class java/nio/file/PathMatcher
Event: 9.728 Loading class java/nio/file/PathMatcher done
Event: 9.728 Loading class sun/nio/fs/WindowsFileSystem$2 done
Event: 9.729 Loading class java/nio/file/Files$1
Event: 9.729 Loading class java/nio/file/Files$1 done
Event: 9.756 Loading class java/lang/ProcessHandle
Event: 10.774 Loading class java/lang/ProcessHandle done
Event: 11.805 Loading class java/lang/ProcessHandleImpl
Event: 11.808 Loading class javax/crypto/CryptoPermissions

Classes unloaded (7 events):
Event: 7.141 Thread 0x000001e58a3c08b0 Unloading class 0x000001e5a21aa800 'java/lang/invoke/LambdaForm$MH+0x000001e5a21aa800'
Event: 7.141 Thread 0x000001e58a3c08b0 Unloading class 0x000001e5a21aa400 'java/lang/invoke/LambdaForm$MH+0x000001e5a21aa400'
Event: 7.141 Thread 0x000001e58a3c08b0 Unloading class 0x000001e5a21aa000 'java/lang/invoke/LambdaForm$MH+0x000001e5a21aa000'
Event: 7.141 Thread 0x000001e58a3c08b0 Unloading class 0x000001e5a21a9c00 'java/lang/invoke/LambdaForm$MH+0x000001e5a21a9c00'
Event: 7.141 Thread 0x000001e58a3c08b0 Unloading class 0x000001e5a21a9800 'java/lang/invoke/LambdaForm$BMH+0x000001e5a21a9800'
Event: 7.141 Thread 0x000001e58a3c08b0 Unloading class 0x000001e5a21a9400 'java/lang/invoke/LambdaForm$DMH+0x000001e5a21a9400'
Event: 7.141 Thread 0x000001e58a3c08b0 Unloading class 0x000001e5a21a8000 'java/lang/invoke/LambdaForm$DMH+0x000001e5a21a8000'

Classes redefined (0 events):
No events

Internal exceptions (20 events):
Event: 8.110 Thread 0x000001e5e91be8a0 Exception <a 'java/lang/NoSuchMethodError'{0x00000000d6b387a8}: 'int java.lang.invoke.DirectMethodHandle$Holder.invokeVirtual(java.lang.Object, java.lang.Object, java.lang.Object)'> (0x00000000d6b387a8) 
thrown [s\src\hotspot\share\interpreter\linkResolver.cpp, line 773]
Event: 8.111 Thread 0x000001e5e91be8a0 Exception <a 'java/lang/NoSuchMethodError'{0x00000000d6b3ca80}: 'int java.lang.invoke.DirectMethodHandle$Holder.invokeStaticInit(java.lang.Object, int, int)'> (0x00000000d6b3ca80) 
thrown [s\src\hotspot\share\interpreter\linkResolver.cpp, line 773]
Event: 8.112 Thread 0x000001e5e91be8a0 Exception <a 'java/lang/NoSuchMethodError'{0x00000000d6b441d8}: 'int java.lang.invoke.DirectMethodHandle$Holder.invokeStaticInit(java.lang.Object, long, long)'> (0x00000000d6b441d8) 
thrown [s\src\hotspot\share\interpreter\linkResolver.cpp, line 773]
Event: 8.112 Thread 0x000001e5e91be8a0 Exception <a 'java/lang/NoSuchMethodError'{0x00000000d6b4b118}: 'int java.lang.invoke.DirectMethodHandle$Holder.invokeStaticInit(java.lang.Object, float, float)'> (0x00000000d6b4b118) 
thrown [s\src\hotspot\share\interpreter\linkResolver.cpp, line 773]
Event: 8.113 Thread 0x000001e5e91be8a0 Exception <a 'java/lang/NoSuchMethodError'{0x00000000d6b51df8}: 'int java.lang.invoke.DirectMethodHandle$Holder.invokeStaticInit(java.lang.Object, double, double)'> (0x00000000d6b51df8) 
thrown [s\src\hotspot\share\interpreter\linkResolver.cpp, line 773]
Event: 8.114 Thread 0x000001e5e91be8a0 Exception <a 'java/lang/NoSuchMethodError'{0x00000000d6b56618}: 'int java.lang.invoke.DirectMethodHandle$Holder.invokeStatic(java.lang.Object, long)'> (0x00000000d6b56618) 
thrown [s\src\hotspot\share\interpreter\linkResolver.cpp, line 773]
Event: 8.119 Thread 0x000001e5e91bf5c0 Exception <a 'java/lang/NoSuchMethodError'{0x00000000d6b82270}: 'int java.lang.invoke.Invokers$Holder.linkToTargetMethod(java.lang.Object, java.lang.Object)'> (0x00000000d6b82270) 
thrown [s\src\hotspot\share\interpreter\linkResolver.cpp, line 773]
Event: 8.119 Thread 0x000001e5e91be8a0 Exception <a 'java/lang/NoSuchMethodError'{0x00000000d6b7ace8}: 'int java.lang.invoke.Invokers$Holder.linkToTargetMethod(java.lang.Object, java.lang.Object)'> (0x00000000d6b7ace8) 
thrown [s\src\hotspot\share\interpreter\linkResolver.cpp, line 773]
Event: 8.121 Thread 0x000001e5e91be8a0 Exception <a 'java/lang/NoSuchMethodError'{0x00000000d6b8f608}: 'int java.lang.invoke.DirectMethodHandle$Holder.invokeSpecial(java.lang.Object, java.lang.Object, java.lang.Object, java.lang.Object)'> (0x00000000d6b8f608) 
thrown [s\src\hotspot\share\interpreter\linkResolver.cpp, line 773]
Event: 8.124 Thread 0x000001e5e91be8a0 Exception <a 'java/lang/NoSuchMethodError'{0x00000000d6ba4058}: 'java.lang.Object java.lang.invoke.DirectMethodHandle$Holder.invokeStatic(java.lang.Object, int, java.lang.Object, java.lang.Object)'> (0x00000000d6ba4058) 
thrown [s\src\hotspot\share\interpreter\linkResolver.cpp, line 773]
Event: 8.124 Thread 0x000001e5e91be8a0 Exception <a 'java/lang/NoSuchMethodError'{0x00000000d6baae08}: 'java.lang.Object java.lang.invoke.DelegatingMethodHandle$Holder.delegate(java.lang.Object, int, java.lang.Object, java.lang.Object)'> (0x00000000d6baae08) 
thrown [s\src\hotspot\share\interpreter\linkResolver.cpp, line 773]
Event: 8.128 Thread 0x000001e5e91be8a0 Exception <a 'java/lang/NoSuchMethodError'{0x00000000d6c4af28}: 'int java.lang.invoke.Invokers$Holder.linkToTargetMethod(java.lang.Object, java.lang.Object, java.lang.Object)'> (0x00000000d6c4af28) 
thrown [s\src\hotspot\share\interpreter\linkResolver.cpp, line 773]
Event: 8.193 Thread 0x000001e5e91bf5c0 Exception <a 'java/lang/NoSuchMethodError'{0x00000000d5868b80}: 'java.lang.Object java.lang.invoke.DirectMethodHandle$Holder.invokeSpecialIFC(java.lang.Object, java.lang.Object, java.lang.Object, java.lang.Object)'> (0x00000000d5868b80) 
thrown [s\src\hotspot\share\interpreter\linkResolver.cpp, line 773]
Event: 8.279 Thread 0x000001e5e922e9e0 Exception <a 'java/lang/ClassNotFoundException'{0x00000000d5d49898}: com/sun/org/apache/xml/internal/serializer/spi/XMLEntitiesProvider> (0x00000000d5d49898) 
thrown [s\src\hotspot\share\classfile\systemDictionary.cpp, line 313]
Event: 8.419 Thread 0x000001e5e922e9e0 Exception <a 'java/io/FileNotFoundException'{0x00000000d65c1490}> (0x00000000d65c1490) 
thrown [s\src\hotspot\share\prims\jni.cpp, line 520]
Event: 8.455 Thread 0x000001e5e922e9e0 Exception <a 'java/lang/UnsatisfiedLinkError'{0x00000000d683e4b0}: The specified procedure could not be found.
> (0x00000000d683e4b0) 
thrown [s\src\hotspot\share\prims\jni.cpp, line 539]
Event: 8.461 Thread 0x000001e5e922e9e0 Exception <a 'java/io/FileNotFoundException'{0x00000000d6856288}> (0x00000000d6856288) 
thrown [s\src\hotspot\share\prims\jni.cpp, line 520]
Event: 8.480 Thread 0x000001e5e922e9e0 Exception <a 'java/io/FileNotFoundException'{0x00000000d69a6378}> (0x00000000d69a6378) 
thrown [s\src\hotspot\share\prims\jni.cpp, line 520]
Event: 8.492 Thread 0x000001e5e922e9e0 Exception <a 'java/lang/UnsatisfiedLinkError'{0x00000000d6a5c370}: The specified procedure could not be found.
> (0x00000000d6a5c370) 
thrown [s\src\hotspot\share\prims\jni.cpp, line 539]
Event: 9.725 Thread 0x000001e5e91bfc50 Exception <a 'sun/nio/fs/WindowsException'{0x00000000d5fbf9a8}> (0x00000000d5fbf9a8) 
thrown [s\src\hotspot\share\prims\jni.cpp, line 520]

ZGC Phase Switch (0 events):
No events

VM Operations (20 events):
Event: 8.132 Executing non-safepoint VM operation: HandshakeAllThreads (Deoptimize)
Event: 8.134 Executing non-safepoint VM operation: HandshakeAllThreads (Deoptimize) done
Event: 8.137 Executing safepoint VM operation: ParallelGCFailedAllocation (Allocation Failure)
Event: 8.140 Executing safepoint VM operation: ParallelGCFailedAllocation (Allocation Failure) done
Event: 8.151 Executing non-safepoint VM operation: HandshakeAllThreads (Deoptimize)
Event: 8.151 Executing non-safepoint VM operation: HandshakeAllThreads (Deoptimize) done
Event: 8.277 Executing non-safepoint VM operation: HandshakeAllThreads (Deoptimize)
Event: 8.277 Executing non-safepoint VM operation: HandshakeAllThreads (Deoptimize) done
Event: 8.319 Executing non-safepoint VM operation: HandshakeAllThreads (Deoptimize)
Event: 8.319 Executing non-safepoint VM operation: HandshakeAllThreads (Deoptimize) done
Event: 8.515 Executing safepoint VM operation: ParallelGCFailedAllocation (Allocation Failure)
Event: 8.519 Executing safepoint VM operation: ParallelGCFailedAllocation (Allocation Failure) done
Event: 9.602 Executing non-safepoint VM operation: HandshakeAllThreads (Deoptimize)
Event: 9.609 Executing non-safepoint VM operation: HandshakeAllThreads (Deoptimize) done
Event: 9.609 Executing safepoint VM operation: Cleanup
Event: 9.625 Executing safepoint VM operation: Cleanup done
Event: 10.638 Executing safepoint VM operation: Cleanup
Event: 10.779 Executing safepoint VM operation: Cleanup done
Event: 11.788 Executing safepoint VM operation: Cleanup
Event: 11.804 Executing safepoint VM operation: Cleanup done

Memory protections (0 events):
No events

Nmethod flushes (0 events):
No events

Events (20 events):
Event: 4.346 Thread 0x000001e58a31ff90 Thread added: 0x000001e5e46a8d30
Event: 4.414 Thread 0x000001e5e46a8d30 Thread added: 0x000001e5e921f500
Event: 4.421 Thread 0x000001e58a31ff90 Thread added: 0x000001e5e922e9e0
Event: 4.922 Thread 0x000001e5e922e9e0 Thread added: 0x000001e5e9638e20
Event: 5.149 Thread 0x000001e5e922e9e0 Thread added: 0x000001e5e9a02f70
Event: 5.782 Thread 0x000001e5e922e9e0 Thread added: 0x000001e5e994a600
Event: 6.311 Thread 0x000001e5e346e960 Thread exited: 0x000001e5e346e960
Event: 6.325 Thread 0x000001e5e33bdba0 Thread exited: 0x000001e5e33bdba0
Event: 6.346 Thread 0x000001e5e922e9e0 Thread added: 0x000001e5e91bef30
Event: 6.413 Thread 0x000001e5e922e9e0 Thread added: 0x000001e5e91bf5c0
Event: 6.446 Thread 0x000001e5e922e9e0 Thread added: 0x000001e5e91be8a0
Event: 6.572 Thread 0x000001e5e317eb10 Thread added: 0x000001e5e4374490
Event: 7.200 Thread 0x000001e5e4374490 Thread exited: 0x000001e5e4374490
Event: 7.358 Thread 0x000001e5e317eb10 Thread added: 0x000001e5e416f9d0
Event: 8.077 Thread 0x000001e5e922e9e0 Thread added: 0x000001e5e91bce60
Event: 8.078 Thread 0x000001e5e91be8a0 Thread added: 0x000001e5e91bfc50
Event: 8.120 Thread 0x000001e5e317eb10 Thread added: 0x000001e5e418f850
Event: 8.307 Thread 0x000001e5e91bfc50 Thread added: 0x000001e5e91bc7d0
Event: 8.538 Thread 0x000001e5e91bfc50 Thread added: 0x000001e5e91bd4f0
Event: 9.738 Thread 0x000001e5e91bd4f0 Thread added: 0x000001e5e91bdb80


Dynamic libraries:
0x00007ff700570000 - 0x00007ff70057e000 	c:\Users\chara\.vscode\extensions\redhat.java-1.55.0-win32-x64\jre\21.0.11-win32-x86_64\bin\java.exe
0x00007ff8041c0000 - 0x00007ff804426000 	C:\Windows\SYSTEM32\ntdll.dll
0x00007ff802760000 - 0x00007ff802829000 	C:\Windows\System32\KERNEL32.DLL
0x00007ff8017c0000 - 0x00007ff801bba000 	C:\Windows\System32\KERNELBASE.dll
0x00007ff801670000 - 0x00007ff8017bc000 	C:\Windows\System32\ucrtbase.dll
0x00007ffff7540000 - 0x00007ffff7558000 	c:\Users\chara\.vscode\extensions\redhat.java-1.55.0-win32-x64\jre\21.0.11-win32-x86_64\bin\jli.dll
0x00007ff802ff0000 - 0x00007ff8031b7000 	C:\Windows\System32\USER32.dll
0x00007ff801bc0000 - 0x00007ff801be7000 	C:\Windows\System32\win32u.dll
0x00007ff802670000 - 0x00007ff80269b000 	C:\Windows\System32\GDI32.dll
0x00007ff801e00000 - 0x00007ff801f2b000 	C:\Windows\System32\gdi32full.dll
0x00007ff801500000 - 0x00007ff8015a3000 	C:\Windows\System32\msvcp_win.dll
0x00007ffff7560000 - 0x00007ffff757e000 	c:\Users\chara\.vscode\extensions\redhat.java-1.55.0-win32-x64\jre\21.0.11-win32-x86_64\bin\VCRUNTIME140.dll
0x00007fffef7a0000 - 0x00007fffefa32000 	C:\Windows\WinSxS\amd64_microsoft.windows.common-controls_6595b64144ccf1df_6.0.26100.8521_none_3e08b75ce33403b3\COMCTL32.dll
0x00007ff803c00000 - 0x00007ff803ca9000 	C:\Windows\System32\msvcrt.dll
0x00007ff803f50000 - 0x00007ff803f82000 	C:\Windows\System32\IMM32.DLL
0x00007ffff81c0000 - 0x00007ffff81cc000 	c:\Users\chara\.vscode\extensions\redhat.java-1.55.0-win32-x64\jre\21.0.11-win32-x86_64\bin\vcruntime140_1.dll
0x00007fffd9400000 - 0x00007fffd948d000 	c:\Users\chara\.vscode\extensions\redhat.java-1.55.0-win32-x64\jre\21.0.11-win32-x86_64\bin\msvcp140.dll
0x00007fff6db80000 - 0x00007fff6e922000 	c:\Users\chara\.vscode\extensions\redhat.java-1.55.0-win32-x64\jre\21.0.11-win32-x86_64\bin\server\jvm.dll
0x00007ff8026a0000 - 0x00007ff802756000 	C:\Windows\System32\ADVAPI32.dll
0x00007ff801f30000 - 0x00007ff801fda000 	C:\Windows\System32\sechost.dll
0x00007ff803cb0000 - 0x00007ff803dc8000 	C:\Windows\System32\RPCRT4.dll
0x00007ff803390000 - 0x00007ff803410000 	C:\Windows\System32\WS2_32.dll
0x00007ffff0270000 - 0x00007ffff02a6000 	C:\Windows\SYSTEM32\WINMM.dll
0x00007ff8012d0000 - 0x00007ff80132e000 	C:\Windows\SYSTEM32\POWRPROF.dll
0x00007ffffdca0000 - 0x00007ffffdcab000 	C:\Windows\SYSTEM32\VERSION.dll
0x00007ff8012b0000 - 0x00007ff8012c4000 	C:\Windows\SYSTEM32\UMPDC.dll
0x00007ff800140000 - 0x00007ff80015b000 	C:\Windows\SYSTEM32\kernel.appcore.dll
0x00007ffff7d10000 - 0x00007ffff7d1a000 	c:\Users\chara\.vscode\extensions\redhat.java-1.55.0-win32-x64\jre\21.0.11-win32-x86_64\bin\jimage.dll
0x00007ffffebb0000 - 0x00007ffffedf2000 	C:\Windows\SYSTEM32\DBGHELP.DLL
0x00007ff801fe0000 - 0x00007ff802363000 	C:\Windows\System32\combase.dll
0x00007ff8031c0000 - 0x00007ff803299000 	C:\Windows\System32\OLEAUT32.dll
0x00007fffefa40000 - 0x00007fffefa7b000 	C:\Windows\SYSTEM32\dbgcore.DLL
0x00007ff801450000 - 0x00007ff8014f8000 	C:\Windows\System32\bcryptPrimitives.dll
0x00007ffff21b0000 - 0x00007ffff21bf000 	c:\Users\chara\.vscode\extensions\redhat.java-1.55.0-win32-x64\jre\21.0.11-win32-x86_64\bin\instrument.dll
0x00007fffdc040000 - 0x00007fffdc060000 	c:\Users\chara\.vscode\extensions\redhat.java-1.55.0-win32-x64\jre\21.0.11-win32-x86_64\bin\java.dll
0x00007ff803470000 - 0x00007ff803bf4000 	C:\Windows\System32\SHELL32.dll
0x00007ffffefd0000 - 0x00007fffff850000 	C:\Windows\SYSTEM32\windows.storage.dll
0x00007ff802470000 - 0x00007ff802566000 	C:\Windows\System32\SHCORE.dll
0x00007ff802f40000 - 0x00007ff802fa7000 	C:\Windows\System32\shlwapi.dll
0x00007ff801370000 - 0x00007ff801399000 	C:\Windows\SYSTEM32\profapi.dll
0x00007fffdbfd0000 - 0x00007fffdbfe8000 	c:\Users\chara\.vscode\extensions\redhat.java-1.55.0-win32-x64\jre\21.0.11-win32-x86_64\bin\zip.dll
0x00007ffff21a0000 - 0x00007ffff21b0000 	C:\Users\chara\.vscode\extensions\redhat.java-1.55.0-win32-x64\jre\21.0.11-win32-x86_64\bin\net.dll
0x00007ffffa7c0000 - 0x00007ffffa8e9000 	C:\Windows\SYSTEM32\WINHTTP.dll
0x00007ff800750000 - 0x00007ff8007bc000 	C:\Windows\system32\mswsock.dll
0x00007fffdbfb0000 - 0x00007fffdbfc6000 	C:\Users\chara\.vscode\extensions\redhat.java-1.55.0-win32-x64\jre\21.0.11-win32-x86_64\bin\nio.dll
0x00007ffff2170000 - 0x00007ffff2180000 	c:\Users\chara\.vscode\extensions\redhat.java-1.55.0-win32-x64\jre\21.0.11-win32-x86_64\bin\verify.dll
0x00007ffff74b0000 - 0x00007ffff74f5000 	C:\Users\chara\AppData\Roaming\Code\User\globalStorage\redhat.java\1.55.0\config_win\org.eclipse.equinox.launcher\org.eclipse.equinox.launcher.win32.win32.x86_64_1.3.100.v20260613-0559\eclipse_11924.dll
0x00007ff802d80000 - 0x00007ff802f18000 	C:\Windows\System32\ole32.dll
0x00007ff800a30000 - 0x00007ff800a4b000 	C:\Windows\SYSTEM32\CRYPTSP.dll
0x00007ff800160000 - 0x00007ff800199000 	C:\Windows\system32\rsaenh.dll
0x00007ff800800000 - 0x00007ff800833000 	C:\Windows\SYSTEM32\USERENV.dll
0x00007ff801340000 - 0x00007ff80136a000 	C:\Windows\SYSTEM32\bcrypt.dll
0x00007ff800a50000 - 0x00007ff800a5c000 	C:\Windows\SYSTEM32\CRYPTBASE.dll
0x00007fffffb90000 - 0x00007fffffbc3000 	C:\Windows\SYSTEM32\IPHLPAPI.DLL
0x00007ff803f30000 - 0x00007ff803f3a000 	C:\Windows\System32\NSI.dll
0x00007fffcf340000 - 0x00007fffcf389000 	C:\Users\chara\AppData\Local\Temp\jna-94623691\jna15586634849206298268.dll
0x00007ff802fb0000 - 0x00007ff802fb8000 	C:\Windows\System32\PSAPI.DLL
0x00007ffffac40000 - 0x00007ffffac5d000 	C:\Windows\SYSTEM32\dhcpcsvc6.DLL
0x00007ffffa940000 - 0x00007ffffa965000 	C:\Windows\SYSTEM32\dhcpcsvc.DLL

JVMTI agents:
c:\Users\chara\.vscode\extensions\redhat.java-1.55.0-win32-x64\lombok\lombok-1.18.39-4050.jar path:c:\Users\chara\.vscode\extensions\redhat.java-1.55.0-win32-x64\jre\21.0.11-win32-x86_64\bin\instrument.dll, loaded, initialized, instrumentlib options:none

dbghelp: loaded successfully - version: 4.0.5 - missing functions: none
symbol engine: initialized successfully - sym options: 0x614 - pdb path: .;c:\Users\chara\.vscode\extensions\redhat.java-1.55.0-win32-x64\jre\21.0.11-win32-x86_64\bin;C:\Windows\SYSTEM32;C:\Windows\WinSxS\amd64_microsoft.windows.common-controls_6595b64144ccf1df_6.0.26100.8521_none_3e08b75ce33403b3;c:\Users\chara\.vscode\extensions\redhat.java-1.55.0-win32-x64\jre\21.0.11-win32-x86_64\bin\server;C:\Users\chara\AppData\Roaming\Code\User\globalStorage\redhat.java\1.55.0\config_win\org.eclipse.equinox.launcher\org.eclipse.equinox.launcher.win32.win32.x86_64_1.3.100.v20260613-0559;C:\Users\chara\AppData\Local\Temp\jna-94623691

VM Arguments:
jvm_args: --add-modules=ALL-SYSTEM --add-opens=java.base/java.util=ALL-UNNAMED --add-opens=java.base/java.lang=ALL-UNNAMED --add-opens=java.base/sun.nio.fs=ALL-UNNAMED -Declipse.application=org.eclipse.jdt.ls.core.id1 -Dosgi.bundles.defaultStartLevel=4 -Declipse.product=org.eclipse.jdt.ls.core.product -Djava.import.generatesMetadataFilesAtProjectRoot=false -DDetectVMInstallationsJob.disabled=true -Dfile.encoding=utf8 -XX:+UseParallelGC -XX:GCTimeRatio=4 -XX:AdaptiveSizePolicyWeight=90 -Dsun.zip.disableMemoryMapping=true -Xmx2G -Xms100m -Xlog:disable -javaagent:c:\Users\chara\.vscode\extensions\redhat.java-1.55.0-win32-x64\lombok\lombok-1.18.39-4050.jar -XX:+HeapDumpOnOutOfMemoryError -XX:HeapDumpPath=c:\Users\chara\AppData\Roaming\Code\User\workspaceStorage\a199417ad5ca6d0e7220fd05dc3a5e19\redhat.java -Daether.dependencyCollector.impl=bf 
java_command: c:\Users\chara\.vscode\extensions\redhat.java-1.55.0-win32-x64\server\plugins\org.eclipse.equinox.launcher_1.7.200.v20260619-2039.jar -configuration c:\Users\chara\AppData\Roaming\Code\User\globalStorage\redhat.java\1.55.0\config_win -data c:\Users\chara\AppData\Roaming\Code\User\workspaceStorage\a199417ad5ca6d0e7220fd05dc3a5e19\redhat.java\jdt_ws --pipe=\\.\pipe\lsp-1939e19641fd86c803a9a14ae6585d6a-sock
java_class_path (initial): c:\Users\chara\.vscode\extensions\redhat.java-1.55.0-win32-x64\server\plugins\org.eclipse.equinox.launcher_1.7.200.v20260619-2039.jar
Launcher Type: SUN_STANDARD

[Global flags]
    uintx AdaptiveSizePolicyWeight                 = 90                                        {product} {command line}
     intx CICompilerCount                          = 4                                         {product} {ergonomic}
    uintx GCTimeRatio                              = 4                                         {product} {command line}
     bool HeapDumpOnOutOfMemoryError               = true                                   {manageable} {command line}
    ccstr HeapDumpPath                             = c:\Users\chara\AppData\Roaming\Code\User\workspaceStorage\a199417ad5ca6d0e7220fd05dc3a5e19\redhat.java         {manageable} {command line}
   size_t InitialHeapSize                          = 104857600                                 {product} {command line}
   size_t MaxHeapSize                              = 2147483648                                {product} {command line}
   size_t MaxNewSize                               = 715653120                                 {product} {ergonomic}
   size_t MinHeapDeltaBytes                        = 524288                                    {product} {ergonomic}
   size_t MinHeapSize                              = 104857600                                 {product} {command line}
   size_t NewSize                                  = 34603008                                  {product} {ergonomic}
    uintx NonNMethodCodeHeapSize                   = 5839372                                {pd product} {ergonomic}
    uintx NonProfiledCodeHeapSize                  = 122909434                              {pd product} {ergonomic}
   size_t OldSize                                  = 70254592                                  {product} {ergonomic}
    uintx ProfiledCodeHeapSize                     = 122909434                              {pd product} {ergonomic}
    uintx ReservedCodeCacheSize                    = 251658240                              {pd product} {ergonomic}
     bool SegmentedCodeCache                       = true                                      {product} {ergonomic}
   size_t SoftMaxHeapSize                          = 2147483648                             {manageable} {ergonomic}
     bool UseCompressedOops                        = true                           {product lp64_product} {ergonomic}
     bool UseLargePagesIndividualAllocation        = false                                  {pd product} {ergonomic}
     bool UseParallelGC                            = true                                      {product} {command line}

Logging:
Log output configuration:
 #0: stdout all=off uptime,level,tags foldmultilines=false
 #1: stderr all=off uptime,level,tags foldmultilines=false

Release file:
JAVA_VERSION="21.0.11" 
MODULES="java.base java.compiler java.datatransfer java.xml java.prefs java.desktop java.instrument java.logging java.management java.security.sasl java.naming java.rmi java.management.rmi java.net.http java.scripting java.security.jgss java.transaction.xa java.sql java.sql.rowset java.xml.crypto java.se java.smartcardio jdk.accessibility jdk.internal.jvmstat jdk.attach jdk.charsets jdk.internal.opt jdk.zipfs jdk.compiler jdk.crypto.ec jdk.crypto.cryptoki jdk.crypto.mscapi jdk.dynalink jdk.internal.ed jdk.editpad jdk.hotspot.agent jdk.httpserver jdk.internal.le jdk.internal.vm.ci jdk.internal.vm.compiler jdk.internal.vm.compiler.management jdk.jartool jdk.javadoc jdk.jcmd jdk.management jdk.management.agent jdk.jconsole jdk.jdeps jdk.jdwp.agent jdk.jdi jdk.jfr jdk.jshell jdk.jsobject jdk.jstatd jdk.localedata jdk.management.jfr jdk.naming.dns jdk.naming.rmi jdk.net jdk.nio.mapmode jdk.random jdk.sctp jdk.security.auth jdk.security.jgss jdk.unsupported jdk.unsupported.desktop jdk.xml.dom" 

Environment Variables:
PATH=D:\Program Files\Eclipse Adoptium\jdk-25.0.2.10-hotspot\bin;C:\Python313\Scripts\;C:\Python313\;C:\Windows\system32;C:\Windows;C:\Windows\System32\Wbem;C:\Windows\System32\WindowsPowerShell\v1.0\;C:\Windows\System32\OpenSSH\;C:\Program Files\dotnet\;C:\Program Files\Microsoft SQL Server\150\Tools\Binn\;C:\Program Files\Microsoft SQL Server\Client SDK\ODBC\170\Tools\Binn\;C:\Program Files (x86)\Microsoft SQL Server\160\Tools\Binn\;C:\Program Files\Microsoft SQL Server\160\Tools\Binn\;C:\Program Files\Microsoft SQL Server\160\DTS\Binn\;C:\Program Files\Git\cmd;C:\Program Files\nodejs\;C:\ProgramData\chocolatey\bin;D:\Program Files\Eclipse Adoptium\jdk-25.0.2.10-hotspot\bin;C:\Users\chara\AppData\Local\Microsoft\WindowsApps;C:\Users\chara\.dotnet\tools;C:\Users\chara\AppData\Local\Programs\Microsoft VS Code\bin;C:\Program Files\MongoDB\Server\8.0\bin;D:\Wipro_Practice\MongoDB;C:\Users\chara\AppData\Roaming\npm;C:\Program Files\nodejs;C:\Users\chara\AppData\Local\GitHubDesktop\bin;
USERNAME=chara
OS=Windows_NT
PROCESSOR_IDENTIFIER=Intel64 Family 6 Model 186 Stepping 3, GenuineIntel
TMP=C:\Users\chara\AppData\Local\Temp
TEMP=C:\Users\chara\AppData\Local\Temp




Periodic native trim disabled

---------------  S Y S T E M  ---------------

OS:
 Windows 11 , 64 bit Build 26100 (10.0.26100.8521)
OS uptime: 3 days 3:28 hours
Hyper-V role detected

CPU: total 12 (initial active 12) (6 cores per cpu, 2 threads per core) family 6 model 186 stepping 3 microcode 0x411f, cx8, cmov, fxsr, ht, mmx, 3dnowpref, sse, sse2, sse3, ssse3, sse4.1, sse4.2, popcnt, lzcnt, tsc, tscinvbit, avx, avx2, aes, erms, clmul, bmi1, bmi2, adx, sha, fma, vzeroupper, clflush, clflushopt, clwb, hv, serialize, rdtscp, rdpid, fsrm, f16c, cet_ibt, cet_ss
Processor Information for processor 0
  Max Mhz: 1300, Current Mhz: 1300, Mhz Limit: 1300
Processor Information for processor 1
  Max Mhz: 1300, Current Mhz: 1300, Mhz Limit: 1300
Processor Information for processor 2
  Max Mhz: 1300, Current Mhz: 1300, Mhz Limit: 1300
Processor Information for processor 3
  Max Mhz: 1300, Current Mhz: 1300, Mhz Limit: 1300
Processor Information for processor 4
  Max Mhz: 1300, Current Mhz: 900, Mhz Limit: 897
Processor Information for processor 5
  Max Mhz: 1300, Current Mhz: 900, Mhz Limit: 897
Processor Information for processor 6
  Max Mhz: 1300, Current Mhz: 900, Mhz Limit: 897
Processor Information for processor 7
  Max Mhz: 1300, Current Mhz: 900, Mhz Limit: 897
Processor Information for processor 8
  Max Mhz: 1300, Current Mhz: 900, Mhz Limit: 897
Processor Information for processor 9
  Max Mhz: 1300, Current Mhz: 900, Mhz Limit: 897
Processor Information for processor 10
  Max Mhz: 1300, Current Mhz: 900, Mhz Limit: 897
Processor Information for processor 11
  Max Mhz: 1300, Current Mhz: 900, Mhz Limit: 897

Memory: 4k page, system-wide physical 16067M (2006M free)
TotalPageFile size 37229M (AvailPageFile size 292M)
current process WorkingSet (physical memory assigned to process): 184M, peak: 189M
current process commit charge ("private bytes"): 314M, peak: 320M

vm_info: OpenJDK 64-Bit Server VM (21.0.11+10-LTS) for windows-amd64 JRE (21.0.11+10-LTS), built on 2026-04-21T00:00:00Z by "admin" with MS VC++ 17.12 (VS2022)

END.
